{"/app/mvp-ssot/backend/neo4j_connector.js": {"path":"/app/mvp-ssot/backend/neo4j_connector.js","statementMap":{"0":{"start":{"line":1,"column":14},"end":{"line":1,"column":37}},"1":{"start":{"line":5,"column":8},"end":{"line":5,"column":27}},"2":{"start":{"line":6,"column":8},"end":{"line":6,"column":28}},"3":{"start":{"line":9,"column":8},"end":{"line":9,"column":43}},"4":{"start":{"line":10,"column":8},"end":{"line":10,"column":32}},"5":{"start":{"line":11,"column":8},"end":{"line":11,"column":37}},"6":{"start":{"line":18,"column":8},"end":{"line":34,"column":9}},"7":{"start":{"line":19,"column":12},"end":{"line":19,"column":59}},"8":{"start":{"line":21,"column":12},"end":{"line":24,"column":14}},"9":{"start":{"line":27,"column":12},"end":{"line":27,"column":51}},"10":{"start":{"line":28,"column":12},"end":{"line":28,"column":72}},"11":{"start":{"line":30,"column":12},"end":{"line":30,"column":24}},"12":{"start":{"line":32,"column":12},"end":{"line":32,"column":85}},"13":{"start":{"line":33,"column":12},"end":{"line":33,"column":24}},"14":{"start":{"line":41,"column":8},"end":{"line":43,"column":9}},"15":{"start":{"line":42,"column":12},"end":{"line":42,"column":88}},"16":{"start":{"line":45,"column":8},"end":{"line":45,"column":37}},"17":{"start":{"line":52,"column":24},"end":{"line":52,"column":41}},"18":{"start":{"line":54,"column":8},"end":{"line":63,"column":9}},"19":{"start":{"line":55,"column":12},"end":{"line":55,"column":58}},"20":{"start":{"line":56,"column":27},"end":{"line":56,"column":64}},"21":{"start":{"line":57,"column":12},"end":{"line":57,"column":26}},"22":{"start":{"line":59,"column":12},"end":{"line":59,"column":88}},"23":{"start":{"line":60,"column":12},"end":{"line":60,"column":24}},"24":{"start":{"line":62,"column":12},"end":{"line":62,"column":34}},"25":{"start":{"line":70,"column":8},"end":{"line":75,"column":9}},"26":{"start":{"line":71,"column":12},"end":{"line":71,"column":59}},"27":{"start":{"line":72,"column":12},"end":{"line":72,"column":38}},"28":{"start":{"line":73,"column":12},"end":{"line":73,"column":31}},"29":{"start":{"line":74,"column":12},"end":{"line":74,"column":56}},"30":{"start":{"line":80,"column":18},"end":{"line":80,"column":38}},"31":{"start":{"line":82,"column":0},"end":{"line":82,"column":27}}},"fnMap":{"0":{"name":"(anonymous_0)","decl":{"start":{"line":4,"column":4},"end":{"line":4,"column":5}},"loc":{"start":{"line":4,"column":18},"end":{"line":12,"column":5}},"line":4},"1":{"name":"(anonymous_1)","decl":{"start":{"line":17,"column":4},"end":{"line":17,"column":5}},"loc":{"start":{"line":17,"column":20},"end":{"line":35,"column":5}},"line":17},"2":{"name":"(anonymous_2)","decl":{"start":{"line":40,"column":4},"end":{"line":40,"column":5}},"loc":{"start":{"line":40,"column":17},"end":{"line":46,"column":5}},"line":40},"3":{"name":"(anonymous_3)","decl":{"start":{"line":51,"column":4},"end":{"line":51,"column":5}},"loc":{"start":{"line":51,"column":48},"end":{"line":64,"column":5}},"line":51},"4":{"name":"(anonymous_4)","decl":{"start":{"line":69,"column":4},"end":{"line":69,"column":5}},"loc":{"start":{"line":69,"column":18},"end":{"line":76,"column":5}},"line":69}},"branchMap":{"0":{"loc":{"start":{"line":41,"column":8},"end":{"line":43,"column":9}},"type":"if","locations":[{"start":{"line":41,"column":8},"end":{"line":43,"column":9}},{"start":{},"end":{}}],"line":41},"1":{"loc":{"start":{"line":51,"column":31},"end":{"line":51,"column":46}},"type":"default-arg","locations":[{"start":{"line":51,"column":44},"end":{"line":51,"column":46}}],"line":51},"2":{"loc":{"start":{"line":70,"column":8},"end":{"line":75,"column":9}},"type":"if","locations":[{"start":{"line":70,"column":8},"end":{"line":75,"column":9}},{"start":{},"end":{}}],"line":70}},"s":{"0":4,"1":4,"2":4,"3":4,"4":4,"5":4,"6":4,"7":4,"8":4,"9":4,"10":0,"11":0,"12":4,"13":4,"14":1,"15":0,"16":1,"17":1,"18":1,"19":1,"20":1,"21":0,"22":1,"23":1,"24":1,"25":4,"26":4,"27":4,"28":4,"29":4,"30":4,"31":4},"f":{"0":4,"1":4,"2":1,"3":1,"4":4},"b":{"0":[0,1],"1":[1],"2":[4,0]},"_coverageSchema":"1a1c01bbd47fc00a2c39e90264f33305004495a9","hash":"d3b455589a825b20989f59e6c7256260344937c2"}
,"/app/mvp-ssot/backend/server_evolved.js": {"path":"/app/mvp-ssot/backend/server_evolved.js","statementMap":{"0":{"start":{"line":1,"column":16},"end":{"line":1,"column":34}},"1":{"start":{"line":2,"column":18},"end":{"line":2,"column":31}},"2":{"start":{"line":3,"column":13},"end":{"line":3,"column":28}},"3":{"start":{"line":4,"column":13},"end":{"line":4,"column":28}},"4":{"start":{"line":5,"column":13},"end":{"line":5,"column":28}},"5":{"start":{"line":8,"column":23},"end":{"line":8,"column":51}},"6":{"start":{"line":9,"column":17},"end":{"line":9,"column":43}},"7":{"start":{"line":10,"column":26},"end":{"line":10,"column":57}},"8":{"start":{"line":11,"column":25},"end":{"line":11,"column":55}},"9":{"start":{"line":14,"column":22},"end":{"line":14,"column":61}},"10":{"start":{"line":15,"column":23},"end":{"line":15,"column":55}},"11":{"start":{"line":16,"column":21},"end":{"line":16,"column":59}},"12":{"start":{"line":17,"column":23},"end":{"line":17,"column":63}},"13":{"start":{"line":21,"column":8},"end":{"line":21,"column":29}},"14":{"start":{"line":22,"column":8},"end":{"line":22,"column":50}},"15":{"start":{"line":23,"column":8},"end":{"line":23,"column":65}},"16":{"start":{"line":24,"column":8},"end":{"line":24,"column":33}},"17":{"start":{"line":28,"column":8},"end":{"line":28,"column":57}},"18":{"start":{"line":31,"column":8},"end":{"line":36,"column":11}},"19":{"start":{"line":38,"column":8},"end":{"line":38,"column":108}},"20":{"start":{"line":41,"column":8},"end":{"line":41,"column":57}},"21":{"start":{"line":42,"column":8},"end":{"line":42,"column":102}},"22":{"start":{"line":43,"column":8},"end":{"line":43,"column":117}},"23":{"start":{"line":46,"column":8},"end":{"line":46,"column":42}},"24":{"start":{"line":48,"column":8},"end":{"line":48,"column":31}},"25":{"start":{"line":49,"column":8},"end":{"line":49,"column":30}},"26":{"start":{"line":50,"column":8},"end":{"line":50,"column":27}},"27":{"start":{"line":51,"column":8},"end":{"line":51,"column":48}},"28":{"start":{"line":58,"column":8},"end":{"line":74,"column":9}},"29":{"start":{"line":59,"column":12},"end":{"line":59,"column":69}},"30":{"start":{"line":62,"column":12},"end":{"line":62,"column":50}},"31":{"start":{"line":63,"column":12},"end":{"line":63,"column":65}},"32":{"start":{"line":66,"column":12},"end":{"line":66,"column":57}},"33":{"start":{"line":67,"column":12},"end":{"line":67,"column":77}},"34":{"start":{"line":69,"column":12},"end":{"line":69,"column":84}},"35":{"start":{"line":72,"column":12},"end":{"line":72,"column":82}},"36":{"start":{"line":73,"column":12},"end":{"line":73,"column":24}},"37":{"start":{"line":79,"column":8},"end":{"line":79,"column":29}},"38":{"start":{"line":82,"column":8},"end":{"line":82,"column":37}},"39":{"start":{"line":85,"column":8},"end":{"line":85,"column":74}},"40":{"start":{"line":88,"column":8},"end":{"line":91,"column":11}},"41":{"start":{"line":89,"column":12},"end":{"line":89,"column":83}},"42":{"start":{"line":90,"column":12},"end":{"line":90,"column":19}},"43":{"start":{"line":95,"column":8},"end":{"line":117,"column":11}},"44":{"start":{"line":96,"column":12},"end":{"line":96,"column":59}},"45":{"start":{"line":97,"column":12},"end":{"line":97,"column":33}},"46":{"start":{"line":100,"column":12},"end":{"line":104,"column":16}},"47":{"start":{"line":107,"column":12},"end":{"line":110,"column":15}},"48":{"start":{"line":108,"column":16},"end":{"line":108,"column":60}},"49":{"start":{"line":109,"column":16},"end":{"line":109,"column":40}},"50":{"start":{"line":113,"column":12},"end":{"line":116,"column":15}},"51":{"start":{"line":114,"column":16},"end":{"line":114,"column":58}},"52":{"start":{"line":115,"column":16},"end":{"line":115,"column":40}},"53":{"start":{"line":124,"column":8},"end":{"line":146,"column":11}},"54":{"start":{"line":128,"column":28},"end":{"line":132,"column":14}},"55":{"start":{"line":135,"column":12},"end":{"line":139,"column":15}},"56":{"start":{"line":136,"column":16},"end":{"line":138,"column":17}},"57":{"start":{"line":137,"column":20},"end":{"line":137,"column":41}},"58":{"start":{"line":141,"column":12},"end":{"line":145,"column":15}},"59":{"start":{"line":149,"column":8},"end":{"line":171,"column":11}},"60":{"start":{"line":153,"column":28},"end":{"line":157,"column":14}},"61":{"start":{"line":159,"column":12},"end":{"line":163,"column":15}},"62":{"start":{"line":160,"column":16},"end":{"line":162,"column":17}},"63":{"start":{"line":161,"column":20},"end":{"line":161,"column":41}},"64":{"start":{"line":165,"column":12},"end":{"line":170,"column":15}},"65":{"start":{"line":174,"column":8},"end":{"line":195,"column":11}},"66":{"start":{"line":178,"column":28},"end":{"line":182,"column":14}},"67":{"start":{"line":184,"column":12},"end":{"line":188,"column":15}},"68":{"start":{"line":185,"column":16},"end":{"line":187,"column":17}},"69":{"start":{"line":186,"column":20},"end":{"line":186,"column":41}},"70":{"start":{"line":190,"column":12},"end":{"line":194,"column":15}},"71":{"start":{"line":198,"column":8},"end":{"line":209,"column":11}},"72":{"start":{"line":202,"column":12},"end":{"line":207,"column":15}},"73":{"start":{"line":212,"column":8},"end":{"line":225,"column":11}},"74":{"start":{"line":215,"column":16},"end":{"line":216,"column":96}},"75":{"start":{"line":219,"column":12},"end":{"line":224,"column":15}},"76":{"start":{"line":227,"column":8},"end":{"line":227,"column":95}},"77":{"start":{"line":232,"column":8},"end":{"line":234,"column":11}},"78":{"start":{"line":233,"column":12},"end":{"line":233,"column":73}},"79":{"start":{"line":241,"column":8},"end":{"line":266,"column":11}},"80":{"start":{"line":242,"column":12},"end":{"line":265,"column":13}},"81":{"start":{"line":243,"column":39},"end":{"line":243,"column":49}},"82":{"start":{"line":244,"column":67},"end":{"line":244,"column":76}},"83":{"start":{"line":246,"column":32},"end":{"line":249,"column":17}},"84":{"start":{"line":251,"column":33},"end":{"line":251,"column":92}},"85":{"start":{"line":253,"column":16},"end":{"line":258,"column":19}},"86":{"start":{"line":260,"column":16},"end":{"line":260,"column":74}},"87":{"start":{"line":261,"column":16},"end":{"line":264,"column":19}},"88":{"start":{"line":269,"column":8},"end":{"line":300,"column":11}},"89":{"start":{"line":270,"column":12},"end":{"line":299,"column":13}},"90":{"start":{"line":271,"column":37},"end":{"line":271,"column":47}},"91":{"start":{"line":272,"column":67},"end":{"line":272,"column":76}},"92":{"start":{"line":274,"column":32},"end":{"line":277,"column":17}},"93":{"start":{"line":279,"column":31},"end":{"line":279,"column":83}},"94":{"start":{"line":281,"column":16},"end":{"line":286,"column":17}},"95":{"start":{"line":282,"column":20},"end":{"line":285,"column":23}},"96":{"start":{"line":288,"column":16},"end":{"line":292,"column":19}},"97":{"start":{"line":294,"column":16},"end":{"line":294,"column":82}},"98":{"start":{"line":295,"column":16},"end":{"line":298,"column":19}},"99":{"start":{"line":303,"column":8},"end":{"line":338,"column":11}},"100":{"start":{"line":304,"column":12},"end":{"line":337,"column":13}},"101":{"start":{"line":305,"column":71},"end":{"line":305,"column":79}},"102":{"start":{"line":307,"column":16},"end":{"line":312,"column":17}},"103":{"start":{"line":308,"column":20},"end":{"line":311,"column":23}},"104":{"start":{"line":314,"column":34},"end":{"line":314,"column":104}},"105":{"start":{"line":317,"column":16},"end":{"line":324,"column":19}},"106":{"start":{"line":326,"column":16},"end":{"line":330,"column":19}},"107":{"start":{"line":332,"column":16},"end":{"line":332,"column":75}},"108":{"start":{"line":333,"column":16},"end":{"line":336,"column":19}},"109":{"start":{"line":341,"column":8},"end":{"line":378,"column":11}},"110":{"start":{"line":342,"column":12},"end":{"line":377,"column":13}},"111":{"start":{"line":343,"column":37},"end":{"line":343,"column":47}},"112":{"start":{"line":344,"column":63},"end":{"line":344,"column":71}},"113":{"start":{"line":346,"column":16},"end":{"line":351,"column":17}},"114":{"start":{"line":347,"column":20},"end":{"line":350,"column":23}},"115":{"start":{"line":353,"column":16},"end":{"line":353,"column":100}},"116":{"start":{"line":356,"column":16},"end":{"line":364,"column":19}},"117":{"start":{"line":366,"column":16},"end":{"line":370,"column":19}},"118":{"start":{"line":372,"column":16},"end":{"line":372,"column":82}},"119":{"start":{"line":373,"column":16},"end":{"line":376,"column":19}},"120":{"start":{"line":381,"column":8},"end":{"line":402,"column":11}},"121":{"start":{"line":382,"column":12},"end":{"line":401,"column":13}},"122":{"start":{"line":383,"column":37},"end":{"line":383,"column":47}},"123":{"start":{"line":384,"column":39},"end":{"line":384,"column":48}},"124":{"start":{"line":386,"column":39},"end":{"line":386,"column":78}},"125":{"start":{"line":387,"column":43},"end":{"line":387,"column":116}},"126":{"start":{"line":389,"column":16},"end":{"line":394,"column":19}},"127":{"start":{"line":396,"column":16},"end":{"line":396,"column":72}},"128":{"start":{"line":397,"column":16},"end":{"line":400,"column":19}},"129":{"start":{"line":405,"column":8},"end":{"line":425,"column":11}},"130":{"start":{"line":406,"column":12},"end":{"line":424,"column":13}},"131":{"start":{"line":407,"column":30},"end":{"line":411,"column":17}},"132":{"start":{"line":413,"column":16},"end":{"line":417,"column":19}},"133":{"start":{"line":419,"column":16},"end":{"line":419,"column":71}},"134":{"start":{"line":420,"column":16},"end":{"line":423,"column":19}},"135":{"start":{"line":432,"column":8},"end":{"line":482,"column":11}},"136":{"start":{"line":433,"column":12},"end":{"line":481,"column":13}},"137":{"start":{"line":434,"column":37},"end":{"line":434,"column":45}},"138":{"start":{"line":437,"column":39},"end":{"line":437,"column":95}},"139":{"start":{"line":438,"column":38},"end":{"line":438,"column":90}},"140":{"start":{"line":438,"column":69},"end":{"line":438,"column":89}},"141":{"start":{"line":440,"column":16},"end":{"line":445,"column":17}},"142":{"start":{"line":441,"column":20},"end":{"line":444,"column":23}},"143":{"start":{"line":448,"column":41},"end":{"line":453,"column":17}},"144":{"start":{"line":456,"column":16},"end":{"line":458,"column":17}},"145":{"start":{"line":457,"column":20},"end":{"line":457,"column":120}},"146":{"start":{"line":460,"column":16},"end":{"line":460,"column":86}},"147":{"start":{"line":463,"column":40},"end":{"line":463,"column":112}},"148":{"start":{"line":466,"column":16},"end":{"line":472,"column":19}},"149":{"start":{"line":474,"column":16},"end":{"line":474,"column":54}},"150":{"start":{"line":476,"column":16},"end":{"line":476,"column":75}},"151":{"start":{"line":477,"column":16},"end":{"line":480,"column":19}},"152":{"start":{"line":485,"column":8},"end":{"line":508,"column":11}},"153":{"start":{"line":486,"column":12},"end":{"line":507,"column":13}},"154":{"start":{"line":487,"column":39},"end":{"line":487,"column":49}},"155":{"start":{"line":489,"column":16},"end":{"line":489,"column":86}},"156":{"start":{"line":491,"column":33},"end":{"line":491,"column":78}},"157":{"start":{"line":493,"column":16},"end":{"line":498,"column":17}},"158":{"start":{"line":494,"column":20},"end":{"line":497,"column":23}},"159":{"start":{"line":500,"column":16},"end":{"line":500,"column":35}},"160":{"start":{"line":502,"column":16},"end":{"line":502,"column":74}},"161":{"start":{"line":503,"column":16},"end":{"line":506,"column":19}},"162":{"start":{"line":511,"column":8},"end":{"line":566,"column":11}},"163":{"start":{"line":512,"column":12},"end":{"line":565,"column":13}},"164":{"start":{"line":513,"column":39},"end":{"line":513,"column":49}},"165":{"start":{"line":514,"column":35},"end":{"line":514,"column":43}},"166":{"start":{"line":516,"column":16},"end":{"line":516,"column":98}},"167":{"start":{"line":519,"column":41},"end":{"line":519,"column":86}},"168":{"start":{"line":520,"column":16},"end":{"line":525,"column":17}},"169":{"start":{"line":521,"column":20},"end":{"line":524,"column":23}},"170":{"start":{"line":528,"column":36},"end":{"line":532,"column":17}},"171":{"start":{"line":535,"column":16},"end":{"line":537,"column":17}},"172":{"start":{"line":536,"column":20},"end":{"line":536,"column":110}},"173":{"start":{"line":540,"column":16},"end":{"line":542,"column":17}},"174":{"start":{"line":541,"column":20},"end":{"line":541,"column":97}},"175":{"start":{"line":545,"column":40},"end":{"line":545,"column":85}},"176":{"start":{"line":548,"column":16},"end":{"line":556,"column":19}},"177":{"start":{"line":558,"column":16},"end":{"line":558,"column":42}},"178":{"start":{"line":560,"column":16},"end":{"line":560,"column":79}},"179":{"start":{"line":561,"column":16},"end":{"line":564,"column":19}},"180":{"start":{"line":569,"column":8},"end":{"line":614,"column":11}},"181":{"start":{"line":570,"column":12},"end":{"line":613,"column":13}},"182":{"start":{"line":571,"column":39},"end":{"line":571,"column":49}},"183":{"start":{"line":573,"column":16},"end":{"line":573,"column":86}},"184":{"start":{"line":576,"column":41},"end":{"line":576,"column":86}},"185":{"start":{"line":577,"column":16},"end":{"line":582,"column":17}},"186":{"start":{"line":578,"column":20},"end":{"line":581,"column":23}},"187":{"start":{"line":586,"column":36},"end":{"line":589,"column":17}},"188":{"start":{"line":591,"column":16},"end":{"line":591,"column":89}},"189":{"start":{"line":594,"column":16},"end":{"line":601,"column":19}},"190":{"start":{"line":603,"column":16},"end":{"line":606,"column":19}},"191":{"start":{"line":608,"column":16},"end":{"line":608,"column":78}},"192":{"start":{"line":609,"column":16},"end":{"line":612,"column":19}},"193":{"start":{"line":617,"column":8},"end":{"line":668,"column":11}},"194":{"start":{"line":618,"column":12},"end":{"line":667,"column":13}},"195":{"start":{"line":625,"column":20},"end":{"line":625,"column":29}},"196":{"start":{"line":627,"column":16},"end":{"line":627,"column":91}},"197":{"start":{"line":630,"column":32},"end":{"line":630,"column":34}},"198":{"start":{"line":631,"column":16},"end":{"line":631,"column":82}},"199":{"start":{"line":631,"column":38},"end":{"line":631,"column":82}},"200":{"start":{"line":632,"column":16},"end":{"line":632,"column":82}},"201":{"start":{"line":632,"column":38},"end":{"line":632,"column":82}},"202":{"start":{"line":633,"column":16},"end":{"line":633,"column":67}},"203":{"start":{"line":633,"column":33},"end":{"line":633,"column":67}},"204":{"start":{"line":636,"column":37},"end":{"line":636,"column":93}},"205":{"start":{"line":639,"column":40},"end":{"line":643,"column":18}},"206":{"start":{"line":640,"column":20},"end":{"line":642,"column":23}},"207":{"start":{"line":641,"column":24},"end":{"line":641,"column":55}},"208":{"start":{"line":646,"column":35},"end":{"line":646,"column":59}},"209":{"start":{"line":647,"column":35},"end":{"line":647,"column":51}},"210":{"start":{"line":648,"column":35},"end":{"line":648,"column":50}},"211":{"start":{"line":649,"column":16},"end":{"line":649,"column":97}},"212":{"start":{"line":651,"column":16},"end":{"line":660,"column":19}},"213":{"start":{"line":662,"column":16},"end":{"line":662,"column":71}},"214":{"start":{"line":663,"column":16},"end":{"line":666,"column":19}},"215":{"start":{"line":675,"column":8},"end":{"line":700,"column":11}},"216":{"start":{"line":676,"column":12},"end":{"line":699,"column":13}},"217":{"start":{"line":677,"column":39},"end":{"line":677,"column":49}},"218":{"start":{"line":681,"column":16},"end":{"line":685,"column":17}},"219":{"start":{"line":682,"column":20},"end":{"line":682,"column":82}},"220":{"start":{"line":684,"column":20},"end":{"line":684,"column":86}},"221":{"start":{"line":687,"column":16},"end":{"line":692,"column":19}},"222":{"start":{"line":694,"column":16},"end":{"line":694,"column":68}},"223":{"start":{"line":695,"column":16},"end":{"line":698,"column":19}},"224":{"start":{"line":703,"column":8},"end":{"line":734,"column":11}},"225":{"start":{"line":704,"column":12},"end":{"line":733,"column":13}},"226":{"start":{"line":705,"column":37},"end":{"line":705,"column":47}},"227":{"start":{"line":709,"column":16},"end":{"line":713,"column":17}},"228":{"start":{"line":710,"column":20},"end":{"line":710,"column":73}},"229":{"start":{"line":712,"column":20},"end":{"line":712,"column":77}},"230":{"start":{"line":715,"column":16},"end":{"line":720,"column":17}},"231":{"start":{"line":716,"column":20},"end":{"line":719,"column":23}},"232":{"start":{"line":722,"column":16},"end":{"line":726,"column":19}},"233":{"start":{"line":728,"column":16},"end":{"line":728,"column":68}},"234":{"start":{"line":729,"column":16},"end":{"line":732,"column":19}},"235":{"start":{"line":737,"column":8},"end":{"line":774,"column":11}},"236":{"start":{"line":738,"column":12},"end":{"line":773,"column":13}},"237":{"start":{"line":740,"column":67},"end":{"line":740,"column":75}},"238":{"start":{"line":743,"column":35},"end":{"line":743,"column":60}},"239":{"start":{"line":745,"column":16},"end":{"line":745,"column":82}},"240":{"start":{"line":747,"column":16},"end":{"line":752,"column":17}},"241":{"start":{"line":748,"column":20},"end":{"line":751,"column":23}},"242":{"start":{"line":756,"column":16},"end":{"line":760,"column":17}},"243":{"start":{"line":757,"column":20},"end":{"line":757,"column":93}},"244":{"start":{"line":759,"column":20},"end":{"line":759,"column":97}},"245":{"start":{"line":762,"column":16},"end":{"line":766,"column":19}},"246":{"start":{"line":768,"column":16},"end":{"line":768,"column":71}},"247":{"start":{"line":769,"column":16},"end":{"line":772,"column":19}},"248":{"start":{"line":777,"column":8},"end":{"line":808,"column":11}},"249":{"start":{"line":778,"column":12},"end":{"line":807,"column":13}},"250":{"start":{"line":779,"column":37},"end":{"line":779,"column":47}},"251":{"start":{"line":780,"column":49},"end":{"line":780,"column":57}},"252":{"start":{"line":782,"column":16},"end":{"line":787,"column":17}},"253":{"start":{"line":783,"column":20},"end":{"line":786,"column":23}},"254":{"start":{"line":790,"column":16},"end":{"line":794,"column":17}},"255":{"start":{"line":791,"column":20},"end":{"line":791,"column":95}},"256":{"start":{"line":793,"column":20},"end":{"line":793,"column":99}},"257":{"start":{"line":796,"column":16},"end":{"line":800,"column":19}},"258":{"start":{"line":802,"column":16},"end":{"line":802,"column":78}},"259":{"start":{"line":803,"column":16},"end":{"line":806,"column":19}},"260":{"start":{"line":811,"column":8},"end":{"line":828,"column":11}},"261":{"start":{"line":812,"column":12},"end":{"line":827,"column":13}},"262":{"start":{"line":813,"column":39},"end":{"line":813,"column":49}},"263":{"start":{"line":814,"column":35},"end":{"line":814,"column":90}},"264":{"start":{"line":816,"column":16},"end":{"line":820,"column":19}},"265":{"start":{"line":822,"column":16},"end":{"line":822,"column":78}},"266":{"start":{"line":823,"column":16},"end":{"line":826,"column":19}},"267":{"start":{"line":835,"column":8},"end":{"line":863,"column":11}},"268":{"start":{"line":836,"column":12},"end":{"line":862,"column":13}},"269":{"start":{"line":837,"column":39},"end":{"line":837,"column":49}},"270":{"start":{"line":838,"column":45},"end":{"line":838,"column":53}},"271":{"start":{"line":840,"column":31},"end":{"line":840,"column":104}},"272":{"start":{"line":843,"column":16},"end":{"line":850,"column":19}},"273":{"start":{"line":852,"column":16},"end":{"line":855,"column":19}},"274":{"start":{"line":857,"column":16},"end":{"line":857,"column":74}},"275":{"start":{"line":858,"column":16},"end":{"line":861,"column":19}},"276":{"start":{"line":866,"column":8},"end":{"line":889,"column":11}},"277":{"start":{"line":867,"column":12},"end":{"line":888,"column":13}},"278":{"start":{"line":868,"column":39},"end":{"line":868,"column":49}},"279":{"start":{"line":869,"column":31},"end":{"line":869,"column":77}},"280":{"start":{"line":871,"column":16},"end":{"line":876,"column":17}},"281":{"start":{"line":872,"column":20},"end":{"line":875,"column":23}},"282":{"start":{"line":878,"column":16},"end":{"line":881,"column":19}},"283":{"start":{"line":883,"column":16},"end":{"line":883,"column":73}},"284":{"start":{"line":884,"column":16},"end":{"line":887,"column":19}},"285":{"start":{"line":892,"column":8},"end":{"line":921,"column":11}},"286":{"start":{"line":893,"column":12},"end":{"line":920,"column":13}},"287":{"start":{"line":894,"column":39},"end":{"line":894,"column":49}},"288":{"start":{"line":895,"column":38},"end":{"line":895,"column":46}},"289":{"start":{"line":897,"column":38},"end":{"line":897,"column":98}},"290":{"start":{"line":900,"column":16},"end":{"line":908,"column":19}},"291":{"start":{"line":910,"column":16},"end":{"line":913,"column":19}},"292":{"start":{"line":915,"column":16},"end":{"line":915,"column":68}},"293":{"start":{"line":916,"column":16},"end":{"line":919,"column":19}},"294":{"start":{"line":924,"column":8},"end":{"line":944,"column":11}},"295":{"start":{"line":925,"column":12},"end":{"line":943,"column":13}},"296":{"start":{"line":926,"column":36},"end":{"line":926,"column":74}},"297":{"start":{"line":927,"column":32},"end":{"line":930,"column":19}},"298":{"start":{"line":927,"column":63},"end":{"line":930,"column":17}},"299":{"start":{"line":932,"column":16},"end":{"line":936,"column":19}},"300":{"start":{"line":938,"column":16},"end":{"line":938,"column":70}},"301":{"start":{"line":939,"column":16},"end":{"line":942,"column":19}},"302":{"start":{"line":951,"column":8},"end":{"line":987,"column":11}},"303":{"start":{"line":952,"column":12},"end":{"line":986,"column":13}},"304":{"start":{"line":953,"column":90},"end":{"line":953,"column":98}},"305":{"start":{"line":955,"column":16},"end":{"line":960,"column":17}},"306":{"start":{"line":956,"column":20},"end":{"line":959,"column":23}},"307":{"start":{"line":962,"column":33},"end":{"line":967,"column":17}},"308":{"start":{"line":970,"column":16},"end":{"line":974,"column":19}},"309":{"start":{"line":976,"column":16},"end":{"line":979,"column":19}},"310":{"start":{"line":981,"column":16},"end":{"line":981,"column":70}},"311":{"start":{"line":982,"column":16},"end":{"line":985,"column":19}},"312":{"start":{"line":990,"column":8},"end":{"line":1016,"column":11}},"313":{"start":{"line":991,"column":12},"end":{"line":1015,"column":13}},"314":{"start":{"line":992,"column":32},"end":{"line":992,"column":34}},"315":{"start":{"line":995,"column":16},"end":{"line":995,"column":96}},"316":{"start":{"line":995,"column":46},"end":{"line":995,"column":96}},"317":{"start":{"line":996,"column":16},"end":{"line":996,"column":96}},"318":{"start":{"line":996,"column":46},"end":{"line":996,"column":96}},"319":{"start":{"line":997,"column":16},"end":{"line":997,"column":90}},"320":{"start":{"line":997,"column":44},"end":{"line":997,"column":90}},"321":{"start":{"line":998,"column":16},"end":{"line":998,"column":102}},"322":{"start":{"line":998,"column":48},"end":{"line":998,"column":102}},"323":{"start":{"line":999,"column":16},"end":{"line":999,"column":102}},"324":{"start":{"line":999,"column":48},"end":{"line":999,"column":102}},"325":{"start":{"line":1001,"column":34},"end":{"line":1001,"column":82}},"326":{"start":{"line":1003,"column":16},"end":{"line":1008,"column":19}},"327":{"start":{"line":1010,"column":16},"end":{"line":1010,"column":68}},"328":{"start":{"line":1011,"column":16},"end":{"line":1014,"column":19}},"329":{"start":{"line":1019,"column":8},"end":{"line":1034,"column":11}},"330":{"start":{"line":1020,"column":12},"end":{"line":1033,"column":13}},"331":{"start":{"line":1021,"column":30},"end":{"line":1021,"column":68}},"332":{"start":{"line":1023,"column":16},"end":{"line":1026,"column":19}},"333":{"start":{"line":1028,"column":16},"end":{"line":1028,"column":72}},"334":{"start":{"line":1029,"column":16},"end":{"line":1032,"column":19}},"335":{"start":{"line":1037,"column":8},"end":{"line":1062,"column":11}},"336":{"start":{"line":1038,"column":12},"end":{"line":1061,"column":13}},"337":{"start":{"line":1039,"column":39},"end":{"line":1039,"column":49}},"338":{"start":{"line":1041,"column":34},"end":{"line":1041,"column":77}},"339":{"start":{"line":1042,"column":33},"end":{"line":1042,"column":73}},"340":{"start":{"line":1042,"column":53},"end":{"line":1042,"column":72}},"341":{"start":{"line":1044,"column":16},"end":{"line":1049,"column":17}},"342":{"start":{"line":1045,"column":20},"end":{"line":1048,"column":23}},"343":{"start":{"line":1051,"column":16},"end":{"line":1054,"column":19}},"344":{"start":{"line":1056,"column":16},"end":{"line":1056,"column":69}},"345":{"start":{"line":1057,"column":16},"end":{"line":1060,"column":19}},"346":{"start":{"line":1065,"column":8},"end":{"line":1093,"column":11}},"347":{"start":{"line":1066,"column":12},"end":{"line":1092,"column":13}},"348":{"start":{"line":1067,"column":39},"end":{"line":1067,"column":49}},"349":{"start":{"line":1068,"column":39},"end":{"line":1068,"column":47}},"350":{"start":{"line":1070,"column":16},"end":{"line":1070,"column":91}},"351":{"start":{"line":1073,"column":16},"end":{"line":1080,"column":19}},"352":{"start":{"line":1082,"column":16},"end":{"line":1085,"column":19}},"353":{"start":{"line":1087,"column":16},"end":{"line":1087,"column":74}},"354":{"start":{"line":1088,"column":16},"end":{"line":1091,"column":19}},"355":{"start":{"line":1096,"column":8},"end":{"line":1122,"column":11}},"356":{"start":{"line":1097,"column":12},"end":{"line":1121,"column":13}},"357":{"start":{"line":1098,"column":39},"end":{"line":1098,"column":49}},"358":{"start":{"line":1100,"column":16},"end":{"line":1100,"column":69}},"359":{"start":{"line":1103,"column":16},"end":{"line":1109,"column":19}},"360":{"start":{"line":1111,"column":16},"end":{"line":1114,"column":19}},"361":{"start":{"line":1116,"column":16},"end":{"line":1116,"column":73}},"362":{"start":{"line":1117,"column":16},"end":{"line":1120,"column":19}},"363":{"start":{"line":1125,"column":8},"end":{"line":1149,"column":11}},"364":{"start":{"line":1126,"column":12},"end":{"line":1148,"column":13}},"365":{"start":{"line":1127,"column":37},"end":{"line":1127,"column":47}},"366":{"start":{"line":1128,"column":52},"end":{"line":1128,"column":61}},"367":{"start":{"line":1130,"column":40},"end":{"line":1134,"column":17}},"368":{"start":{"line":1136,"column":16},"end":{"line":1141,"column":19}},"369":{"start":{"line":1143,"column":16},"end":{"line":1143,"column":76}},"370":{"start":{"line":1144,"column":16},"end":{"line":1147,"column":19}},"371":{"start":{"line":1156,"column":30},"end":{"line":1156,"column":53}},"372":{"start":{"line":1157,"column":8},"end":{"line":1161,"column":11}},"373":{"start":{"line":1158,"column":12},"end":{"line":1160,"column":13}},"374":{"start":{"line":1159,"column":16},"end":{"line":1159,"column":43}},"375":{"start":{"line":1168,"column":8},"end":{"line":1194,"column":9}},"376":{"start":{"line":1170,"column":12},"end":{"line":1170,"column":53}},"377":{"start":{"line":1171,"column":12},"end":{"line":1171,"column":43}},"378":{"start":{"line":1174,"column":12},"end":{"line":1174,"column":53}},"379":{"start":{"line":1177,"column":12},"end":{"line":1190,"column":15}},"380":{"start":{"line":1178,"column":16},"end":{"line":1189,"column":19}},"381":{"start":{"line":1179,"column":20},"end":{"line":1188,"column":21}},"382":{"start":{"line":1180,"column":24},"end":{"line":1180,"column":69}},"383":{"start":{"line":1181,"column":24},"end":{"line":1181,"column":36}},"384":{"start":{"line":1183,"column":24},"end":{"line":1183,"column":122}},"385":{"start":{"line":1184,"column":24},"end":{"line":1184,"column":79}},"386":{"start":{"line":1185,"column":24},"end":{"line":1185,"column":77}},"387":{"start":{"line":1186,"column":24},"end":{"line":1186,"column":145}},"388":{"start":{"line":1187,"column":24},"end":{"line":1187,"column":34}},"389":{"start":{"line":1192,"column":12},"end":{"line":1192,"column":67}},"390":{"start":{"line":1193,"column":12},"end":{"line":1193,"column":24}},"391":{"start":{"line":1201,"column":8},"end":{"line":1226,"column":9}},"392":{"start":{"line":1203,"column":12},"end":{"line":1207,"column":15}},"393":{"start":{"line":1204,"column":16},"end":{"line":1206,"column":17}},"394":{"start":{"line":1205,"column":20},"end":{"line":1205,"column":35}},"395":{"start":{"line":1210,"column":12},"end":{"line":1215,"column":15}},"396":{"start":{"line":1211,"column":16},"end":{"line":1214,"column":19}},"397":{"start":{"line":1212,"column":20},"end":{"line":1212,"column":60}},"398":{"start":{"line":1213,"column":20},"end":{"line":1213,"column":30}},"399":{"start":{"line":1218,"column":12},"end":{"line":1218,"column":57}},"400":{"start":{"line":1219,"column":12},"end":{"line":1219,"column":41}},"401":{"start":{"line":1221,"column":12},"end":{"line":1221,"column":60}},"402":{"start":{"line":1224,"column":12},"end":{"line":1224,"column":69}},"403":{"start":{"line":1225,"column":12},"end":{"line":1225,"column":24}},"404":{"start":{"line":1230,"column":0},"end":{"line":1230,"column":31}},"405":{"start":{"line":1237,"column":0},"end":{"line":1294,"column":1}},"406":{"start":{"line":1238,"column":4},"end":{"line":1238,"column":75}},"407":{"start":{"line":1239,"column":4},"end":{"line":1239,"column":33}},"408":{"start":{"line":1241,"column":19},"end":{"line":1241,"column":38}},"409":{"start":{"line":1242,"column":17},"end":{"line":1242,"column":41}},"410":{"start":{"line":1245,"column":4},"end":{"line":1254,"column":7}},"411":{"start":{"line":1246,"column":8},"end":{"line":1246,"column":67}},"412":{"start":{"line":1247,"column":8},"end":{"line":1253,"column":9}},"413":{"start":{"line":1248,"column":12},"end":{"line":1248,"column":32}},"414":{"start":{"line":1249,"column":12},"end":{"line":1249,"column":28}},"415":{"start":{"line":1251,"column":12},"end":{"line":1251,"column":62}},"416":{"start":{"line":1252,"column":12},"end":{"line":1252,"column":28}},"417":{"start":{"line":1256,"column":4},"end":{"line":1265,"column":7}},"418":{"start":{"line":1257,"column":8},"end":{"line":1257,"column":68}},"419":{"start":{"line":1258,"column":8},"end":{"line":1264,"column":9}},"420":{"start":{"line":1259,"column":12},"end":{"line":1259,"column":32}},"421":{"start":{"line":1260,"column":12},"end":{"line":1260,"column":28}},"422":{"start":{"line":1262,"column":12},"end":{"line":1262,"column":62}},"423":{"start":{"line":1263,"column":12},"end":{"line":1263,"column":28}},"424":{"start":{"line":1268,"column":4},"end":{"line":1271,"column":7}},"425":{"start":{"line":1269,"column":8},"end":{"line":1269,"column":56}},"426":{"start":{"line":1270,"column":8},"end":{"line":1270,"column":24}},"427":{"start":{"line":1273,"column":4},"end":{"line":1276,"column":7}},"428":{"start":{"line":1274,"column":8},"end":{"line":1274,"column":66}},"429":{"start":{"line":1275,"column":8},"end":{"line":1275,"column":24}},"430":{"start":{"line":1279,"column":4},"end":{"line":1293,"column":11}},"431":{"start":{"line":1281,"column":12},"end":{"line":1281,"column":71}},"432":{"start":{"line":1282,"column":12},"end":{"line":1282,"column":51}},"433":{"start":{"line":1283,"column":12},"end":{"line":1283,"column":65}},"434":{"start":{"line":1284,"column":12},"end":{"line":1284,"column":62}},"435":{"start":{"line":1285,"column":12},"end":{"line":1285,"column":68}},"436":{"start":{"line":1286,"column":12},"end":{"line":1286,"column":64}},"437":{"start":{"line":1287,"column":12},"end":{"line":1287,"column":102}},"438":{"start":{"line":1288,"column":12},"end":{"line":1288,"column":41}},"439":{"start":{"line":1291,"column":12},"end":{"line":1291,"column":59}},"440":{"start":{"line":1292,"column":12},"end":{"line":1292,"column":28}}},"fnMap":{"0":{"name":"(anonymous_0)","decl":{"start":{"line":20,"column":4},"end":{"line":20,"column":5}},"loc":{"start":{"line":20,"column":18},"end":{"line":52,"column":5}},"line":20},"1":{"name":"(anonymous_1)","decl":{"start":{"line":57,"column":4},"end":{"line":57,"column":5}},"loc":{"start":{"line":57,"column":40},"end":{"line":75,"column":5}},"line":57},"2":{"name":"(anonymous_2)","decl":{"start":{"line":77,"column":4},"end":{"line":77,"column":5}},"loc":{"start":{"line":77,"column":22},"end":{"line":92,"column":5}},"line":77},"3":{"name":"(anonymous_3)","decl":{"start":{"line":88,"column":21},"end":{"line":88,"column":22}},"loc":{"start":{"line":88,"column":41},"end":{"line":91,"column":9}},"line":88},"4":{"name":"(anonymous_4)","decl":{"start":{"line":94,"column":4},"end":{"line":94,"column":5}},"loc":{"start":{"line":94,"column":21},"end":{"line":118,"column":5}},"line":94},"5":{"name":"(anonymous_5)","decl":{"start":{"line":95,"column":34},"end":{"line":95,"column":35}},"loc":{"start":{"line":95,"column":47},"end":{"line":117,"column":9}},"line":95},"6":{"name":"(anonymous_6)","decl":{"start":{"line":107,"column":27},"end":{"line":107,"column":28}},"loc":{"start":{"line":107,"column":33},"end":{"line":110,"column":13}},"line":107},"7":{"name":"(anonymous_7)","decl":{"start":{"line":113,"column":27},"end":{"line":113,"column":28}},"loc":{"start":{"line":113,"column":38},"end":{"line":116,"column":13}},"line":113},"8":{"name":"(anonymous_8)","decl":{"start":{"line":120,"column":4},"end":{"line":120,"column":5}},"loc":{"start":{"line":120,"column":39},"end":{"line":228,"column":5}},"line":120},"9":{"name":"(anonymous_9)","decl":{"start":{"line":127,"column":11},"end":{"line":127,"column":12}},"loc":{"start":{"line":127,"column":35},"end":{"line":146,"column":9}},"line":127},"10":{"name":"(anonymous_10)","decl":{"start":{"line":135,"column":33},"end":{"line":135,"column":34}},"loc":{"start":{"line":135,"column":45},"end":{"line":139,"column":13}},"line":135},"11":{"name":"(anonymous_11)","decl":{"start":{"line":152,"column":11},"end":{"line":152,"column":12}},"loc":{"start":{"line":152,"column":35},"end":{"line":171,"column":9}},"line":152},"12":{"name":"(anonymous_12)","decl":{"start":{"line":159,"column":33},"end":{"line":159,"column":34}},"loc":{"start":{"line":159,"column":45},"end":{"line":163,"column":13}},"line":159},"13":{"name":"(anonymous_13)","decl":{"start":{"line":177,"column":11},"end":{"line":177,"column":12}},"loc":{"start":{"line":177,"column":35},"end":{"line":195,"column":9}},"line":177},"14":{"name":"(anonymous_14)","decl":{"start":{"line":184,"column":33},"end":{"line":184,"column":34}},"loc":{"start":{"line":184,"column":45},"end":{"line":188,"column":13}},"line":184},"15":{"name":"(anonymous_15)","decl":{"start":{"line":201,"column":11},"end":{"line":201,"column":12}},"loc":{"start":{"line":201,"column":35},"end":{"line":209,"column":9}},"line":201},"16":{"name":"(anonymous_16)","decl":{"start":{"line":213,"column":20},"end":{"line":213,"column":21}},"loc":{"start":{"line":213,"column":33},"end":{"line":217,"column":13}},"line":213},"17":{"name":"(anonymous_17)","decl":{"start":{"line":218,"column":11},"end":{"line":218,"column":12}},"loc":{"start":{"line":218,"column":35},"end":{"line":225,"column":9}},"line":218},"18":{"name":"(anonymous_18)","decl":{"start":{"line":230,"column":4},"end":{"line":230,"column":5}},"loc":{"start":{"line":230,"column":18},"end":{"line":1150,"column":5}},"line":230},"19":{"name":"(anonymous_19)","decl":{"start":{"line":232,"column":26},"end":{"line":232,"column":27}},"loc":{"start":{"line":232,"column":40},"end":{"line":234,"column":9}},"line":232},"20":{"name":"(anonymous_20)","decl":{"start":{"line":241,"column":58},"end":{"line":241,"column":59}},"loc":{"start":{"line":241,"column":78},"end":{"line":266,"column":9}},"line":241},"21":{"name":"(anonymous_21)","decl":{"start":{"line":269,"column":54},"end":{"line":269,"column":55}},"loc":{"start":{"line":269,"column":74},"end":{"line":300,"column":9}},"line":269},"22":{"name":"(anonymous_22)","decl":{"start":{"line":303,"column":47},"end":{"line":303,"column":48}},"loc":{"start":{"line":303,"column":67},"end":{"line":338,"column":9}},"line":303},"23":{"name":"(anonymous_23)","decl":{"start":{"line":341,"column":64},"end":{"line":341,"column":65}},"loc":{"start":{"line":341,"column":84},"end":{"line":378,"column":9}},"line":341},"24":{"name":"(anonymous_24)","decl":{"start":{"line":381,"column":65},"end":{"line":381,"column":66}},"loc":{"start":{"line":381,"column":85},"end":{"line":402,"column":9}},"line":381},"25":{"name":"(anonymous_25)","decl":{"start":{"line":405,"column":43},"end":{"line":405,"column":44}},"loc":{"start":{"line":405,"column":63},"end":{"line":425,"column":9}},"line":405},"26":{"name":"(anonymous_26)","decl":{"start":{"line":432,"column":47},"end":{"line":432,"column":48}},"loc":{"start":{"line":432,"column":67},"end":{"line":482,"column":9}},"line":432},"27":{"name":"(anonymous_27)","decl":{"start":{"line":438,"column":60},"end":{"line":438,"column":61}},"loc":{"start":{"line":438,"column":69},"end":{"line":438,"column":89}},"line":438},"28":{"name":"(anonymous_28)","decl":{"start":{"line":485,"column":58},"end":{"line":485,"column":59}},"loc":{"start":{"line":485,"column":78},"end":{"line":508,"column":9}},"line":485},"29":{"name":"(anonymous_29)","decl":{"start":{"line":511,"column":58},"end":{"line":511,"column":59}},"loc":{"start":{"line":511,"column":78},"end":{"line":566,"column":9}},"line":511},"30":{"name":"(anonymous_30)","decl":{"start":{"line":569,"column":61},"end":{"line":569,"column":62}},"loc":{"start":{"line":569,"column":81},"end":{"line":614,"column":9}},"line":569},"31":{"name":"(anonymous_31)","decl":{"start":{"line":617,"column":46},"end":{"line":617,"column":47}},"loc":{"start":{"line":617,"column":66},"end":{"line":668,"column":9}},"line":617},"32":{"name":"(anonymous_32)","decl":{"start":{"line":639,"column":60},"end":{"line":639,"column":61}},"loc":{"start":{"line":639,"column":72},"end":{"line":643,"column":17}},"line":639},"33":{"name":"(anonymous_33)","decl":{"start":{"line":640,"column":57},"end":{"line":640,"column":58}},"loc":{"start":{"line":640,"column":75},"end":{"line":642,"column":21}},"line":640},"34":{"name":"(anonymous_34)","decl":{"start":{"line":675,"column":50},"end":{"line":675,"column":51}},"loc":{"start":{"line":675,"column":70},"end":{"line":700,"column":9}},"line":675},"35":{"name":"(anonymous_35)","decl":{"start":{"line":703,"column":46},"end":{"line":703,"column":47}},"loc":{"start":{"line":703,"column":66},"end":{"line":734,"column":9}},"line":703},"36":{"name":"(anonymous_36)","decl":{"start":{"line":737,"column":39},"end":{"line":737,"column":40}},"loc":{"start":{"line":737,"column":59},"end":{"line":774,"column":9}},"line":737},"37":{"name":"(anonymous_37)","decl":{"start":{"line":777,"column":56},"end":{"line":777,"column":57}},"loc":{"start":{"line":777,"column":76},"end":{"line":808,"column":9}},"line":777},"38":{"name":"(anonymous_38)","decl":{"start":{"line":811,"column":59},"end":{"line":811,"column":60}},"loc":{"start":{"line":811,"column":79},"end":{"line":828,"column":9}},"line":811},"39":{"name":"(anonymous_39)","decl":{"start":{"line":835,"column":56},"end":{"line":835,"column":57}},"loc":{"start":{"line":835,"column":76},"end":{"line":863,"column":9}},"line":835},"40":{"name":"(anonymous_40)","decl":{"start":{"line":866,"column":55},"end":{"line":866,"column":56}},"loc":{"start":{"line":866,"column":75},"end":{"line":889,"column":9}},"line":866},"41":{"name":"(anonymous_41)","decl":{"start":{"line":892,"column":55},"end":{"line":892,"column":56}},"loc":{"start":{"line":892,"column":75},"end":{"line":921,"column":9}},"line":892},"42":{"name":"(anonymous_42)","decl":{"start":{"line":924,"column":45},"end":{"line":924,"column":46}},"loc":{"start":{"line":924,"column":65},"end":{"line":944,"column":9}},"line":924},"43":{"name":"(anonymous_43)","decl":{"start":{"line":927,"column":48},"end":{"line":927,"column":49}},"loc":{"start":{"line":927,"column":63},"end":{"line":930,"column":17}},"line":927},"44":{"name":"(anonymous_44)","decl":{"start":{"line":951,"column":40},"end":{"line":951,"column":41}},"loc":{"start":{"line":951,"column":60},"end":{"line":987,"column":9}},"line":951},"45":{"name":"(anonymous_45)","decl":{"start":{"line":990,"column":39},"end":{"line":990,"column":40}},"loc":{"start":{"line":990,"column":59},"end":{"line":1016,"column":9}},"line":990},"46":{"name":"(anonymous_46)","decl":{"start":{"line":1019,"column":45},"end":{"line":1019,"column":46}},"loc":{"start":{"line":1019,"column":65},"end":{"line":1034,"column":9}},"line":1019},"47":{"name":"(anonymous_47)","decl":{"start":{"line":1037,"column":51},"end":{"line":1037,"column":52}},"loc":{"start":{"line":1037,"column":71},"end":{"line":1062,"column":9}},"line":1037},"48":{"name":"(anonymous_48)","decl":{"start":{"line":1042,"column":48},"end":{"line":1042,"column":49}},"loc":{"start":{"line":1042,"column":53},"end":{"line":1042,"column":72}},"line":1042},"49":{"name":"(anonymous_49)","decl":{"start":{"line":1065,"column":51},"end":{"line":1065,"column":52}},"loc":{"start":{"line":1065,"column":71},"end":{"line":1093,"column":9}},"line":1065},"50":{"name":"(anonymous_50)","decl":{"start":{"line":1096,"column":54},"end":{"line":1096,"column":55}},"loc":{"start":{"line":1096,"column":74},"end":{"line":1122,"column":9}},"line":1096},"51":{"name":"(anonymous_51)","decl":{"start":{"line":1125,"column":58},"end":{"line":1125,"column":59}},"loc":{"start":{"line":1125,"column":78},"end":{"line":1149,"column":9}},"line":1125},"52":{"name":"(anonymous_52)","decl":{"start":{"line":1155,"column":4},"end":{"line":1155,"column":5}},"loc":{"start":{"line":1155,"column":30},"end":{"line":1162,"column":5}},"line":1155},"53":{"name":"(anonymous_53)","decl":{"start":{"line":1157,"column":29},"end":{"line":1157,"column":30}},"loc":{"start":{"line":1157,"column":41},"end":{"line":1161,"column":9}},"line":1157},"54":{"name":"(anonymous_54)","decl":{"start":{"line":1167,"column":4},"end":{"line":1167,"column":5}},"loc":{"start":{"line":1167,"column":29},"end":{"line":1195,"column":5}},"line":1167},"55":{"name":"(anonymous_55)","decl":{"start":{"line":1177,"column":31},"end":{"line":1177,"column":32}},"loc":{"start":{"line":1177,"column":52},"end":{"line":1190,"column":13}},"line":1177},"56":{"name":"(anonymous_56)","decl":{"start":{"line":1178,"column":41},"end":{"line":1178,"column":42}},"loc":{"start":{"line":1178,"column":50},"end":{"line":1189,"column":17}},"line":1178},"57":{"name":"(anonymous_57)","decl":{"start":{"line":1200,"column":4},"end":{"line":1200,"column":5}},"loc":{"start":{"line":1200,"column":17},"end":{"line":1227,"column":5}},"line":1200},"58":{"name":"(anonymous_58)","decl":{"start":{"line":1203,"column":33},"end":{"line":1203,"column":34}},"loc":{"start":{"line":1203,"column":43},"end":{"line":1207,"column":13}},"line":1203},"59":{"name":"(anonymous_59)","decl":{"start":{"line":1210,"column":30},"end":{"line":1210,"column":31}},"loc":{"start":{"line":1210,"column":43},"end":{"line":1215,"column":13}},"line":1210},"60":{"name":"(anonymous_60)","decl":{"start":{"line":1211,"column":34},"end":{"line":1211,"column":35}},"loc":{"start":{"line":1211,"column":40},"end":{"line":1214,"column":17}},"line":1211},"61":{"name":"(anonymous_61)","decl":{"start":{"line":1245,"column":25},"end":{"line":1245,"column":26}},"loc":{"start":{"line":1245,"column":37},"end":{"line":1254,"column":5}},"line":1245},"62":{"name":"(anonymous_62)","decl":{"start":{"line":1256,"column":26},"end":{"line":1256,"column":27}},"loc":{"start":{"line":1256,"column":38},"end":{"line":1265,"column":5}},"line":1256},"63":{"name":"(anonymous_63)","decl":{"start":{"line":1268,"column":36},"end":{"line":1268,"column":37}},"loc":{"start":{"line":1268,"column":47},"end":{"line":1271,"column":5}},"line":1268},"64":{"name":"(anonymous_64)","decl":{"start":{"line":1273,"column":37},"end":{"line":1273,"column":38}},"loc":{"start":{"line":1273,"column":58},"end":{"line":1276,"column":5}},"line":1273},"65":{"name":"(anonymous_65)","decl":{"start":{"line":1280,"column":14},"end":{"line":1280,"column":15}},"loc":{"start":{"line":1280,"column":20},"end":{"line":1289,"column":9}},"line":1280},"66":{"name":"(anonymous_66)","decl":{"start":{"line":1290,"column":15},"end":{"line":1290,"column":16}},"loc":{"start":{"line":1290,"column":26},"end":{"line":1293,"column":9}},"line":1290}},"branchMap":{"0":{"loc":{"start":{"line":136,"column":16},"end":{"line":138,"column":17}},"type":"if","locations":[{"start":{"line":136,"column":16},"end":{"line":138,"column":17}},{"start":{},"end":{}}],"line":136},"1":{"loc":{"start":{"line":160,"column":16},"end":{"line":162,"column":17}},"type":"if","locations":[{"start":{"line":160,"column":16},"end":{"line":162,"column":17}},{"start":{},"end":{}}],"line":160},"2":{"loc":{"start":{"line":185,"column":16},"end":{"line":187,"column":17}},"type":"if","locations":[{"start":{"line":185,"column":16},"end":{"line":187,"column":17}},{"start":{},"end":{}}],"line":185},"3":{"loc":{"start":{"line":215,"column":23},"end":{"line":216,"column":95}},"type":"binary-expr","locations":[{"start":{"line":215,"column":23},"end":{"line":215,"column":45}},{"start":{"line":216,"column":24},"end":{"line":216,"column":45}},{"start":{"line":216,"column":49},"end":{"line":216,"column":94}}],"line":215},"4":{"loc":{"start":{"line":222,"column":28},"end":{"line":222,"column":62}},"type":"binary-expr","locations":[{"start":{"line":222,"column":28},"end":{"line":222,"column":57}},{"start":{"line":222,"column":61},"end":{"line":222,"column":62}}],"line":222},"5":{"loc":{"start":{"line":248,"column":41},"end":{"line":248,"column":98}},"type":"cond-expr","locations":[{"start":{"line":248,"column":63},"end":{"line":248,"column":93}},{"start":{"line":248,"column":96},"end":{"line":248,"column":98}}],"line":248},"6":{"loc":{"start":{"line":276,"column":41},"end":{"line":276,"column":98}},"type":"cond-expr","locations":[{"start":{"line":276,"column":63},"end":{"line":276,"column":93}},{"start":{"line":276,"column":96},"end":{"line":276,"column":98}}],"line":276},"7":{"loc":{"start":{"line":281,"column":16},"end":{"line":286,"column":17}},"type":"if","locations":[{"start":{"line":281,"column":16},"end":{"line":286,"column":17}},{"start":{},"end":{}}],"line":281},"8":{"loc":{"start":{"line":305,"column":36},"end":{"line":305,"column":52}},"type":"default-arg","locations":[{"start":{"line":305,"column":50},"end":{"line":305,"column":52}}],"line":305},"9":{"loc":{"start":{"line":305,"column":54},"end":{"line":305,"column":66}},"type":"default-arg","locations":[{"start":{"line":305,"column":64},"end":{"line":305,"column":66}}],"line":305},"10":{"loc":{"start":{"line":307,"column":16},"end":{"line":312,"column":17}},"type":"if","locations":[{"start":{"line":307,"column":16},"end":{"line":312,"column":17}},{"start":{},"end":{}}],"line":307},"11":{"loc":{"start":{"line":344,"column":46},"end":{"line":344,"column":58}},"type":"default-arg","locations":[{"start":{"line":344,"column":56},"end":{"line":344,"column":58}}],"line":344},"12":{"loc":{"start":{"line":346,"column":16},"end":{"line":351,"column":17}},"type":"if","locations":[{"start":{"line":346,"column":16},"end":{"line":351,"column":17}},{"start":{},"end":{}}],"line":346},"13":{"loc":{"start":{"line":386,"column":39},"end":{"line":386,"column":78}},"type":"cond-expr","locations":[{"start":{"line":386,"column":52},"end":{"line":386,"column":73}},{"start":{"line":386,"column":76},"end":{"line":386,"column":78}}],"line":386},"14":{"loc":{"start":{"line":440,"column":16},"end":{"line":445,"column":17}},"type":"if","locations":[{"start":{"line":440,"column":16},"end":{"line":445,"column":17}},{"start":{},"end":{}}],"line":440},"15":{"loc":{"start":{"line":456,"column":16},"end":{"line":458,"column":17}},"type":"if","locations":[{"start":{"line":456,"column":16},"end":{"line":458,"column":17}},{"start":{},"end":{}}],"line":456},"16":{"loc":{"start":{"line":456,"column":20},"end":{"line":456,"column":124}},"type":"binary-expr","locations":[{"start":{"line":456,"column":20},"end":{"line":456,"column":60}},{"start":{"line":456,"column":64},"end":{"line":456,"column":124}}],"line":456},"17":{"loc":{"start":{"line":493,"column":16},"end":{"line":498,"column":17}},"type":"if","locations":[{"start":{"line":493,"column":16},"end":{"line":498,"column":17}},{"start":{},"end":{}}],"line":493},"18":{"loc":{"start":{"line":520,"column":16},"end":{"line":525,"column":17}},"type":"if","locations":[{"start":{"line":520,"column":16},"end":{"line":525,"column":17}},{"start":{},"end":{}}],"line":520},"19":{"loc":{"start":{"line":531,"column":30},"end":{"line":531,"column":59}},"type":"binary-expr","locations":[{"start":{"line":531,"column":30},"end":{"line":531,"column":54}},{"start":{"line":531,"column":58},"end":{"line":531,"column":59}}],"line":531},"20":{"loc":{"start":{"line":535,"column":16},"end":{"line":537,"column":17}},"type":"if","locations":[{"start":{"line":535,"column":16},"end":{"line":537,"column":17}},{"start":{},"end":{}}],"line":535},"21":{"loc":{"start":{"line":535,"column":20},"end":{"line":535,"column":114}},"type":"binary-expr","locations":[{"start":{"line":535,"column":20},"end":{"line":535,"column":55}},{"start":{"line":535,"column":59},"end":{"line":535,"column":114}}],"line":535},"22":{"loc":{"start":{"line":577,"column":16},"end":{"line":582,"column":17}},"type":"if","locations":[{"start":{"line":577,"column":16},"end":{"line":582,"column":17}},{"start":{},"end":{}}],"line":577},"23":{"loc":{"start":{"line":623,"column":20},"end":{"line":623,"column":30}},"type":"default-arg","locations":[{"start":{"line":623,"column":28},"end":{"line":623,"column":30}}],"line":623},"24":{"loc":{"start":{"line":624,"column":20},"end":{"line":624,"column":30}},"type":"default-arg","locations":[{"start":{"line":624,"column":29},"end":{"line":624,"column":30}}],"line":624},"25":{"loc":{"start":{"line":631,"column":16},"end":{"line":631,"column":82}},"type":"if","locations":[{"start":{"line":631,"column":16},"end":{"line":631,"column":82}},{"start":{},"end":{}}],"line":631},"26":{"loc":{"start":{"line":632,"column":16},"end":{"line":632,"column":82}},"type":"if","locations":[{"start":{"line":632,"column":16},"end":{"line":632,"column":82}},{"start":{},"end":{}}],"line":632},"27":{"loc":{"start":{"line":633,"column":16},"end":{"line":633,"column":67}},"type":"if","locations":[{"start":{"line":633,"column":16},"end":{"line":633,"column":67}},{"start":{},"end":{}}],"line":633},"28":{"loc":{"start":{"line":681,"column":16},"end":{"line":685,"column":17}},"type":"if","locations":[{"start":{"line":681,"column":16},"end":{"line":685,"column":17}},{"start":{"line":683,"column":23},"end":{"line":685,"column":17}}],"line":681},"29":{"loc":{"start":{"line":691,"column":28},"end":{"line":691,"column":74}},"type":"cond-expr","locations":[{"start":{"line":691,"column":57},"end":{"line":691,"column":66}},{"start":{"line":691,"column":69},"end":{"line":691,"column":74}}],"line":691},"30":{"loc":{"start":{"line":709,"column":16},"end":{"line":713,"column":17}},"type":"if","locations":[{"start":{"line":709,"column":16},"end":{"line":713,"column":17}},{"start":{"line":711,"column":23},"end":{"line":713,"column":17}}],"line":709},"31":{"loc":{"start":{"line":715,"column":16},"end":{"line":720,"column":17}},"type":"if","locations":[{"start":{"line":715,"column":16},"end":{"line":720,"column":17}},{"start":{},"end":{}}],"line":715},"32":{"loc":{"start":{"line":725,"column":28},"end":{"line":725,"column":74}},"type":"cond-expr","locations":[{"start":{"line":725,"column":57},"end":{"line":725,"column":66}},{"start":{"line":725,"column":69},"end":{"line":725,"column":74}}],"line":725},"33":{"loc":{"start":{"line":743,"column":35},"end":{"line":743,"column":60}},"type":"binary-expr","locations":[{"start":{"line":743,"column":35},"end":{"line":743,"column":46}},{"start":{"line":743,"column":50},"end":{"line":743,"column":60}}],"line":743},"34":{"loc":{"start":{"line":747,"column":16},"end":{"line":752,"column":17}},"type":"if","locations":[{"start":{"line":747,"column":16},"end":{"line":752,"column":17}},{"start":{},"end":{}}],"line":747},"35":{"loc":{"start":{"line":756,"column":16},"end":{"line":760,"column":17}},"type":"if","locations":[{"start":{"line":756,"column":16},"end":{"line":760,"column":17}},{"start":{"line":758,"column":23},"end":{"line":760,"column":17}}],"line":756},"36":{"loc":{"start":{"line":765,"column":28},"end":{"line":765,"column":74}},"type":"cond-expr","locations":[{"start":{"line":765,"column":57},"end":{"line":765,"column":66}},{"start":{"line":765,"column":69},"end":{"line":765,"column":74}}],"line":765},"37":{"loc":{"start":{"line":782,"column":16},"end":{"line":787,"column":17}},"type":"if","locations":[{"start":{"line":782,"column":16},"end":{"line":787,"column":17}},{"start":{},"end":{}}],"line":782},"38":{"loc":{"start":{"line":790,"column":16},"end":{"line":794,"column":17}},"type":"if","locations":[{"start":{"line":790,"column":16},"end":{"line":794,"column":17}},{"start":{"line":792,"column":23},"end":{"line":794,"column":17}}],"line":790},"39":{"loc":{"start":{"line":799,"column":28},"end":{"line":799,"column":74}},"type":"cond-expr","locations":[{"start":{"line":799,"column":57},"end":{"line":799,"column":66}},{"start":{"line":799,"column":69},"end":{"line":799,"column":74}}],"line":799},"40":{"loc":{"start":{"line":871,"column":16},"end":{"line":876,"column":17}},"type":"if","locations":[{"start":{"line":871,"column":16},"end":{"line":876,"column":17}},{"start":{},"end":{}}],"line":871},"41":{"loc":{"start":{"line":953,"column":70},"end":{"line":953,"column":85}},"type":"default-arg","locations":[{"start":{"line":953,"column":83},"end":{"line":953,"column":85}}],"line":953},"42":{"loc":{"start":{"line":955,"column":16},"end":{"line":960,"column":17}},"type":"if","locations":[{"start":{"line":955,"column":16},"end":{"line":960,"column":17}},{"start":{},"end":{}}],"line":955},"43":{"loc":{"start":{"line":955,"column":20},"end":{"line":955,"column":71}},"type":"binary-expr","locations":[{"start":{"line":955,"column":20},"end":{"line":955,"column":33}},{"start":{"line":955,"column":37},"end":{"line":955,"column":52}},{"start":{"line":955,"column":56},"end":{"line":955,"column":71}}],"line":955},"44":{"loc":{"start":{"line":995,"column":16},"end":{"line":995,"column":96}},"type":"if","locations":[{"start":{"line":995,"column":16},"end":{"line":995,"column":96}},{"start":{},"end":{}}],"line":995},"45":{"loc":{"start":{"line":996,"column":16},"end":{"line":996,"column":96}},"type":"if","locations":[{"start":{"line":996,"column":16},"end":{"line":996,"column":96}},{"start":{},"end":{}}],"line":996},"46":{"loc":{"start":{"line":997,"column":16},"end":{"line":997,"column":90}},"type":"if","locations":[{"start":{"line":997,"column":16},"end":{"line":997,"column":90}},{"start":{},"end":{}}],"line":997},"47":{"loc":{"start":{"line":998,"column":16},"end":{"line":998,"column":102}},"type":"if","locations":[{"start":{"line":998,"column":16},"end":{"line":998,"column":102}},{"start":{},"end":{}}],"line":998},"48":{"loc":{"start":{"line":999,"column":16},"end":{"line":999,"column":102}},"type":"if","locations":[{"start":{"line":999,"column":16},"end":{"line":999,"column":102}},{"start":{},"end":{}}],"line":999},"49":{"loc":{"start":{"line":1044,"column":16},"end":{"line":1049,"column":17}},"type":"if","locations":[{"start":{"line":1044,"column":16},"end":{"line":1049,"column":17}},{"start":{},"end":{}}],"line":1044},"50":{"loc":{"start":{"line":1132,"column":20},"end":{"line":1132,"column":40}},"type":"binary-expr","locations":[{"start":{"line":1132,"column":20},"end":{"line":1132,"column":32}},{"start":{"line":1132,"column":36},"end":{"line":1132,"column":40}}],"line":1132},"51":{"loc":{"start":{"line":1133,"column":20},"end":{"line":1133,"column":39}},"type":"binary-expr","locations":[{"start":{"line":1133,"column":20},"end":{"line":1133,"column":29}},{"start":{"line":1133,"column":33},"end":{"line":1133,"column":39}}],"line":1133},"52":{"loc":{"start":{"line":1158,"column":12},"end":{"line":1160,"column":13}},"type":"if","locations":[{"start":{"line":1158,"column":12},"end":{"line":1160,"column":13}},{"start":{},"end":{}}],"line":1158},"53":{"loc":{"start":{"line":1167,"column":16},"end":{"line":1167,"column":27}},"type":"default-arg","locations":[{"start":{"line":1167,"column":23},"end":{"line":1167,"column":27}}],"line":1167},"54":{"loc":{"start":{"line":1179,"column":20},"end":{"line":1188,"column":21}},"type":"if","locations":[{"start":{"line":1179,"column":20},"end":{"line":1188,"column":21}},{"start":{"line":1182,"column":27},"end":{"line":1188,"column":21}}],"line":1179},"55":{"loc":{"start":{"line":1204,"column":16},"end":{"line":1206,"column":17}},"type":"if","locations":[{"start":{"line":1204,"column":16},"end":{"line":1206,"column":17}},{"start":{},"end":{}}],"line":1204},"56":{"loc":{"start":{"line":1237,"column":0},"end":{"line":1294,"column":1}},"type":"if","locations":[{"start":{"line":1237,"column":0},"end":{"line":1294,"column":1}},{"start":{},"end":{}}],"line":1237},"57":{"loc":{"start":{"line":1242,"column":17},"end":{"line":1242,"column":41}},"type":"binary-expr","locations":[{"start":{"line":1242,"column":17},"end":{"line":1242,"column":33}},{"start":{"line":1242,"column":37},"end":{"line":1242,"column":41}}],"line":1242}},"s":{"0":1,"1":1,"2":1,"3":1,"4":1,"5":1,"6":1,"7":1,"8":1,"9":1,"10":1,"11":1,"12":1,"13":1,"14":1,"15":1,"16":1,"17":1,"18":1,"19":1,"20":1,"21":1,"22":1,"23":1,"24":1,"25":1,"26":1,"27":1,"28":0,"29":0,"30":0,"31":0,"32":0,"33":0,"34":0,"35":0,"36":0,"37":1,"38":1,"39":1,"40":1,"41":0,"42":0,"43":1,"44":0,"45":0,"46":0,"47":0,"48":0,"49":0,"50":0,"51":0,"52":0,"53":1,"54":0,"55":0,"56":0,"57":0,"58":0,"59":1,"60":0,"61":0,"62":0,"63":0,"64":0,"65":1,"66":0,"67":0,"68":0,"69":0,"70":0,"71":1,"72":0,"73":1,"74":0,"75":0,"76":1,"77":1,"78":0,"79":1,"80":0,"81":0,"82":0,"83":0,"84":0,"85":0,"86":0,"87":0,"88":1,"89":0,"90":0,"91":0,"92":0,"93":0,"94":0,"95":0,"96":0,"97":0,"98":0,"99":1,"100":0,"101":0,"102":0,"103":0,"104":0,"105":0,"106":0,"107":0,"108":0,"109":1,"110":0,"111":0,"112":0,"113":0,"114":0,"115":0,"116":0,"117":0,"118":0,"119":0,"120":1,"121":0,"122":0,"123":0,"124":0,"125":0,"126":0,"127":0,"128":0,"129":1,"130":0,"131":0,"132":0,"133":0,"134":0,"135":1,"136":0,"137":0,"138":0,"139":0,"140":0,"141":0,"142":0,"143":0,"144":0,"145":0,"146":0,"147":0,"148":0,"149":0,"150":0,"151":0,"152":1,"153":0,"154":0,"155":0,"156":0,"157":0,"158":0,"159":0,"160":0,"161":0,"162":1,"163":0,"164":0,"165":0,"166":0,"167":0,"168":0,"169":0,"170":0,"171":0,"172":0,"173":0,"174":0,"175":0,"176":0,"177":0,"178":0,"179":0,"180":1,"181":0,"182":0,"183":0,"184":0,"185":0,"186":0,"187":0,"188":0,"189":0,"190":0,"191":0,"192":0,"193":1,"194":0,"195":0,"196":0,"197":0,"198":0,"199":0,"200":0,"201":0,"202":0,"203":0,"204":0,"205":0,"206":0,"207":0,"208":0,"209":0,"210":0,"211":0,"212":0,"213":0,"214":0,"215":1,"216":0,"217":0,"218":0,"219":0,"220":0,"221":0,"222":0,"223":0,"224":1,"225":0,"226":0,"227":0,"228":0,"229":0,"230":0,"231":0,"232":0,"233":0,"234":0,"235":1,"236":0,"237":0,"238":0,"239":0,"240":0,"241":0,"242":0,"243":0,"244":0,"245":0,"246":0,"247":0,"248":1,"249":0,"250":0,"251":0,"252":0,"253":0,"254":0,"255":0,"256":0,"257":0,"258":0,"259":0,"260":1,"261":0,"262":0,"263":0,"264":0,"265":0,"266":0,"267":1,"268":0,"269":0,"270":0,"271":0,"272":0,"273":0,"274":0,"275":0,"276":1,"277":0,"278":0,"279":0,"280":0,"281":0,"282":0,"283":0,"284":0,"285":1,"286":0,"287":0,"288":0,"289":0,"290":0,"291":0,"292":0,"293":0,"294":1,"295":0,"296":0,"297":0,"298":0,"299":0,"300":0,"301":0,"302":1,"303":0,"304":0,"305":0,"306":0,"307":0,"308":0,"309":0,"310":0,"311":0,"312":1,"313":0,"314":0,"315":0,"316":0,"317":0,"318":0,"319":0,"320":0,"321":0,"322":0,"323":0,"324":0,"325":0,"326":0,"327":0,"328":0,"329":1,"330":0,"331":0,"332":0,"333":0,"334":0,"335":1,"336":0,"337":0,"338":0,"339":0,"340":0,"341":0,"342":0,"343":0,"344":0,"345":0,"346":1,"347":0,"348":0,"349":0,"350":0,"351":0,"352":0,"353":0,"354":0,"355":1,"356":0,"357":0,"358":0,"359":0,"360":0,"361":0,"362":0,"363":1,"364":0,"365":0,"366":0,"367":0,"368":0,"369":0,"370":0,"371":0,"372":0,"373":0,"374":0,"375":1,"376":1,"377":1,"378":0,"379":0,"380":0,"381":0,"382":0,"383":0,"384":0,"385":0,"386":0,"387":0,"388":0,"389":1,"390":1,"391":1,"392":1,"393":0,"394":0,"395":1,"396":1,"397":1,"398":1,"399":1,"400":1,"401":1,"402":0,"403":0,"404":1,"405":1,"406":0,"407":0,"408":0,"409":0,"410":0,"411":0,"412":0,"413":0,"414":0,"415":0,"416":0,"417":0,"418":0,"419":0,"420":0,"421":0,"422":0,"423":0,"424":0,"425":0,"426":0,"427":0,"428":0,"429":0,"430":0,"431":0,"432":0,"433":0,"434":0,"435":0,"436":0,"437":0,"438":0,"439":0,"440":0},"f":{"0":1,"1":0,"2":1,"3":0,"4":1,"5":0,"6":0,"7":0,"8":1,"9":0,"10":0,"11":0,"12":0,"13":0,"14":0,"15":0,"16":0,"17":0,"18":1,"19":0,"20":0,"21":0,"22":0,"23":0,"24":0,"25":0,"26":0,"27":0,"28":0,"29":0,"30":0,"31":0,"32":0,"33":0,"34":0,"35":0,"36":0,"37":0,"38":0,"39":0,"40":0,"41":0,"42":0,"43":0,"44":0,"45":0,"46":0,"47":0,"48":0,"49":0,"50":0,"51":0,"52":0,"53":0,"54":1,"55":0,"56":0,"57":1,"58":0,"59":1,"60":1,"61":0,"62":0,"63":0,"64":0,"65":0,"66":0},"b":{"0":[0,0],"1":[0,0],"2":[0,0],"3":[0,0,0],"4":[0,0],"5":[0,0],"6":[0,0],"7":[0,0],"8":[0],"9":[0],"10":[0,0],"11":[0],"12":[0,0],"13":[0,0],"14":[0,0],"15":[0,0],"16":[0,0],"17":[0,0],"18":[0,0],"19":[0,0],"20":[0,0],"21":[0,0],"22":[0,0],"23":[0],"24":[0],"25":[0,0],"26":[0,0],"27":[0,0],"28":[0,0],"29":[0,0],"30":[0,0],"31":[0,0],"32":[0,0],"33":[0,0],"34":[0,0],"35":[0,0],"36":[0,0],"37":[0,0],"38":[0,0],"39":[0,0],"40":[0,0],"41":[0],"42":[0,0],"43":[0,0,0],"44":[0,0],"45":[0,0],"46":[0,0],"47":[0,0],"48":[0,0],"49":[0,0],"50":[0,0],"51":[0,0],"52":[0,0],"53":[0],"54":[0,0],"55":[0,0],"56":[0,1],"57":[0,0]},"_coverageSchema":"1a1c01bbd47fc00a2c39e90264f33305004495a9","hash":"746ac6e3455216a4c30d7b7e4f56759ab2d4d402"}
,"/app/mvp-ssot/backend/core/attributeDefinition.js": {"path":"/app/mvp-ssot/backend/core/attributeDefinition.js","statementMap":{"0":{"start":{"line":6,"column":8},"end":{"line":6,"column":25}},"1":{"start":{"line":7,"column":8},"end":{"line":7,"column":48}},"2":{"start":{"line":8,"column":8},"end":{"line":8,"column":53}},"3":{"start":{"line":9,"column":8},"end":{"line":9,"column":60}},"4":{"start":{"line":10,"column":8},"end":{"line":10,"column":64}},"5":{"start":{"line":11,"column":8},"end":{"line":11,"column":56}},"6":{"start":{"line":14,"column":8},"end":{"line":14,"column":76}},"7":{"start":{"line":15,"column":8},"end":{"line":15,"column":84}},"8":{"start":{"line":16,"column":8},"end":{"line":16,"column":108}},"9":{"start":{"line":17,"column":8},"end":{"line":17,"column":82}},"10":{"start":{"line":20,"column":8},"end":{"line":20,"column":50}},"11":{"start":{"line":23,"column":8},"end":{"line":23,"column":42}},"12":{"start":{"line":24,"column":8},"end":{"line":24,"column":42}},"13":{"start":{"line":34,"column":8},"end":{"line":36,"column":9}},"14":{"start":{"line":35,"column":12},"end":{"line":35,"column":83}},"15":{"start":{"line":39,"column":8},"end":{"line":41,"column":9}},"16":{"start":{"line":40,"column":12},"end":{"line":40,"column":35}},"17":{"start":{"line":44,"column":8},"end":{"line":118,"column":9}},"18":{"start":{"line":46,"column":16},"end":{"line":48,"column":17}},"19":{"start":{"line":47,"column":20},"end":{"line":47,"column":91}},"20":{"start":{"line":49,"column":16},"end":{"line":49,"column":22}},"21":{"start":{"line":52,"column":16},"end":{"line":54,"column":17}},"22":{"start":{"line":53,"column":20},"end":{"line":53,"column":89}},"23":{"start":{"line":55,"column":16},"end":{"line":57,"column":17}},"24":{"start":{"line":56,"column":20},"end":{"line":56,"column":98}},"25":{"start":{"line":58,"column":16},"end":{"line":60,"column":17}},"26":{"start":{"line":59,"column":20},"end":{"line":59,"column":102}},"27":{"start":{"line":61,"column":16},"end":{"line":61,"column":22}},"28":{"start":{"line":64,"column":16},"end":{"line":66,"column":17}},"29":{"start":{"line":65,"column":20},"end":{"line":65,"column":91}},"30":{"start":{"line":67,"column":35},"end":{"line":67,"column":63}},"31":{"start":{"line":68,"column":16},"end":{"line":70,"column":17}},"32":{"start":{"line":69,"column":20},"end":{"line":69,"column":105}},"33":{"start":{"line":71,"column":16},"end":{"line":71,"column":22}},"34":{"start":{"line":75,"column":16},"end":{"line":77,"column":17}},"35":{"start":{"line":76,"column":20},"end":{"line":76,"column":88}},"36":{"start":{"line":78,"column":16},"end":{"line":83,"column":17}},"37":{"start":{"line":79,"column":33},"end":{"line":79,"column":48}},"38":{"start":{"line":80,"column":20},"end":{"line":82,"column":21}},"39":{"start":{"line":81,"column":24},"end":{"line":81,"column":99}},"40":{"start":{"line":84,"column":16},"end":{"line":84,"column":22}},"41":{"start":{"line":87,"column":16},"end":{"line":89,"column":17}},"42":{"start":{"line":88,"column":20},"end":{"line":88,"column":92}},"43":{"start":{"line":90,"column":16},"end":{"line":90,"column":22}},"44":{"start":{"line":93,"column":16},"end":{"line":95,"column":17}},"45":{"start":{"line":94,"column":20},"end":{"line":94,"column":114}},"46":{"start":{"line":96,"column":16},"end":{"line":96,"column":22}},"47":{"start":{"line":99,"column":16},"end":{"line":101,"column":17}},"48":{"start":{"line":100,"column":20},"end":{"line":100,"column":89}},"49":{"start":{"line":102,"column":16},"end":{"line":104,"column":17}},"50":{"start":{"line":103,"column":20},"end":{"line":103,"column":91}},"51":{"start":{"line":105,"column":16},"end":{"line":105,"column":22}},"52":{"start":{"line":109,"column":16},"end":{"line":111,"column":17}},"53":{"start":{"line":110,"column":20},"end":{"line":110,"column":102}},"54":{"start":{"line":113,"column":16},"end":{"line":113,"column":22}},"55":{"start":{"line":117,"column":16},"end":{"line":117,"column":95}},"56":{"start":{"line":121,"column":8},"end":{"line":126,"column":9}},"57":{"start":{"line":122,"column":27},"end":{"line":122,"column":64}},"58":{"start":{"line":123,"column":12},"end":{"line":125,"column":13}},"59":{"start":{"line":124,"column":16},"end":{"line":124,"column":30}},"60":{"start":{"line":128,"column":8},"end":{"line":128,"column":31}},"61":{"start":{"line":138,"column":8},"end":{"line":161,"column":9}},"62":{"start":{"line":140,"column":35},"end":{"line":140,"column":63}},"63":{"start":{"line":141,"column":16},"end":{"line":143,"column":17}},"64":{"start":{"line":142,"column":20},"end":{"line":142,"column":105}},"65":{"start":{"line":144,"column":16},"end":{"line":144,"column":22}},"66":{"start":{"line":147,"column":16},"end":{"line":149,"column":17}},"67":{"start":{"line":148,"column":20},"end":{"line":148,"column":91}},"68":{"start":{"line":150,"column":16},"end":{"line":150,"column":22}},"69":{"start":{"line":153,"column":16},"end":{"line":155,"column":17}},"70":{"start":{"line":154,"column":20},"end":{"line":154,"column":98}},"71":{"start":{"line":156,"column":16},"end":{"line":156,"column":22}},"72":{"start":{"line":160,"column":16},"end":{"line":160,"column":22}},"73":{"start":{"line":163,"column":8},"end":{"line":163,"column":31}},"74":{"start":{"line":171,"column":8},"end":{"line":185,"column":10}},"75":{"start":{"line":195,"column":8},"end":{"line":195,"column":51}},"76":{"start":{"line":199,"column":0},"end":{"line":199,"column":37}}},"fnMap":{"0":{"name":"(anonymous_0)","decl":{"start":{"line":5,"column":4},"end":{"line":5,"column":5}},"loc":{"start":{"line":5,"column":34},"end":{"line":25,"column":5}},"line":5},"1":{"name":"(anonymous_1)","decl":{"start":{"line":32,"column":4},"end":{"line":32,"column":5}},"loc":{"start":{"line":32,"column":20},"end":{"line":129,"column":5}},"line":32},"2":{"name":"(anonymous_2)","decl":{"start":{"line":137,"column":4},"end":{"line":137,"column":5}},"loc":{"start":{"line":137,"column":37},"end":{"line":164,"column":5}},"line":137},"3":{"name":"(anonymous_3)","decl":{"start":{"line":170,"column":4},"end":{"line":170,"column":5}},"loc":{"start":{"line":170,"column":13},"end":{"line":186,"column":5}},"line":170},"4":{"name":"(anonymous_4)","decl":{"start":{"line":194,"column":4},"end":{"line":194,"column":5}},"loc":{"start":{"line":194,"column":32},"end":{"line":196,"column":5}},"line":194}},"branchMap":{"0":{"loc":{"start":{"line":7,"column":20},"end":{"line":7,"column":47}},"type":"binary-expr","locations":[{"start":{"line":7,"column":20},"end":{"line":7,"column":35}},{"start":{"line":7,"column":39},"end":{"line":7,"column":47}}],"line":7},"1":{"loc":{"start":{"line":8,"column":24},"end":{"line":8,"column":52}},"type":"binary-expr","locations":[{"start":{"line":8,"column":24},"end":{"line":8,"column":43}},{"start":{"line":8,"column":47},"end":{"line":8,"column":52}}],"line":8},"2":{"loc":{"start":{"line":9,"column":28},"end":{"line":9,"column":59}},"type":"binary-expr","locations":[{"start":{"line":9,"column":28},"end":{"line":9,"column":51}},{"start":{"line":9,"column":55},"end":{"line":9,"column":59}}],"line":9},"3":{"loc":{"start":{"line":10,"column":31},"end":{"line":10,"column":63}},"type":"binary-expr","locations":[{"start":{"line":10,"column":31},"end":{"line":10,"column":57}},{"start":{"line":10,"column":61},"end":{"line":10,"column":63}}],"line":10},"4":{"loc":{"start":{"line":11,"column":27},"end":{"line":11,"column":55}},"type":"binary-expr","locations":[{"start":{"line":11,"column":27},"end":{"line":11,"column":49}},{"start":{"line":11,"column":53},"end":{"line":11,"column":55}}],"line":11},"5":{"loc":{"start":{"line":14,"column":36},"end":{"line":14,"column":75}},"type":"binary-expr","locations":[{"start":{"line":14,"column":36},"end":{"line":14,"column":67}},{"start":{"line":14,"column":71},"end":{"line":14,"column":75}}],"line":14},"6":{"loc":{"start":{"line":15,"column":40},"end":{"line":15,"column":83}},"type":"binary-expr","locations":[{"start":{"line":15,"column":40},"end":{"line":15,"column":75}},{"start":{"line":15,"column":79},"end":{"line":15,"column":83}}],"line":15},"7":{"loc":{"start":{"line":16,"column":52},"end":{"line":16,"column":107}},"type":"binary-expr","locations":[{"start":{"line":16,"column":52},"end":{"line":16,"column":99}},{"start":{"line":16,"column":103},"end":{"line":16,"column":107}}],"line":16},"8":{"loc":{"start":{"line":17,"column":39},"end":{"line":17,"column":81}},"type":"binary-expr","locations":[{"start":{"line":17,"column":39},"end":{"line":17,"column":73}},{"start":{"line":17,"column":77},"end":{"line":17,"column":81}}],"line":17},"9":{"loc":{"start":{"line":20,"column":23},"end":{"line":20,"column":49}},"type":"binary-expr","locations":[{"start":{"line":20,"column":23},"end":{"line":20,"column":41}},{"start":{"line":20,"column":45},"end":{"line":20,"column":49}}],"line":20},"10":{"loc":{"start":{"line":23,"column":19},"end":{"line":23,"column":41}},"type":"binary-expr","locations":[{"start":{"line":23,"column":19},"end":{"line":23,"column":33}},{"start":{"line":23,"column":37},"end":{"line":23,"column":41}}],"line":23},"11":{"loc":{"start":{"line":24,"column":19},"end":{"line":24,"column":41}},"type":"binary-expr","locations":[{"start":{"line":24,"column":19},"end":{"line":24,"column":33}},{"start":{"line":24,"column":37},"end":{"line":24,"column":41}}],"line":24},"12":{"loc":{"start":{"line":34,"column":8},"end":{"line":36,"column":9}},"type":"if","locations":[{"start":{"line":34,"column":8},"end":{"line":36,"column":9}},{"start":{},"end":{}}],"line":34},"13":{"loc":{"start":{"line":34,"column":12},"end":{"line":34,"column":84}},"type":"binary-expr","locations":[{"start":{"line":34,"column":12},"end":{"line":34,"column":25}},{"start":{"line":34,"column":30},"end":{"line":34,"column":44}},{"start":{"line":34,"column":48},"end":{"line":34,"column":67}},{"start":{"line":34,"column":71},"end":{"line":34,"column":83}}],"line":34},"14":{"loc":{"start":{"line":39,"column":8},"end":{"line":41,"column":9}},"type":"if","locations":[{"start":{"line":39,"column":8},"end":{"line":41,"column":9}},{"start":{},"end":{}}],"line":39},"15":{"loc":{"start":{"line":39,"column":12},"end":{"line":39,"column":49}},"type":"binary-expr","locations":[{"start":{"line":39,"column":12},"end":{"line":39,"column":26}},{"start":{"line":39,"column":30},"end":{"line":39,"column":49}}],"line":39},"16":{"loc":{"start":{"line":44,"column":8},"end":{"line":118,"column":9}},"type":"switch","locations":[{"start":{"line":45,"column":12},"end":{"line":49,"column":22}},{"start":{"line":51,"column":12},"end":{"line":61,"column":22}},{"start":{"line":63,"column":12},"end":{"line":71,"column":22}},{"start":{"line":73,"column":12},"end":{"line":84,"column":22}},{"start":{"line":86,"column":12},"end":{"line":90,"column":22}},{"start":{"line":92,"column":12},"end":{"line":96,"column":22}},{"start":{"line":98,"column":12},"end":{"line":105,"column":22}},{"start":{"line":107,"column":12},"end":{"line":113,"column":22}},{"start":{"line":115,"column":12},"end":{"line":117,"column":95}}],"line":44},"17":{"loc":{"start":{"line":46,"column":16},"end":{"line":48,"column":17}},"type":"if","locations":[{"start":{"line":46,"column":16},"end":{"line":48,"column":17}},{"start":{},"end":{}}],"line":46},"18":{"loc":{"start":{"line":52,"column":16},"end":{"line":54,"column":17}},"type":"if","locations":[{"start":{"line":52,"column":16},"end":{"line":54,"column":17}},{"start":{},"end":{}}],"line":52},"19":{"loc":{"start":{"line":52,"column":20},"end":{"line":52,"column":61}},"type":"binary-expr","locations":[{"start":{"line":52,"column":20},"end":{"line":52,"column":45}},{"start":{"line":52,"column":49},"end":{"line":52,"column":61}}],"line":52},"20":{"loc":{"start":{"line":55,"column":16},"end":{"line":57,"column":17}},"type":"if","locations":[{"start":{"line":55,"column":16},"end":{"line":57,"column":17}},{"start":{},"end":{}}],"line":55},"21":{"loc":{"start":{"line":55,"column":20},"end":{"line":55,"column":57}},"type":"binary-expr","locations":[{"start":{"line":55,"column":20},"end":{"line":55,"column":37}},{"start":{"line":55,"column":41},"end":{"line":55,"column":57}}],"line":55},"22":{"loc":{"start":{"line":58,"column":16},"end":{"line":60,"column":17}},"type":"if","locations":[{"start":{"line":58,"column":16},"end":{"line":60,"column":17}},{"start":{},"end":{}}],"line":58},"23":{"loc":{"start":{"line":58,"column":20},"end":{"line":58,"column":57}},"type":"binary-expr","locations":[{"start":{"line":58,"column":20},"end":{"line":58,"column":37}},{"start":{"line":58,"column":41},"end":{"line":58,"column":57}}],"line":58},"24":{"loc":{"start":{"line":64,"column":16},"end":{"line":66,"column":17}},"type":"if","locations":[{"start":{"line":64,"column":16},"end":{"line":66,"column":17}},{"start":{},"end":{}}],"line":64},"25":{"loc":{"start":{"line":68,"column":16},"end":{"line":70,"column":17}},"type":"if","locations":[{"start":{"line":68,"column":16},"end":{"line":70,"column":17}},{"start":{},"end":{}}],"line":68},"26":{"loc":{"start":{"line":75,"column":16},"end":{"line":77,"column":17}},"type":"if","locations":[{"start":{"line":75,"column":16},"end":{"line":77,"column":17}},{"start":{},"end":{}}],"line":75},"27":{"loc":{"start":{"line":75,"column":20},"end":{"line":75,"column":73}},"type":"binary-expr","locations":[{"start":{"line":75,"column":20},"end":{"line":75,"column":44}},{"start":{"line":75,"column":48},"end":{"line":75,"column":73}}],"line":75},"28":{"loc":{"start":{"line":78,"column":16},"end":{"line":83,"column":17}},"type":"if","locations":[{"start":{"line":78,"column":16},"end":{"line":83,"column":17}},{"start":{},"end":{}}],"line":78},"29":{"loc":{"start":{"line":80,"column":20},"end":{"line":82,"column":21}},"type":"if","locations":[{"start":{"line":80,"column":20},"end":{"line":82,"column":
[...]
line":65,"column":12},"end":{"line":65,"column":77}},"31":{"start":{"line":66,"column":12},"end":{"line":66,"column":37}},"32":{"start":{"line":75,"column":25},"end":{"line":75,"column":79}},"33":{"start":{"line":76,"column":8},"end":{"line":76,"column":54}},"34":{"start":{"line":84,"column":8},"end":{"line":84,"column":76}},"35":{"start":{"line":85,"column":8},"end":{"line":85,"column":33}},"36":{"start":{"line":86,"column":8},"end":{"line":86,"column":35}},"37":{"start":{"line":87,"column":8},"end":{"line":87,"column":36}},"38":{"start":{"line":90,"column":8},"end":{"line":90,"column":52}},"39":{"start":{"line":93,"column":8},"end":{"line":93,"column":33}},"40":{"start":{"line":96,"column":8},"end":{"line":96,"column":39}},"41":{"start":{"line":104,"column":8},"end":{"line":113,"column":9}},"42":{"start":{"line":105,"column":28},"end":{"line":105,"column":50}},"43":{"start":{"line":106,"column":12},"end":{"line":106,"column":85}},"44":{"start":{"line":109,"column":12},"end":{"line":109,"column":44}},"45":{"start":{"line":112,"column":12},"end":{"line":112,"column":83}},"46":{"start":{"line":121,"column":8},"end":{"line":121,"column":86}},"47":{"start":{"line":122,"column":8},"end":{"line":122,"column":34}},"48":{"start":{"line":125,"column":8},"end":{"line":125,"column":55}},"49":{"start":{"line":128,"column":8},"end":{"line":130,"column":9}},"50":{"start":{"line":129,"column":12},"end":{"line":129,"column":37}},"51":{"start":{"line":138,"column":8},"end":{"line":138,"column":71}},"52":{"start":{"line":139,"column":8},"end":{"line":139,"column":48}},"53":{"start":{"line":149,"column":31},"end":{"line":149,"column":93}},"54":{"start":{"line":151,"column":8},"end":{"line":155,"column":11}},"55":{"start":{"line":157,"column":8},"end":{"line":157,"column":108}},"56":{"start":{"line":160,"column":8},"end":{"line":162,"column":9}},"57":{"start":{"line":161,"column":12},"end":{"line":161,"column":69}},"58":{"start":{"line":164,"column":8},"end":{"line":164,"column":30}},"59":{"start":{"line":172,"column":29},"end":{"line":172,"column":67}},"60":{"start":{"line":173,"column":8},"end":{"line":181,"column":9}},"61":{"start":{"line":174,"column":12},"end":{"line":174,"column":54}},"62":{"start":{"line":175,"column":12},"end":{"line":175,"column":97}},"63":{"start":{"line":178,"column":12},"end":{"line":180,"column":13}},"64":{"start":{"line":179,"column":16},"end":{"line":179,"column":83}},"65":{"start":{"line":189,"column":35},"end":{"line":189,"column":36}},"66":{"start":{"line":191,"column":8},"end":{"line":200,"column":11}},"67":{"start":{"line":192,"column":12},"end":{"line":199,"column":13}},"68":{"start":{"line":193,"column":16},"end":{"line":198,"column":17}},"69":{"start":{"line":194,"column":20},"end":{"line":194,"column":51}},"70":{"start":{"line":195,"column":20},"end":{"line":195,"column":43}},"71":{"start":{"line":197,"column":20},"end":{"line":197,"column":118}},"72":{"start":{"line":202,"column":8},"end":{"line":204,"column":9}},"73":{"start":{"line":203,"column":12},"end":{"line":203,"column":108}},"74":{"start":{"line":215,"column":8},"end":{"line":217,"column":9}},"75":{"start":{"line":216,"column":12},"end":{"line":216,"column":24}},"76":{"start":{"line":220,"column":8},"end":{"line":224,"column":9}},"77":{"start":{"line":221,"column":33},"end":{"line":221,"column":61}},"78":{"start":{"line":222,"column":26},"end":{"line":222,"column":57}},"79":{"start":{"line":223,"column":12},"end":{"line":223,"column":44}},"80":{"start":{"line":227,"column":8},"end":{"line":230,"column":9}},"81":{"start":{"line":228,"column":44},"end":{"line":228,"column":62}},"82":{"start":{"line":229,"column":12},"end":{"line":229,"column":88}},"83":{"start":{"line":232,"column":8},"end":{"line":232,"column":21}},"84":{"start":{"line":240,"column":8},"end":{"line":250,"column":9}},"85":{"start":{"line":241,"column":12},"end":{"line":246,"column":13}},"86":{"start":{"line":242,"column":16},"end":{"line":242,"column":61}},"87":{"start":{"line":243,"column":16},"end":{"line":243,"column":88}},"88":{"start":{"line":245,"column":16},"end":{"line":245,"column":85}},"89":{"start":{"line":248,"column":12},"end":{"line":248,"column":82}},"90":{"start":{"line":249,"column":12},"end":{"line":249,"column":44}},"91":{"start":{"line":259,"column":8},"end":{"line":264,"column":11}},"92":{"start":{"line":271,"column":8},"end":{"line":278,"column":9}},"93":{"start":{"line":272,"column":12},"end":{"line":272,"column":100}},"94":{"start":{"line":274,"column":12},"end":{"line":277,"column":13}},"95":{"start":{"line":275,"column":32},"end":{"line":275,"column":57}},"96":{"start":{"line":276,"column":16},"end":{"line":276,"column":35}},"97":{"start":{"line":285,"column":8},"end":{"line":287,"column":11}},"98":{"start":{"line":286,"column":12},"end":{"line":286,"column":77}},"99":{"start":{"line":294,"column":8},"end":{"line":298,"column":9}},"100":{"start":{"line":295,"column":12},"end":{"line":295,"column":83}},"101":{"start":{"line":296,"column":12},"end":{"line":296,"column":53}},"102":{"start":{"line":297,"column":12},"end":{"line":297,"column":19}},"103":{"start":{"line":300,"column":8},"end":{"line":300,"column":35}},"104":{"start":{"line":301,"column":8},"end":{"line":301,"column":33}},"105":{"start":{"line":303,"column":22},"end":{"line":303,"column":86}},"106":{"start":{"line":305,"column":8},"end":{"line":305,"column":140}},"107":{"start":{"line":307,"column":8},"end":{"line":309,"column":18}},"108":{"start":{"line":308,"column":12},"end":{"line":308,"column":27}},"109":{"start":{"line":317,"column":8},"end":{"line":317,"column":48}},"110":{"start":{"line":325,"column":22},"end":{"line":325,"column":64}},"111":{"start":{"line":326,"column":8},"end":{"line":328,"column":9}},"112":{"start":{"line":327,"column":12},"end":{"line":327,"column":54}},"113":{"start":{"line":336,"column":8},"end":{"line":342,"column":11}},"114":{"start":{"line":337,"column":12},"end":{"line":341,"column":13}},"115":{"start":{"line":338,"column":16},"end":{"line":338,"column":103}},"116":{"start":{"line":340,"column":16},"end":{"line":340,"column":92}},"117":{"start":{"line":349,"column":8},"end":{"line":352,"column":9}},"118":{"start":{"line":350,"column":12},"end":{"line":350,"column":73}},"119":{"start":{"line":351,"column":12},"end":{"line":351,"column":63}},"120":{"start":{"line":360,"column":8},"end":{"line":366,"column":10}},"121":{"start":{"line":374,"column":8},"end":{"line":374,"column":99}},"122":{"start":{"line":382,"column":8},"end":{"line":386,"column":10}},"123":{"start":{"line":391,"column":0},"end":{"line":391,"column":49}},"124":{"start":{"line":393,"column":0},"end":{"line":393,"column":97}}},"fnMap":{"0":{"name":"(anonymous_0)","decl":{"start":{"line":12,"column":4},"end":{"line":12,"column":5}},"loc":{"start":{"line":12,"column":18},"end":{"line":28,"column":5}},"line":12},"1":{"name":"(anonymous_1)","decl":{"start":{"line":34,"column":4},"end":{"line":34,"column":5}},"loc":{"start":{"line":34,"column":33},"end":{"line":36,"column":5}},"line":34},"2":{"name":"(anonymous_2)","decl":{"start":{"line":43,"column":4},"end":{"line":43,"column":5}},"loc":{"start":{"line":43,"column":30},"end":{"line":68,"column":5}},"line":43},"3":{"name":"(anonymous_3)","decl":{"start":{"line":59,"column":36},"end":{"line":59,"column":37}},"loc":{"start":{"line":59,"column":47},"end":{"line":59,"column":69}},"line":59},"4":{"name":"(anonymous_4)","decl":{"start":{"line":60,"column":39},"end":{"line":60,"column":40}},"loc":{"start":{"line":60,"column":50},"end":{"line":60,"column":75}},"line":60},"5":{"name":"(anonymous_5)","decl":{"start":{"line":61,"column":37},"end":{"line":61,"column":38}},"loc":{"start":{"line":61,"column":48},"end":{"line":61,"column":71}},"line":61},"6":{"name":"(anonymous_6)","decl":{"start":{"line":62,"column":37},"end":{"line":62,"column":38}},"loc":{"start":{"line":62,"column":48},"end":{"line":62,"column":71}},"line":62},"7":{"name":"(anonymous_7)","decl":{"start":{"line":74,"column":4},"end":{"line":74,"column":5}},"loc":{"start":{"line":74,"column":24},"end":{"line":77,"column":5}},"line":74},"8":{"name":"(anonymous_8)","decl":{"start":{"line":83,"column":4},"end":{"line":83,"column":5}},"loc":{"start":{"line":83,"column":22},"end":{"line":97,"column":5}},"line":83},"9":{"name":"(anonymous_9)","decl":{"start":{"line":103,"column":4},"end":{"line":103,"column":5}},"loc":{"start":{"line":103,"column":25},"end":{"line":114,"column":5}},"line":103},"10":{"name":"(anonymous_10)","decl":{"start":{"line":120,"column":4},"end":{"line":120,"column":5}},"loc":{"start":{"line":120,"column":23},"end":{"line":131,"column":5}},"line":120},"11":{"name":"(anonymous_11)","decl":{"start":{"line":137,"column":4},"end":{"line":137,"column":5}},"loc":{"start":{"line":137,"column":23},"end":{"line":140,"column":5}},"line":137},"12":{"name":"(anonymous_12)","decl":{"start":{"line":148,"column":4},"end":{"line":148,"column":5}},"loc":{"start":{"line":148,"column":38},"end":{"line":165,"column":5}},"line":148},"13":{"name":"(anonymous_13)","decl":{"start":{"line":171,"column":4},"end":{"line":171,"column":5}},"loc":{"start":{"line":171,"column":32},"end":{"line":182,"column":5}},"line":171},"14":{"name":"(anonymous_14)","decl":{"start":{"line":188,"column":4},"end":{"line":188,"column":5}},"loc":{"start":{"line":188,"column":31},"end":{"line":205,"column":5}},"line":188},"15":{"name":"(anonymous_15)","decl":{"start":{"line":191,"column":35},"end":{"line":191,"column":36}},"loc":{"start":{"line":191,"column":69},"end":{"line":200,"column":9}},"line":191},"16":{"name":"(anonymous_16)","decl":{"start":{"line":213,"column":4},"end":{"line":213,"column":5}},"loc":{"start":{"line":213,"column":37},"end":{"line":233,"column":5}},"line":213},"17":{"name":"(anonymous_17)","decl":{"start":{"line":239,"column":4},"end":{"line":239,"column":5}},"loc":{"start":{"line":239,"column":18},"end":{"line":251,"column":5}},"line":239},"18":{"name":"(anonymous_18)","decl":{"start":{"line":258,"column":4},"end":{"line":258,"column":5}},"loc":{"start":{"line":258,"column":46},"end":{"line":265,"column":5}},"line":258},"19":{"name":"(anonymous_19)","decl":{"start":{"line":270,"column":4},"end":{"line":270,"column":5}},"loc":{"start":{"line":270,"column":24},"end":{"line":279,"column":5}},"line":270},"20":{"name":"(anonymous_20)","decl":{"start":{"line":284,"column":4},"end":{"line":284,"column":5}},"loc":{"start":{"line":284,"column":30},"end":{"line":288,"column":5}},"line":284},"21":{"name":"(anonymous_21)","decl":{"start":{"line":285,"column":35},"end":{"line":285,"column":36}},"loc":{"start":{"line":285,"column":53},"end":{"line":287,"column":9}},"line":285},"22":{"name":"(anonymous_22)","decl":{"start":{"line":293,"column":4},"end":{"line":293,"column":5}},"loc":{"start":{"line":293,"column":24},"end":{"line":310,"column":5}},"line":293},"23":{"name":"(anonymous_23)","decl":{"start":{"line":307,"column":19},"end":{"line":307,"column":20}},"loc":{"start":{"line":307,"column":25},"end":{"line":309,"column":9}},"line":307},"24":{"name":"(anonymous_24)","decl":{"start":{"line":316,"column":4},"end":{"line":316,"column":5}},"loc":{"start":{"line":316,"column":36},"end":{"line":318,"column":5}},"line":316},"25":{"name":"(anonymous_25)","decl":{"start":{"line":324,"column":4},"end":{"line":324,"column":5}},"loc":{"start":{"line":324,"column":39},"end":{"line":329,"column":5}},"line":324},"26":{"name":"(anonymous_26)","decl":{"start":{"line":335,"column":4},"end":{"line":335,"column":5}},"loc":{"start":{"line":335,"column":38},"end":{"line":343,"column":5}},"line":335},"27":{"name":"(anonymous_27)","decl":{"start":{"line":336,"column":41},"end":{"line":336,"column":42}},"loc":{"start":{"line":336,"column":53},"end":{"line":342,"column":9}},"line":336},"28":{"name":"(anonymous_28)","decl":{"start":{"line":348,"column":4},"end":{"line":348,"column":5}},"loc":{"start":{"line":348,"column":17},"end":{"line":353,"column":5}},"line":348},"29":{"name":"(anonymous_29)","decl":{"start":{"line":359,"column":4},"end":{"line":359,"column":5}},"loc":{"start":{"line":359,"column":26},"end":{"line":367,"column":5}},"line":359},"30":{"name":"(anonymous_30)","decl":{"start":{"line":373,"column":4},"end":{"line":373,"column":5}},"loc":{"start":{"line":373,"column":18},"end":{"line":375,"column":5}},"line":373},"31":{"name":"(anonymous_31)","decl":{"start":{"line":381,"column":4},"end":{"line":381,"column":5}},"loc":{"start":{"line":381,"column":15},"end":{"line":387,"column":5}},"line":381}},"branchMap":{"0":{"loc":{"start":{"line":43,"column":18},"end":{"line":43,"column":28}},"type":"default-arg","locations":[{"start":{"line":43,"column":24},"end":{"line":43,"column":28}}],"line":43},"1":{"loc":{"start":{"line":45,"column":12},"end":{"line":48,"column":13}},"type":"if","locations":[{"start":{"line":45,"column":12},"end":{"line":48,"column":13}},{"start":{},"end":{}}],"line":45},"2":{"loc":{"start":{"line":45,"column":16},"end":{"line":45,"column":78}},"type":"binary-expr","locations":[{"start":{"line":45,"column":16},"end":{"line":45,"column":30}},{"start":{"line":45,"column":34},"end":{"line":45,"column":78}}],"line":45},"3":{"loc":{"start":{"line":50,"column":26},"end":{"line":50,"column":57}},"type":"binary-expr","locations":[{"start":{"line":50,"column":26},"end":{"line":50,"column":29}},{"start":{"line":50,"column":33},"end":{"line":50,"column":57}}],"line":50},"4":{"loc":{"start":{"line":53,"column":12},"end":{"line":57,"column":13}},"type":"if","locations":[{"start":{"line":53,"column":12},"end":{"line":57,"column":13}},{"start":{"line":55,"column":19},"end":{"line":57,"column":13}}],"line":53},"5":{"loc":{"start":{"line":75,"column":25},"end":{"line":75,"column":79}},"type":"cond-expr","locations":[{"start":{"line":75,"column":65},"end":{"line":75,"column":71}},{"start":{"line":75,"column":74},"end":{"line":75,"column":79}}],"line":75},"6":{"loc":{"start":{"line":128,"column":8},"end":{"line":130,"column":9}},"type":"if","locations":[{"start":{"line":128,"column":8},"end":{"line":130,"column":9}},{"start":{},"end":{}}],"line":128},"7":{"loc":{"start":{"line":128,"column":12},"end":{"line":128,"column":51}},"type":"binary-expr","locations":[{"start":{"line":128,"column":12},"end":{"line":128,"column":27}},{"start":{"line":128,"column":31},"end":{"line":128,"column":51}}],"line":128},"8":{"loc":{"start":{"line":160,"column":8},"end":{"line":162,"column":9}},"type":"if","locations":[{"start":{"line":160,"column":8},"end":{"line":162,"column":9}},{"start":{},"end":{}}],"line":160},"9":{"loc":{"start":{"line":173,"column":8},"end":{"line":181,"column":9}},"type":"if","locations":[{"start":{"line":173,"column":8},"end":{"line":181,"column":9}},{"start":{},"end":{}}],"line":173},"10":{"loc":{"start":{"line":178,"column":12},"end":{"line":180,"column":13}},"type":"if","locations":[{"start":{"line":178,"column":12},"end":{"line":180,"column":13}},{"start":{},"end":{}}],"line":178},"11":{"loc":{"start":{"line":192,"column":12},"end":{"line":199,"column":13}},"type":"if","locations":[{"start":{"line":192,"column":12},"end":{"line":199,"column":13}},{"start":{},"end":{}}],"line":192},"12":{"loc":{"start":{"line":202,"column":8},"end":{"line":204,"column":9}},"type":"if","locations":[{"start":{"line":202,"column":8},"end":{"line":204,"column":9}},{"start":{},"end":{}}],"line":202},"13":{"loc":{"start":{"line":215,"column":8},"end":{"line":217,"column":9}},"type":"if","locations":[{"start":{"line":215,"column":8},"end":{"line":217,"column":9}},{"start":{},"end":{}}],"line":215},"14":{"loc":{"start":{"line":220,"column":8},"end":{"line":224,"column":9}},"type":"if","locations":[{"start":{"line":220,"column":8},"end":{"line":224,"column":9}},{"start":{},"end":{}}],"line":220},"15":{"loc":{"start":{"line":227,"column":8},"end":{"line":230,"column":9}},"type":"if","locations":[{"start":{"line":227,"column":8},"end":{"line":230,"column":9}},{"start":{},"end":{}}],"line":227},"16":{"loc":{"start":{"line":227,"column":12},"end":{"line":227,"column":76}},"type":"binary-expr","locations":[{"start":{"line":227,"column":12},"end":{"line":227,"column":33}},{"start":{"line":227,"column":37},"end":{"line":227,"column":49}},{"start":{"line":227,"column":53},"end":{"line":227,"column":76}}],"line":227},"17":{"loc":{"start":{"line":229,"column":19},"end":{"line":229,"column":87}},"type":"binary-expr","locations":[{"start":{"line":229,"column":19},"end":{"line":229,"column":45}},{"start":{"line":229,"column":49},"end":{"line":229,"column":87}}],"line":229},"18":{"loc":{"start":{"line":240,"column":8},"end":{"line":250,"column":9}},"type":"if","locations":[{"start":{"line":240,"column":8},"end":{"line":250,"column":9}},{"start":{"line":247,"column":15},"end":{"line":250,"column":9}}],"line":240},"19":{"loc":{"start":{"line":240,"column":12},"end":{"line":240,"column":77}},"type":"binary-expr","locations":[{"start":{"line":240,"column":12},"end":{"line":240,"column":29}},{"start":{"line":240,"column":33},"end":{"line":240,"column":77}}],"line":240},"20":{"loc":{"start":{"line":271,"column":8},"end":{"line":278,"column":9}},"type":"if","locations":[{"start":{"line":271,"column":8},"end":{"line":278,"column":9}},{"start":{},"end":{}}],"line":271},"21":{"loc":{"start":{"line":294,"column":8},"end":{"line":298,"column":9}},"type":"if","locations":[{"start":{"line":294,"column":8},"end":{"line":298,"column":9}},{"start":{},"end":{}}],"line":294},"22":{"loc":{"start":{"line":326,"column":8},"end":{"line":328,"column":9}},"type":"if","locations":[{"start":{"line":326,"column":8},"end":{"line":328,"column":9}},{"start":{},"end":{}}],"line":326},"23":{"loc":{"start":{"line":349,"column":8},"end":{"line":352,"column":9}},"type":"if","locations":[{"start":{"line":349,"column":8},"end":{"line":352,"column":9}},{"start":{},"end":{}}],"line":349},"24":{"loc":{"start":{"line":362,"column":24},"end":{"line":362,"column":71}},"type":"cond-expr","locations":[{"start":{"line":362,"column":41},"end":{"line":362,"column":66}},{"start":{"line":362,"column":69},"end":{"line":362,"column":71}}],"line":362},"25":{"loc":{"start":{"line":374,"column":15},"end":{"line":374,"column":98}},"type":"binary-expr","locations":[{"start":{"line":374,"column":15},"end":{"line":374,"column":32}},{"start":{"line":374,"column":36},"end":{"line":374,"column":50}},{"start":{"line":374,"column":54},"end":{"line":374,"column":98}}],"line":374}},"s":{"0":1,"1":1,"2":1,"3":1,"4":1,"5":1,"6":1,"7":1,"8":1,"9":1,"10":1,"11":1,"12":0,"13":12,"14":12,"15":9,"16":9,"17":3,"18":3,"19":3,"20":0,"21":3,"22":3,"23":11,"24":3,"25":5,"26":3,"27":2,"28":3,"29":1,"30":0,"31":0,"32":0,"33":0,"34":11,"35":11,"36":11,"37":11,"38":11,"39":11,"40":11,"41":5,"42":5,"43":5,"44":5,"45":0,"46":2,"47":2,"48":2,"49":2,"50":1,"51":1,"52":1,"53":7,"54":7,"55":7,"56":7,"57":7,"58":7,"59":2,"60":2,"61":2,"62":2,"63":2,"64":2,"65":5,"66":5,"67":18,"68":3,"69":3,"70":3,"71":0,"72":5,"73":2,"74":18,"75":1,"76":17,"77":4,"78":4,"79":4,"80":13,"81":3,"82":3,"83":10,"84":41,"85":40,"86":40,"87":40,"88":0,"89":1,"90":1,"91":38,"92":11,"93":1,"94":1,"95":1,"96":1,"97":11,"98":29,"99":1,"100":0,"101":0,"102":0,"103":1,"104":1,"105":1,"106":1,"107":1,"108":0,"109":2,"110":0,"111":0,"112":0,"113":14,"114":25,"115":25,"116":0,"117":1,"118":1,"119":1,"120":0,"121":2,"122":0,"123":1,"124":1},"f":{"0":1,"1":0,"2":12,"3":11,"4":5,"5":2,"6":1,"7":0,"8":11,"9":5,"10":2,"11":1,"12":7,"13":2,"14":5,"15":18,"16":18,"17":41,"18":38,"19":11,"20":11,"21":29,"22":1,"23":0,"24":2,"25":0,"26":14,"27":25,"28":1,"29":0,"30":2,"31":0},"b":{"0":[12],"1":[9,3],"2":[12,10],"3":[3,3],"4":[0,3],"5":[0,0],"6":[1,1],"7":[2,1],"8":[7,0],"9":[2,0],"10":[2,0],"11":[3,15],"12":[2,3],"13":[1,17],"14":[4,13],"15":[3,10],"16":[13,4,4],"17":[3,2],"18":[40,1],"19":[41,40],"20":[1,10],"21":[0,1],"22":[0,0],"23":[1,0],"24":[0,0],"25":[2,1,1]},"_coverageSchema":"1a1c01bbd47fc00a2c39e90264f33305004495a9","hash":"e93b8338a99531d35c9a02a6e201d2eb80bd1b46"}
}
