TN:
SF:backend/neo4j_connector.js
FN:4,(anonymous_0)
FN:17,(anonymous_1)
FN:40,(anonymous_2)
FN:51,(anonymous_3)
FN:69,(anonymous_4)
FNF:5
FNH:5
FNDA:4,(anonymous_0)
FNDA:4,(anonymous_1)
FNDA:1,(anonymous_2)
FNDA:1,(anonymous_3)
FNDA:4,(anonymous_4)
DA:1,4
DA:5,4
DA:6,4
DA:9,4
DA:10,4
DA:11,4
DA:18,4
DA:19,4
DA:21,4
DA:27,4
DA:28,0
DA:30,0
DA:32,4
DA:33,4
DA:41,1
DA:42,0
DA:45,1
DA:52,1
DA:54,1
DA:55,1
DA:56,1
DA:57,0
DA:59,1
DA:60,1
DA:62,1
DA:70,4
DA:71,4
DA:72,4
DA:73,4
DA:74,4
DA:80,4
DA:82,4
LF:32
LH:28
BRDA:41,0,0,0
BRDA:41,0,1,1
BRDA:51,1,0,1
BRDA:70,2,0,4
BRDA:70,2,1,0
BRF:5
BRH:3
end_of_record
TN:
SF:backend/server_evolved.js
FN:20,(anonymous_0)
FN:57,(anonymous_1)
FN:77,(anonymous_2)
FN:88,(anonymous_3)
FN:94,(anonymous_4)
FN:95,(anonymous_5)
FN:107,(anonymous_6)
FN:113,(anonymous_7)
FN:120,(anonymous_8)
FN:127,(anonymous_9)
FN:135,(anonymous_10)
FN:152,(anonymous_11)
FN:159,(anonymous_12)
FN:177,(anonymous_13)
FN:184,(anonymous_14)
FN:201,(anonymous_15)
FN:213,(anonymous_16)
FN:218,(anonymous_17)
FN:230,(anonymous_18)
FN:232,(anonymous_19)
FN:241,(anonymous_20)
FN:269,(anonymous_21)
FN:303,(anonymous_22)
FN:341,(anonymous_23)
FN:381,(anonymous_24)
FN:405,(anonymous_25)
FN:432,(anonymous_26)
FN:438,(anonymous_27)
FN:485,(anonymous_28)
FN:511,(anonymous_29)
FN:569,(anonymous_30)
FN:617,(anonymous_31)
FN:639,(anonymous_32)
FN:640,(anonymous_33)
FN:675,(anonymous_34)
FN:703,(anonymous_35)
FN:737,(anonymous_36)
FN:777,(anonymous_37)
FN:811,(anonymous_38)
FN:835,(anonymous_39)
FN:866,(anonymous_40)
FN:892,(anonymous_41)
FN:924,(anonymous_42)
FN:927,(anonymous_43)
FN:951,(anonymous_44)
FN:990,(anonymous_45)
FN:1019,(anonymous_46)
FN:1037,(anonymous_47)
FN:1042,(anonymous_48)
FN:1065,(anonymous_49)
FN:1096,(anonymous_50)
FN:1125,(anonymous_51)
FN:1155,(anonymous_52)
FN:1157,(anonymous_53)
FN:1167,(anonymous_54)
FN:1177,(anonymous_55)
FN:1178,(anonymous_56)
FN:1200,(anonymous_57)
FN:1203,(anonymous_58)
FN:1210,(anonymous_59)
FN:1211,(anonymous_60)
FN:1245,(anonymous_61)
FN:1256,(anonymous_62)
FN:1268,(anonymous_63)
FN:1273,(anonymous_64)
FN:1280,(anonymous_65)
FN:1290,(anonymous_66)
FNF:67
FNH:9
FNDA:1,(anonymous_0)
FNDA:0,(anonymous_1)
FNDA:1,(anonymous_2)
FNDA:0,(anonymous_3)
FNDA:1,(anonymous_4)
FNDA:0,(anonymous_5)
FNDA:0,(anonymous_6)
FNDA:0,(anonymous_7)
FNDA:1,(anonymous_8)
FNDA:0,(anonymous_9)
FNDA:0,(anonymous_10)
FNDA:0,(anonymous_11)
FNDA:0,(anonymous_12)
FNDA:0,(anonymous_13)
FNDA:0,(anonymous_14)
FNDA:0,(anonymous_15)
FNDA:0,(anonymous_16)
FNDA:0,(anonymous_17)
FNDA:1,(anonymous_18)
FNDA:0,(anonymous_19)
FNDA:0,(anonymous_20)
FNDA:0,(anonymous_21)
FNDA:0,(anonymous_22)
FNDA:0,(anonymous_23)
FNDA:0,(anonymous_24)
FNDA:0,(anonymous_25)
FNDA:0,(anonymous_26)
FNDA:0,(anonymous_27)
FNDA:0,(anonymous_28)
FNDA:0,(anonymous_29)
FNDA:0,(anonymous_30)
FNDA:0,(anonymous_31)
FNDA:0,(anonymous_32)
FNDA:0,(anonymous_33)
FNDA:0,(anonymous_34)
FNDA:0,(anonymous_35)
FNDA:0,(anonymous_36)
FNDA:0,(anonymous_37)
FNDA:0,(anonymous_38)
FNDA:0,(anonymous_39)
FNDA:0,(anonymous_40)
FNDA:0,(anonymous_41)
FNDA:0,(anonymous_42)
FNDA:0,(anonymous_43)
FNDA:0,(anonymous_44)
FNDA:0,(anonymous_45)
FNDA:0,(anonymous_46)
FNDA:0,(anonymous_47)
FNDA:0,(anonymous_48)
FNDA:0,(anonymous_49)
FNDA:0,(anonymous_50)
FNDA:0,(anonymous_51)
FNDA:0,(anonymous_52)
FNDA:0,(anonymous_53)
FNDA:1,(anonymous_54)
FNDA:0,(anonymous_55)
FNDA:0,(anonymous_56)
FNDA:1,(anonymous_57)
FNDA:0,(anonymous_58)
FNDA:1,(anonymous_59)
FNDA:1,(anonymous_60)
FNDA:0,(anonymous_61)
FNDA:0,(anonymous_62)
FNDA:0,(anonymous_63)
FNDA:0,(anonymous_64)
FNDA:0,(anonymous_65)
FNDA:0,(anonymous_66)
DA:1,1
DA:2,1
DA:3,1
DA:4,1
DA:5,1
DA:8,1
DA:9,1
DA:10,1
DA:11,1
DA:14,1
DA:15,1
DA:16,1
DA:17,1
DA:21,1
DA:22,1
DA:23,1
DA:24,1
DA:28,1
DA:31,1
DA:38,1
DA:41,1
DA:42,1
DA:43,1
DA:46,1
DA:48,1
DA:49,1
DA:50,1
DA:51,1
DA:58,0
DA:59,0
DA:62,0
DA:63,0
DA:66,0
DA:67,0
DA:69,0
DA:72,0
DA:73,0
DA:79,1
DA:82,1
DA:85,1
DA:88,1
DA:89,0
DA:90,0
DA:95,1
DA:96,0
DA:97,0
DA:100,0
DA:107,0
DA:108,0
DA:109,0
DA:113,0
DA:114,0
DA:115,0
DA:124,1
DA:128,0
DA:135,0
DA:136,0
DA:137,0
DA:141,0
DA:149,1
DA:153,0
DA:159,0
DA:160,0
DA:161,0
DA:165,0
DA:174,1
DA:178,0
DA:184,0
DA:185,0
DA:186,0
DA:190,0
DA:198,1
DA:202,0
DA:212,1
DA:215,0
DA:219,0
DA:227,1
DA:232,1
DA:233,0
DA:241,1
DA:242,0
DA:243,0
DA:244,0
DA:246,0
DA:251,0
DA:253,0
DA:260,0
DA:261,0
DA:269,1
DA:270,0
DA:271,0
DA:272,0
DA:274,0
DA:279,0
DA:281,0
DA:282,0
DA:288,0
DA:294,0
DA:295,0
DA:303,1
DA:304,0
DA:305,0
DA:307,0
DA:308,0
DA:314,0
DA:317,0
DA:326,0
DA:332,0
DA:333,0
DA:341,1
DA:342,0
DA:343,0
DA:344,0
DA:346,0
DA:347,0
DA:353,0
DA:356,0
DA:366,0
DA:372,0
DA:373,0
DA:381,1
DA:382,0
DA:383,0
DA:384,0
DA:386,0
DA:387,0
DA:389,0
DA:396,0
DA:397,0
DA:405,1
DA:406,0
DA:407,0
DA:413,0
DA:419,0
DA:420,0
DA:432,1
DA:433,0
DA:434,0
DA:437,0
DA:438,0
DA:440,0
DA:441,0
DA:448,0
DA:456,0
DA:457,0
DA:460,0
DA:463,0
DA:466,0
DA:474,0
DA:476,0
DA:477,0
DA:485,1
DA:486,0
DA:487,0
DA:489,0
DA:491,0
DA:493,0
DA:494,0
DA:500,0
DA:502,0
DA:503,0
DA:511,1
DA:512,0
DA:513,0
DA:514,0
DA:516,0
DA:519,0
DA:520,0
DA:521,0
DA:528,0
DA:535,0
DA:536,0
DA:540,0
DA:541,0
DA:545,0
DA:548,0
DA:558,0
DA:560,0
DA:561,0
DA:569,1
DA:570,0
DA:571,0
DA:573,0
DA:576,0
DA:577,0
DA:578,0
DA:586,0
DA:591,0
DA:594,0
DA:603,0
DA:608,0
DA:609,0
DA:617,1
DA:618,0
DA:625,0
DA:627,0
DA:630,0
DA:631,0
DA:632,0
DA:633,0
DA:636,0
DA:639,0
DA:640,0
DA:641,0
DA:646,0
DA:647,0
DA:648,0
DA:649,0
DA:651,0
DA:662,0
DA:663,0
DA:675,1
DA:676,0
DA:677,0
DA:681,0
DA:682,0
DA:684,0
DA:687,0
DA:694,0
DA:695,0
DA:703,1
DA:704,0
DA:705,0
DA:709,0
DA:710,0
DA:712,0
DA:715,0
DA:716,0
DA:722,0
DA:728,0
DA:729,0
DA:737,1
DA:738,0
DA:740,0
DA:743,0
DA:745,0
DA:747,0
DA:748,0
DA:756,0
DA:757,0
DA:759,0
DA:762,0
DA:768,0
DA:769,0
DA:777,1
DA:778,0
DA:779,0
DA:780,0
DA:782,0
DA:783,0
DA:790,0
DA:791,0
DA:793,0
DA:796,0
DA:802,0
DA:803,0
DA:811,1
DA:812,0
DA:813,0
DA:814,0
DA:816,0
DA:822,0
DA:823,0
DA:835,1
DA:836,0
DA:837,0
DA:838,0
DA:840,0
DA:843,0
DA:852,0
DA:857,0
DA:858,0
DA:866,1
DA:867,0
DA:868,0
DA:869,0
DA:871,0
DA:872,0
DA:878,0
DA:883,0
DA:884,0
DA:892,1
DA:893,0
DA:894,0
DA:895,0
DA:897,0
DA:900,0
DA:910,0
DA:915,0
DA:916,0
DA:924,1
DA:925,0
DA:926,0
DA:927,0
DA:932,0
DA:938,0
DA:939,0
DA:951,1
DA:952,0
DA:953,0
DA:955,0
DA:956,0
DA:962,0
DA:970,0
DA:976,0
DA:981,0
DA:982,0
DA:990,1
DA:991,0
DA:992,0
DA:995,0
DA:996,0
DA:997,0
DA:998,0
DA:999,0
DA:1001,0
DA:1003,0
DA:1010,0
DA:1011,0
DA:1019,1
DA:1020,0
DA:1021,0
DA:1023,0
DA:1028,0
DA:1029,0
DA:1037,1
DA:1038,0
DA:1039,0
DA:1041,0
DA:1042,0
DA:1044,0
DA:1045,0
DA:1051,0
DA:1056,0
DA:1057,0
DA:1065,1
DA:1066,0
DA:1067,0
DA:1068,0
DA:1070,0
DA:1073,0
DA:1082,0
DA:1087,0
DA:1088,0
DA:1096,1
DA:1097,0
DA:1098,0
DA:1100,0
DA:1103,0
DA:1111,0
DA:1116,0
DA:1117,0
DA:1125,1
DA:1126,0
DA:1127,0
DA:1128,0
DA:1130,0
DA:1136,0
DA:1143,0
DA:1144,0
DA:1156,0
DA:1157,0
DA:1158,0
DA:1159,0
DA:1168,1
DA:1170,1
DA:1171,1
DA:1174,0
DA:1177,0
DA:1178,0
DA:1179,0
DA:1180,0
DA:1181,0
DA:1183,0
DA:1184,0
DA:1185,0
DA:1186,0
DA:1187,0
DA:1192,1
DA:1193,1
DA:1201,1
DA:1203,1
DA:1204,0
DA:1205,0
DA:1210,1
DA:1211,1
DA:1212,1
DA:1213,1
DA:1218,1
DA:1219,1
DA:1221,1
DA:1224,0
DA:1225,0
DA:1230,1
DA:1237,1
DA:1238,0
DA:1239,0
DA:1241,0
DA:1242,0
DA:1245,0
DA:1246,0
DA:1247,0
DA:1248,0
DA:1249,0
DA:1251,0
DA:1252,0
DA:1256,0
DA:1257,0
DA:1258,0
DA:1259,0
DA:1260,0
DA:1262,0
DA:1263,0
DA:1268,0
DA:1269,0
DA:1270,0
DA:1273,0
DA:1274,0
DA:1275,0
DA:1279,0
DA:1281,0
DA:1282,0
DA:1283,0
DA:1284,0
DA:1285,0
DA:1286,0
DA:1287,0
DA:1288,0
DA:1291,0
DA:1292,0
LF:430
LH:83
BRDA:136,0,0,0
BRDA:136,0,1,0
BRDA:160,1,0,0
BRDA:160,1,1,0
BRDA:185,2,0,0
BRDA:185,2,1,0
BRDA:215,3,0,0
BRDA:215,3,1,0
BRDA:215,3,2,0
BRDA:222,4,0,0
BRDA:222,4,1,0
BRDA:248,5,0,0
BRDA:248,5,1,0
BRDA:276,6,0,0
BRDA:276,6,1,0
BRDA:281,7,0,0
BRDA:281,7,1,0
BRDA:305,8,0,0
BRDA:305,9,0,0
BRDA:307,10,0,0
BRDA:307,10,1,0
BRDA:344,11,0,0
BRDA:346,12,0,0
BRDA:346,12,1,0
BRDA:386,13,0,0
BRDA:386,13,1,0
BRDA:440,14,0,0
BRDA:440,14,1,0
BRDA:456,15,0,0
BRDA:456,15,1,0
BRDA:456,16,0,0
BRDA:456,16,1,0
BRDA:493,17,0,0
BRDA:493,17,1,0
BRDA:520,18,0,0
BRDA:520,18,1,0
BRDA:531,19,0,0
BRDA:531,19,1,0
BRDA:535,20,0,0
BRDA:535,20,1,0
BRDA:535,21,0,0
BRDA:535,21,1,0
BRDA:577,22,0,0
BRDA:577,22,1,0
BRDA:623,23,0,0
BRDA:624,24,0,0
BRDA:631,25,0,0
BRDA:631,25,1,0
BRDA:632,26,0,0
BRDA:632,26,1,0
BRDA:633,27,0,0
BRDA:633,27,1,0
BRDA:681,28,0,0
BRDA:681,28,1,0
BRDA:691,29,0,0
BRDA:691,29,1,0
BRDA:709,30,0,0
BRDA:709,30,1,0
BRDA:715,31,0,0
BRDA:715,31,1,0
BRDA:725,32,0,0
BRDA:725,32,1,0
BRDA:743,33,0,0
BRDA:743,33,1,0
BRDA:747,34,0,0
BRDA:747,34,1,0
BRDA:756,35,0,0
BRDA:756,35,1,0
BRDA:765,36,0,0
BRDA:765,36,1,0
BRDA:782,37,0,0
BRDA:782,37,1,0
BRDA:790,38,0,0
BRDA:790,38,1,0
BRDA:799,39,0,0
BRDA:799,39,1,0
BRDA:871,40,0,0
BRDA:871,40,1,0
BRDA:953,41,0,0
BRDA:955,42,0,0
BRDA:955,42,1,0
BRDA:955,43,0,0
BRDA:955,43,1,0
BRDA:955,43,2,0
BRDA:995,44,0,0
BRDA:995,44,1,0
BRDA:996,45,0,0
BRDA:996,45,1,0
BRDA:997,46,0,0
BRDA:997,46,1,0
BRDA:998,47,0,0
BRDA:998,47,1,0
BRDA:999,48,0,0
BRDA:999,48,1,0
BRDA:1044,49,0,0
BRDA:1044,49,1,0
BRDA:1132,50,0,0
BRDA:1132,50,1,0
BRDA:1133,51,0,0
BRDA:1133,51,1,0
BRDA:1158,52,0,0
BRDA:1158,52,1,0
BRDA:1167,53,0,0
BRDA:1179,54,0,0
BRDA:1179,54,1,0
BRDA:1204,55,0,0
BRDA:1204,55,1,0
BRDA:1237,56,0,0
BRDA:1237,56,1,1
BRDA:1242,57,0,0
BRDA:1242,57,1,0
BRF:111
BRH:1
end_of_record
TN:
SF:backend/core/attributeDefinition.js
FN:5,(anonymous_0)
FN:32,(anonymous_1)
FN:137,(anonymous_2)
FN:170,(anonymous_3)
FN:194,(anonymous_4)
FNF:5
FNH:0
FNDA:0,(anonymous_0)
FNDA:0,(anonymous_1)
FNDA:0,(anonymous_2)
FNDA:0,(anonymous_3)
FNDA:0,(anonymous_4)
DA:6,0
DA:7,0
DA:8,0
DA:9,0
DA:10,0
DA:11,0
DA:14,0
DA:15,0
DA:16,0
DA:17,0
DA:20,0
DA:23,0
DA:24,0
DA:34,0
DA:35,0
DA:39,0
DA:40,0
DA:44,0
DA:46,0
DA:47,0
DA:49,0
DA:52,0
DA:53,0
DA:55,0
DA:56,0
DA:58,0
DA:59,0
DA:61,0
DA:64,0
DA:65,0
DA:67,0
DA:68,0
DA:69,0
DA:71,0
DA:75,0
DA:76,0
DA:78,0
DA:79,0
DA:80,0
DA:81,0
DA:84,0
DA:87,0
DA:88,0
DA:90,0
DA:93,0
DA:94,0
DA:96,0
DA:99,0
DA:100,0
DA:102,0
DA:103,0
DA:105,0
DA:109,0
DA:110,0
DA:113,0
DA:117,0
DA:121,0
DA:122,0
DA:123,0
DA:124,0
DA:128,0
DA:138,0
DA:140,0
DA:141,0
DA:142,0
DA:144,0
DA:147,0
DA:148,0
DA:150,0
DA:153,0
DA:154,0
DA:156,0
DA:160,0
DA:163,0
DA:171,0
DA:195,0
DA:199,4
LF:77
LH:1
BRDA:7,0,0,0
BRDA:7,0,1,0
BRDA:8,1,0,0
BRDA:8,1,1,0
BRDA:9,2,0,0
BRDA:9,2,1,0
BRDA:10,3,0,0
BRDA:10,3,1,0
BRDA:11,4,0,0
BRDA:11,4,1,0
BRDA:14,5,0,0
BRDA:14,5,1,0
BRDA:15,6,0,0
BRDA:15,6,1,0
BRDA:16,7,0,0
BRDA:16,7,1,0
BRDA:17,8,0,0
BRDA:17,8,1,0
BRDA:20,9,0,0
BRDA:20,9,1,0
BRDA:23,10,0,0
BRDA:23,10,1,0
BRDA:24,11,0,0
BRDA:24,11,1,0
BRDA:34,12,0,0
BRDA:34,12,1,0
BRDA:34,13,0,0
BRDA:34,13,1,0
BRDA:34,13,2,0
BRDA:34,13,3,0
BRDA:39,14,0,0
BRDA:39,14,1,0
BRDA:39,15,0,0
BRDA:39,15,1,0
BRDA:44,16,0,0
BRDA:44,16,1,0
BRDA:44,16,2,0
BRDA:44,16,3,0
BRDA:44,16,4,0
BRDA:44,16,5,0
BRDA:44,16,6,0
BRDA:44,16,7,0
BRDA:44,16,8,0
BRDA:46,17,0,0
BRDA:46,17,1,0
BRDA:52,18,0,0
BRDA:52,18,1,0
BRDA:52,19,0,0
BRDA:52,19,1,0
BRDA:55,20,0,0
BRDA:55,20,1,0
BRDA:55,21,0,0
BRDA:55,21,1,0
BRDA:58,22,0,0
BRDA:58,22,1,0
BRDA:58,23,0,0
BRDA:58,23,1,0
BRDA:64,24,0,0
BRDA:64,24,1,0
BRDA:68,25,0,0
BRDA:68,25,1,0
BRDA:75,26,0,0
BRDA:75,26,1,0
BRDA:75,27,0,0
BRDA:75,27,1,0
BRDA:78,28,0,0
BRDA:78,28,1,0
BRDA:80,29,0,0
BRDA:80,29,1,0
BRDA:87,30,0,0
BRDA:87,30,1,0
BRDA:93,31,0,0
BRDA:93,31,1,0
BRDA:93,32,0,0
BRDA:93,32,1,0
BRDA:99,33,0,0
BRDA:99,33,1,0
BRDA:99,34,0,0
BRDA:99,34,1,0
BRDA:102,35,0,0
BRDA:102,35,1,0
BRDA:102,36,0,0
BRDA:102,36,1,0
BRDA:109,37,0,0
BRDA:109,37,1,0
BRDA:123,38,0,0
BRDA:123,38,1,0
BRDA:138,39,0,0
BRDA:138,39,1,0
BRDA:138,39,2,0
BRDA:138,39,3,0
BRDA:141,40,0,0
BRDA:141,40,1,0
BRDA:147,41,0,0
BRDA:147,41,1,0
BRDA:147,42,0,0
BRDA:147,42,1,0
BRDA:153,43,0,0
BRDA:153,43,1,0
BRDA:153,44,0,0
BRDA:153,44,1,0
BRF:101
BRH:0
end_of_record
TN:
SF:backend/core/attributeSpace.js
FN:2,(anonymous_0)
FN:11,(anonymous_1)
FN:28,(anonymous_2)
FN:46,(anonymous_3)
FN:53,(anonymous_4)
FN:68,(anonymous_5)
FN:76,(anonymous_6)
FNF:7
FNH:0
FNDA:0,(anonymous_0)
FNDA:0,(anonymous_1)
FNDA:0,(anonymous_2)
FNDA:0,(anonymous_3)
FNDA:0,(anonymous_4)
FNDA:0,(anonymous_5)
FNDA:0,(anonymous_6)
DA:3,0
DA:12,0
DA:13,0
DA:16,0
DA:17,0
DA:18,0
DA:20,0
DA:29,0
DA:30,0
DA:31,0
DA:32,0
DA:34,0
DA:47,0
DA:49,0
DA:50,0
DA:53,0
DA:54,0
DA:55,0
DA:57,0
DA:69,0
DA:77,0
DA:78,0
DA:79,0
DA:84,1
LF:24
LH:1
BRDA:12,0,0,0
BRDA:12,0,1,0
BRDA:16,1,0,0
BRDA:16,1,1,0
BRDA:30,2,0,0
BRDA:30,2,1,0
BRF:6
BRH:0
end_of_record
TN:
SF:backend/core/attributeSpace_evolved.js
FN:11,(anonymous_0)
FN:50,(anonymous_1)
FN:80,(anonymous_2)
FN:93,(anonymous_3)
FN:125,(anonymous_4)
FN:147,(anonymous_5)
FN:168,(anonymous_6)
FN:182,(anonymous_7)
FN:200,(anonymous_8)
FN:209,(anonymous_9)
FN:216,(anonymous_10)
FN:230,(anonymous_11)
FN:238,(anonymous_12)
FN:251,(anonymous_13)
FN:271,(anonymous_14)
FN:286,(anonymous_15)
FN:347,(anonymous_16)
FN:362,(anonymous_17)
FN:369,(anonymous_18)
FN:379,(anonymous_19)
FN:389,(anonymous_20)
FN:399,(anonymous_21)
FN:412,(anonymous_22)
FN:413,(anonymous_23)
FN:424,(anonymous_24)
FN:435,(anonymous_25)
FN:448,(anonymous_26)
FNF:27
FNH:23
FNDA:11,(anonymous_0)
FNDA:22,(anonymous_1)
FNDA:1,(anonymous_2)
FNDA:22,(anonymous_3)
FNDA:32,(anonymous_4)
FNDA:31,(anonymous_5)
FNDA:27,(anonymous_6)
FNDA:3,(anonymous_7)
FNDA:1,(anonymous_8)
FNDA:3,(anonymous_9)
FNDA:1,(anonymous_10)
FNDA:2,(anonymous_11)
FNDA:30,(anonymous_12)
FNDA:28,(anonymous_13)
FNDA:30,(anonymous_14)
FNDA:83,(anonymous_15)
FNDA:8,(anonymous_16)
FNDA:1,(anonymous_17)
FNDA:2,(anonymous_18)
FNDA:0,(anonymous_19)
FNDA:0,(anonymous_20)
FNDA:2,(anonymous_21)
FNDA:1,(anonymous_22)
FNDA:5,(anonymous_23)
FNDA:0,(anonymous_24)
FNDA:66,(anonymous_25)
FNDA:0,(anonymous_26)
DA:13,11
DA:22,11
DA:23,11
DA:26,11
DA:27,11
DA:30,11
DA:31,11
DA:34,11
DA:41,11
DA:51,22
DA:52,0
DA:55,22
DA:58,22
DA:60,22
DA:68,22
DA:69,22
DA:71,22
DA:73,22
DA:81,1
DA:82,1
DA:83,1
DA:85,0
DA:95,22
DA:96,0
DA:106,22
DA:126,32
DA:127,1
DA:128,1
DA:129,1
DA:132,31
DA:135,31
DA:137,31
DA:138,3
DA:140,28
DA:148,31
DA:169,27
DA:170,27
DA:171,0
DA:172,0
DA:173,0
DA:174,0
DA:176,0
DA:183,3
DA:186,3
DA:187,1
DA:189,1
DA:195,2
DA:199,3
DA:200,1
DA:201,1
DA:210,3
DA:217,1
DA:218,0
DA:219,0
DA:222,1
DA:223,1
DA:224,1
DA:226,1
DA:228,1
DA:230,1
DA:231,2
DA:239,30
DA:240,30
DA:242,30
DA:243,30
DA:245,30
DA:251,30
DA:252,28
DA:253,28
DA:254,28
DA:256,0
DA:261,30
DA:262,30
DA:263,27
DA:272,30
DA:274,30
DA:275,83
DA:276,28
DA:280,30
DA:288,83
DA:289,8
DA:290,8
DA:292,0
DA:293,0
DA:298,75
DA:299,0
DA:303,75
DA:304,41
DA:307,34
DA:308,0
DA:312,34
DA:313,1
DA:317,33
DA:318,5
DA:322,28
DA:323,1
DA:327,27
DA:328,4
DA:329,1
DA:332,3
DA:333,0
DA:336,3
DA:337,0
DA:341,26
DA:348,8
DA:351,8
DA:355,8
DA:356,8
DA:363,1
DA:370,2
DA:380,0
DA:390,0
DA:391,0
DA:392,0
DA:400,2
DA:413,5
DA:425,0
DA:426,0
DA:427,0
DA:428,0
DA:429,0
DA:436,66
DA:437,65
DA:438,63
DA:440,2
DA:449,0
DA:450,0
DA:451,0
DA:455,2
LF:129
LH:100
BRDA:11,0,0,1
BRDA:15,1,0,11
BRDA:15,1,1,8
BRDA:16,2,0,11
BRDA:16,2,1,8
BRDA:51,3,0,0
BRDA:51,3,1,22
BRDA:81,4,0,1
BRDA:81,4,1,0
BRDA:95,5,0,0
BRDA:95,5,1,22
BRDA:107,6,0,22
BRDA:107,6,1,17
BRDA:108,7,0,22
BRDA:108,7,1,16
BRDA:109,8,0,22
BRDA:109,8,1,20
BRDA:110,9,0,22
BRDA:110,9,1,20
BRDA:113,10,0,22
BRDA:113,10,1,17
BRDA:114,11,0,22
BRDA:114,11,1,21
BRDA:126,12,0,1
BRDA:126,12,1,31
BRDA:126,13,0,32
BRDA:126,13,1,4
BRDA:137,14,0,3
BRDA:137,14,1,28
BRDA:153,15,0,31
BRDA:153,15,1,31
BRDA:154,16,0,31
BRDA:154,16,1,27
BRDA:155,17,0,31
BRDA:155,17,1,29
BRDA:155,18,0,0
BRDA:155,18,1,29
BRDA:169,19,0,27
BRDA:169,19,1,0
BRDA:169,20,0,27
BRDA:169,20,1,27
BRDA:171,21,0,0
BRDA:171,21,1,0
BRDA:171,22,0,0
BRDA:171,22,1,0
BRDA:173,23,0,0
BRDA:173,23,1,0
BRDA:173,24,0,0
BRDA:173,24,1,0
BRDA:186,25,0,1
BRDA:186,25,1,2
BRDA:192,26,0,1
BRDA:192,26,1,0
BRDA:199,27,0,1
BRDA:199,27,1,2
BRDA:210,28,0,3
BRDA:210,28,1,0
BRDA:210,29,0,3
BRDA:210,29,1,0
BRDA:210,30,0,3
BRDA:210,30,1,0
BRDA:217,31,0,0
BRDA:217,31,1,1
BRDA:262,32,0,27
BRDA:262,32,1,3
BRDA:275,33,0,28
BRDA:275,33,1,55
BRDA:288,34,0,8
BRDA:288,34,1,75
BRDA:288,35,0,83
BRDA:288,35,1,8
BRDA:298,36,0,0
BRDA:298,36,1,75
BRDA:298,37,0,75
BRDA:298,37,1,75
BRDA:303,38,0,41
BRDA:303,38,1,34
BRDA:303,39,0,75
BRDA:303,39,1,52
BRDA:307,40,0,0
BRDA:307,40,1,34
BRDA:307,41,0,34
BRDA:307,41,1,6
BRDA:312,42,0,1
BRDA:312,42,1,33
BRDA:312,43,0,34
BRDA:312,43,1,3
BRDA:317,44,0,5
BRDA:317,44,1,28
BRDA:317,45,0,33
BRDA:317,45,1,8
BRDA:322,46,0,1
BRDA:322,46,1,27
BRDA:322,47,0,28
BRDA:322,47,1,2
BRDA:327,48,0,4
BRDA:327,48,1,23
BRDA:328,49,0,1
BRDA:328,49,1,3
BRDA:328,50,0,4
BRDA:328,50,1,2
BRDA:332,51,0,0
BRDA:332,51,1,3
BRDA:332,52,0,3
BRDA:332,52,1,0
BRDA:336,53,0,0
BRDA:336,53,1,3
BRDA:336,54,0,3
BRDA:336,54,1,0
BRDA:348,55,0,0
BRDA:348,55,1,8
BRDA:348,56,0,8
BRDA:348,56,1,8
BRDA:390,57,0,0
BRDA:390,57,1,0
BRDA:435,58,0,2
BRDA:436,59,0,65
BRDA:436,59,1,1
BRDA:437,60,0,63
BRDA:437,60,1,2
BRF:120
BRH:93
end_of_record
TN:
SF:backend/core/entityEngine.js
FN:2,(anonymous_0)
FN:15,(anonymous_1)
FN:21,(anonymous_2)
FN:41,(anonymous_3)
FN:67,(anonymous_4)
FN:82,(anonymous_5)
FN:87,(anonymous_6)
FN:100,(anonymous_7)
FN:103,(anonymous_8)
FN:115,(anonymous_9)
FNF:10
FNH:1
FNDA:1,(anonymous_0)
FNDA:0,(anonymous_1)
FNDA:0,(anonymous_2)
FNDA:0,(anonymous_3)
FNDA:0,(anonymous_4)
FNDA:0,(anonymous_5)
FNDA:0,(anonymous_6)
FNDA:0,(anonymous_7)
FNDA:0,(anonymous_8)
FNDA:0,(anonymous_9)
DA:3,1
DA:4,1
DA:5,1
DA:16,0
DA:18,0
DA:21,0
DA:22,0
DA:25,0
DA:26,0
DA:28,0
DA:29,0
DA:42,0
DA:44,0
DA:47,0
DA:48,0
DA:55,0
DA:57,0
DA:58,0
DA:68,0
DA:69,0
DA:70,0
DA:72,0
DA:73,0
DA:83,0
DA:84,0
DA:87,0
DA:89,0
DA:91,0
DA:92,0
DA:101,0
DA:103,0
DA:105,0
DA:106,0
DA:116,0
DA:121,2
LF:35
LH:4
BRDA:2,0,0,0
BRDA:15,1,0,0
BRDA:47,2,0,0
BRDA:47,2,1,0
BRDA:101,3,0,0
BRDA:101,3,1,0
BRDA:101,4,0,0
BRDA:101,4,1,0
BRDA:105,5,0,0
BRDA:105,5,1,0
BRF:10
BRH:0
end_of_record
TN:
SF:backend/core/entityEngine_evolved.js
FN:8,(anonymous_0)
FN:35,(anonymous_1)
FN:47,(anonymous_2)
FN:112,(anonymous_3)
FN:148,(anonymous_4)
FN:207,(anonymous_5)
FN:222,(anonymous_6)
FN:230,(anonymous_7)
FN:250,(anonymous_8)
FN:305,(anonymous_9)
FN:323,(anonymous_10)
FN:356,(anonymous_11)
FN:361,(anonymous_12)
FN:373,(anonymous_13)
FN:390,(anonymous_14)
FN:400,(anonymous_15)
FN:432,(anonymous_16)
FN:451,(anonymous_17)
FN:465,(anonymous_18)
FN:472,(anonymous_19)
FN:484,(anonymous_20)
FN:507,(anonymous_21)
FN:542,(anonymous_22)
FN:556,(anonymous_23)
FN:557,(anonymous_24)
FN:572,(anonymous_25)
FN:575,(anonymous_26)
FN:576,(anonymous_27)
FN:597,(anonymous_28)
FN:618,(anonymous_29)
FN:626,(anonymous_30)
FN:645,(anonymous_31)
FN:664,(anonymous_32)
FN:679,(anonymous_33)
FNF:34
FNH:1
FNDA:1,(anonymous_0)
FNDA:0,(anonymous_1)
FNDA:0,(anonymous_2)
FNDA:0,(anonymous_3)
FNDA:0,(anonymous_4)
FNDA:0,(anonymous_5)
FNDA:0,(anonymous_6)
FNDA:0,(anonymous_7)
FNDA:0,(anonymous_8)
FNDA:0,(anonymous_9)
FNDA:0,(anonymous_10)
FNDA:0,(anonymous_11)
FNDA:0,(anonymous_12)
FNDA:0,(anonymous_13)
FNDA:0,(anonymous_14)
FNDA:0,(anonymous_15)
FNDA:0,(anonymous_16)
FNDA:0,(anonymous_17)
FNDA:0,(anonymous_18)
FNDA:0,(anonymous_19)
FNDA:0,(anonymous_20)
FNDA:0,(anonymous_21)
FNDA:0,(anonymous_22)
FNDA:0,(anonymous_23)
FNDA:0,(anonymous_24)
FNDA:0,(anonymous_25)
FNDA:0,(anonymous_26)
FNDA:0,(anonymous_27)
FNDA:0,(anonymous_28)
FNDA:0,(anonymous_29)
FNDA:0,(anonymous_30)
FNDA:0,(anonymous_31)
FNDA:0,(anonymous_32)
FNDA:0,(anonymous_33)
DA:1,2
DA:9,1
DA:10,1
DA:11,1
DA:12,1
DA:15,1
DA:16,1
DA:17,1
DA:20,1
DA:21,1
DA:22,1
DA:25,1
DA:27,1
DA:36,0
DA:37,0
DA:48,0
DA:49,0
DA:52,0
DA:55,0
DA:58,0
DA:59,0
DA:60,0
DA:61,0
DA:65,0
DA:66,0
DA:67,0
DA:72,0
DA:75,0
DA:78,0
DA:79,0
DA:80,0
DA:81,0
DA:85,0
DA:87,0
DA:95,0
DA:96,0
DA:99,0
DA:100,0
DA:113,0
DA:115,0
DA:116,0
DA:117,0
DA:121,0
DA:122,0
DA:123,0
DA:127,0
DA:128,0
DA:132,0
DA:135,0
DA:136,0
DA:149,0
DA:150,0
DA:153,0
DA:154,0
DA:155,0
DA:159,0
DA:160,0
DA:161,0
DA:162,0
DA:163,0
DA:168,0
DA:170,0
DA:172,0
DA:175,0
DA:178,0
DA:179,0
DA:184,0
DA:185,0
DA:193,0
DA:196,0
DA:197,0
DA:208,0
DA:209,0
DA:212,0
DA:215,0
DA:216,0
DA:217,0
DA:221,0
DA:222,0
DA:223,0
DA:228,0
DA:229,0
DA:230,0
DA:232,0
DA:235,0
DA:236,0
DA:239,0
DA:240,0
DA:251,0
DA:252,0
DA:254,0
DA:257,0
DA:258,0
DA:260,0
DA:262,0
DA:263,0
DA:264,0
DA:265,0
DA:269,0
DA:270,0
DA:273,0
DA:278,0
DA:280,0
DA:281,0
DA:283,0
DA:286,0
DA:290,0
DA:291,0
DA:294,0
DA:295,0
DA:306,0
DA:308,0
DA:311,0
DA:314,0
DA:315,0
DA:317,0
DA:323,0
DA:324,0
DA:325,0
DA:333,0
DA:337,0
DA:338,0
DA:339,0
DA:342,0
DA:345,0
DA:347,0
DA:357,0
DA:358,0
DA:361,0
DA:362,0
DA:363,0
DA:364,0
DA:366,0
DA:367,0
DA:372,0
DA:373,0
DA:374,0
DA:375,0
DA:380,0
DA:391,0
DA:392,0
DA:393,0
DA:396,0
DA:397,0
DA:400,0
DA:402,0
DA:403,0
DA:404,0
DA:405,0
DA:411,0
DA:412,0
DA:413,0
DA:414,0
DA:418,0
DA:419,0
DA:420,0
DA:425,0
DA:426,0
DA:433,0
DA:434,0
DA:436,0
DA:437,0
DA:438,0
DA:439,0
DA:441,0
DA:445,0
DA:452,0
DA:453,0
DA:455,0
DA:456,0
DA:466,0
DA:468,0
DA:469,0
DA:472,0
DA:473,0
DA:474,0
DA:478,0
DA:485,0
DA:486,0
DA:488,0
DA:489,0
DA:490,0
DA:492,0
DA:499,0
DA:509,0
DA:510,0
DA:511,0
DA:512,0
DA:515,0
DA:520,0
DA:521,0
DA:525,0
DA:526,0
DA:535,0
DA:536,0
DA:543,0
DA:544,0
DA:547,0
DA:550,0
DA:551,0
DA:553,0
DA:554,0
DA:555,0
DA:556,0
DA:557,0
DA:561,0
DA:562,0
DA:563,0
DA:566,0
DA:573,0
DA:575,0
DA:576,0
DA:577,0
DA:578,0
DA:580,0
DA:587,0
DA:598,0
DA:599,0
DA:600,0
DA:601,0
DA:603,0
DA:605,0
DA:606,0
DA:607,0
DA:608,0
DA:610,0
DA:611,0
DA:612,0
DA:619,0
DA:620,0
DA:627,0
DA:628,0
DA:630,0
DA:631,0
DA:632,0
DA:636,0
DA:637,0
DA:638,0
DA:646,0
DA:665,0
DA:666,0
DA:672,0
DA:673,0
DA:674,0
DA:678,0
DA:679,0
DA:680,0
DA:681,0
DA:682,0
DA:688,0
DA:689,0
DA:690,0
DA:691,0
DA:692,0
DA:693,0
DA:699,0
DA:700,0
DA:701,0
DA:702,0
DA:708,0
DA:712,2
LF:261
LH:14
BRDA:8,0,0,0
BRDA:47,1,0,0
BRDA:58,2,0,0
BRDA:58,2,1,0
BRDA:60,3,0,0
BRDA:60,3,1,0
BRDA:66,4,0,0
BRDA:66,4,1,0
BRDA:66,5,0,0
BRDA:66,5,1,0
BRDA:79,6,0,0
BRDA:79,6,1,0
BRDA:85,7,0,0
BRDA:85,7,1,0
BRDA:112,8,0,0
BRDA:115,9,0,0
BRDA:115,9,1,0
BRDA:115,10,0,0
BRDA:115,10,1,0
BRDA:122,11,0,0
BRDA:122,11,1,0
BRDA:127,12,0,0
BRDA:127,12,1,0
BRDA:148,13,0,0
BRDA:154,14,0,0
BRDA:154,14,1,0
BRDA:160,15,0,0
BRDA:160,15,1,0
BRDA:160,16,0,0
BRDA:160,16,1,0
BRDA:162,17,0,0
BRDA:162,17,1,0
BRDA:162,18,0,0
BRDA:162,18,1,0
BRDA:170,19,0,0
BRDA:170,19,1,0
BRDA:178,20,0,0
BRDA:178,20,1,0
BRDA:184,21,0,0
BRDA:184,21,1,0
BRDA:207,22,0,0
BRDA:216,23,0,0
BRDA:216,23,1,0
BRDA:216,24,0,0
BRDA:216,24,1,0
BRDA:221,25,0,0
BRDA:221,25,1,0
BRDA:228,26,0,0
BRDA:228,26,1,0
BRDA:250,27,0,0
BRDA:263,28,0,0
BRDA:263,28,1,0
BRDA:270,29,0,0
BRDA:270,29,1,0
BRDA:278,30,0,0
BRDA:278,30,1,0
BRDA:305,31,0,0
BRDA:314,32,0,0
BRDA:314,32,1,0
BRDA:314,33,0,0
BRDA:314,33,1,0
BRDA:324,34,0,0
BRDA:324,34,1,0
BRDA:337,35,0,0
BRDA:337,35,1,0
BRDA:363,36,0,0
BRDA:363,36,1,0
BRDA:366,37,0,0
BRDA:366,37,1,0
BRDA:372,38,0,0
BRDA:372,38,1,0
BRDA:374,39,0,0
BRDA:374,39,1,0
BRDA:374,40,0,0
BRDA:374,40,1,0
BRDA:383,41,0,0
BRDA:383,41,1,0
BRDA:390,42,0,0
BRDA:391,43,0,0
BRDA:391,43,1,0
BRDA:391,44,0,0
BRDA:391,44,1,0
BRDA:402,45,0,0
BRDA:402,45,1,0
BRDA:402,46,0,0
BRDA:402,46,1,0
BRDA:402,46,2,0
BRDA:411,47,0,0
BRDA:411,47,1,0
BRDA:411,48,0,0
BRDA:411,48,1,0
BRDA:414,49,0,0
BRDA:414,49,1,0
BRDA:414,50,0,0
BRDA:414,50,1,0
BRDA:414,50,2,0
BRDA:438,51,0,0
BRDA:438,51,1,0
BRDA:453,52,0,0
BRDA:453,52,1,0
BRDA:453,53,0,0
BRDA:453,53,1,0
BRDA:456,54,0,0
BRDA:456,54,1,0
BRDA:468,55,0,0
BRDA:468,55,1,0
BRDA:468,56,0,0
BRDA:468,56,1,0
BRDA:473,57,0,0
BRDA:473,57,1,0
BRDA:473,58,0,0
BRDA:473,58,1,0
BRDA:486,59,0,0
BRDA:486,59,1,0
BRDA:490,60,0,0
BRDA:490,60,1,0
BRDA:512,61,0,0
BRDA:512,61,1,0
BRDA:525,62,0,0
BRDA:525,62,1,0
BRDA:542,63,0,0
BRDA:543,64,0,0
BRDA:543,64,1,0
BRDA:550,65,0,0
BRDA:550,65,1,0
BRDA:551,66,0,0
BRDA:551,66,1,0
BRDA:554,67,0,0
BRDA:554,67,1,0
BRDA:554,68,0,0
BRDA:554,68,1,0
BRDA:561,69,0,0
BRDA:561,69,1,0
BRDA:577,70,0,0
BRDA:577,70,1,0
BRDA:578,71,0,0
BRDA:578,71,1,0
BRDA:598,72,0,0
BRDA:598,72,1,0
BRDA:598,73,0,0
BRDA:598,73,1,0
BRDA:599,74,0,0
BRDA:599,74,1,0
BRDA:600,75,0,0
BRDA:600,75,1,0
BRDA:601,76,0,0
BRDA:601,76,1,0
BRDA:603,77,0,0
BRDA:603,77,1,0
BRDA:605,78,0,0
BRDA:605,78,1,0
BRDA:606,79,0,0
BRDA:606,79,1,0
BRDA:607,80,0,0
BRDA:607,80,1,0
BRDA:610,81,0,0
BRDA:610,81,1,0
BRDA:611,82,0,0
BRDA:611,82,1,0
BRDA:626,83,0,0
BRDA:627,84,0,0
BRDA:627,84,1,0
BRDA:631,85,0,0
BRDA:631,85,1,0
BRDA:672,86,0,0
BRDA:672,86,1,0
BRDA:678,87,0,0
BRDA:678,87,1,0
BRDA:680,88,0,0
BRDA:680,88,1,0
BRDA:680,89,0,0
BRDA:680,89,1,0
BRDA:688,90,0,0
BRDA:688,90,1,0
BRDA:690,91,0,0
BRDA:690,91,1,0
BRDA:691,92,0,0
BRDA:691,92,1,0
BRDA:691,93,0,0
BRDA:691,93,1,0
BRDA:700,94,0,0
BRDA:700,94,1,0
BRDA:701,95,0,0
BRDA:701,95,1,0
BRDA:701,96,0,0
BRDA:701,96,1,0
BRF:186
BRH:0
end_of_record
TN:
SF:backend/core/entitySchema.js
FN:7,(anonymous_0)
FN:49,(anonymous_1)
FN:67,(anonymous_2)
FN:78,(anonymous_3)
FN:93,(anonymous_4)
FN:109,(anonymous_5)
FN:117,(anonymous_6)
FN:126,(anonymous_7)
FN:140,(anonymous_8)
FN:153,(anonymous_9)
FN:168,(anonymous_10)
FN:190,(anonymous_11)
FN:199,(anonymous_12)
FNF:13
FNH:0
FNDA:0,(anonymous_0)
FNDA:0,(anonymous_1)
FNDA:0,(anonymous_2)
FNDA:0,(anonymous_3)
FNDA:0,(anonymous_4)
FNDA:0,(anonymous_5)
FNDA:0,(anonymous_6)
FNDA:0,(anonymous_7)
FNDA:0,(anonymous_8)
FNDA:0,(anonymous_9)
FNDA:0,(anonymous_10)
FNDA:0,(anonymous_11)
FNDA:0,(anonymous_12)
DA:1,4
DA:8,0
DA:9,0
DA:10,0
DA:11,0
DA:12,0
DA:13,0
DA:14,0
DA:17,0
DA:18,0
DA:20,0
DA:21,0
DA:22,0
DA:24,0
DA:27,0
DA:29,0
DA:30,0
DA:31,0
DA:36,0
DA:37,0
DA:50,0
DA:52,0
DA:53,0
DA:54,0
DA:56,0
DA:59,0
DA:68,0
DA:69,0
DA:70,0
DA:79,0
DA:80,0
DA:81,0
DA:82,0
DA:84,0
DA:94,0
DA:95,0
DA:98,0
DA:99,0
DA:100,0
DA:101,0
DA:110,0
DA:118,0
DA:127,0
DA:128,0
DA:129,0
DA:130,0
DA:133,0
DA:141,0
DA:142,0
DA:143,0
DA:146,0
DA:154,0
DA:155,0
DA:156,0
DA:157,0
DA:159,0
DA:169,0
DA:170,0
DA:171,0
DA:174,0
DA:191,0
DA:200,0
DA:209,0
DA:213,4
LF:64
LH:2
BRDA:10,0,0,0
BRDA:10,0,1,0
BRDA:11,1,0,0
BRDA:11,1,1,0
BRDA:12,2,0,0
BRDA:12,2,1,0
BRDA:13,3,0,0
BRDA:13,3,1,0
BRDA:14,4,0,0
BRDA:14,4,1,0
BRDA:17,5,0,0
BRDA:17,5,1,0
BRDA:18,6,0,0
BRDA:18,6,1,0
BRDA:21,7,0,0
BRDA:21,7,1,0
BRDA:27,8,0,0
BRDA:27,8,1,0
BRDA:30,9,0,0
BRDA:30,9,1,0
BRDA:52,10,0,0
BRDA:52,10,1,0
BRDA:53,11,0,0
BRDA:53,11,1,0
BRDA:80,12,0,0
BRDA:80,12,1,0
BRDA:94,13,0,0
BRDA:94,13,1,0
BRDA:110,14,0,0
BRDA:110,14,1,0
BRDA:129,15,0,0
BRDA:129,15,1,0
BRDA:142,16,0,0
BRDA:142,16,1,0
BRDA:155,17,0,0
BRDA:155,17,1,0
BRDA:155,18,0,0
BRDA:155,18,1,0
BRDA:155,18,2,0
BRDA:156,19,0,0
BRDA:156,19,1,0
BRDA:206,20,0,0
BRDA:206,20,1,0
BRF:43
BRH:0
end_of_record
TN:
SF:backend/core/relationEngine.js
FN:8,(anonymous_0)
FN:26,(anonymous_1)
FN:95,(anonymous_2)
FN:153,(anonymous_3)
FN:184,(anonymous_4)
FN:212,(anonymous_5)
FN:252,(anonymous_6)
FN:278,(anonymous_7)
FN:319,(anonymous_8)
FN:355,(anonymous_9)
FN:394,(anonymous_10)
FN:406,(anonymous_11)
FN:420,(anonymous_12)
FNF:13
FNH:1
FNDA:1,(anonymous_0)
FNDA:0,(anonymous_1)
FNDA:0,(anonymous_2)
FNDA:0,(anonymous_3)
FNDA:0,(anonymous_4)
FNDA:0,(anonymous_5)
FNDA:0,(anonymous_6)
FNDA:0,(anonymous_7)
FNDA:0,(anonymous_8)
FNDA:0,(anonymous_9)
FNDA:0,(anonymous_10)
FNDA:0,(anonymous_11)
FNDA:0,(anonymous_12)
DA:1,3
DA:9,1
DA:10,1
DA:11,1
DA:12,1
DA:13,1
DA:15,1
DA:27,0
DA:29,0
DA:30,0
DA:32,0
DA:33,0
DA:35,0
DA:36,0
DA:40,0
DA:41,0
DA:42,0
DA:47,0
DA:48,0
DA:53,0
DA:54,0
DA:56,0
DA:69,0
DA:70,0
DA:74,0
DA:77,0
DA:78,0
DA:79,0
DA:81,0
DA:82,0
DA:85,0
DA:86,0
DA:98,0
DA:114,0
DA:126,0
DA:127,0
DA:129,0
DA:130,0
DA:133,0
DA:134,0
DA:135,0
DA:138,0
DA:139,0
DA:154,0
DA:155,0
DA:156,0
DA:159,0
DA:160,0
DA:161,0
DA:163,0
DA:164,0
DA:165,0
DA:167,0
DA:168,0
DA:169,0
DA:171,0
DA:172,0
DA:173,0
DA:175,0
DA:176,0
DA:177,0
DA:180,0
DA:182,0
DA:184,0
DA:185,0
DA:186,0
DA:187,0
DA:189,0
DA:196,0
DA:197,0
DA:200,0
DA:201,0
DA:213,0
DA:215,0
DA:217,0
DA:218,0
DA:221,0
DA:222,0
DA:226,0
DA:235,0
DA:236,0
DA:237,0
DA:240,0
DA:241,0
DA:242,0
DA:243,0
DA:245,0
DA:248,0
DA:250,0
DA:252,0
DA:253,0
DA:254,0
DA:256,0
DA:263,0
DA:264,0
DA:267,0
DA:268,0
DA:279,0
DA:280,0
DA:282,0
DA:288,0
DA:294,0
DA:296,0
DA:297,0
DA:300,0
DA:303,0
DA:305,0
DA:306,0
DA:309,0
DA:310,0
DA:320,0
DA:321,0
DA:327,0
DA:328,0
DA:330,0
DA:331,0
DA:335,0
DA:336,0
DA:337,0
DA:338,0
DA:339,0
DA:342,0
DA:343,0
DA:346,0
DA:347,0
DA:356,0
DA:357,0
DA:363,0
DA:365,0
DA:366,0
DA:367,0
DA:368,0
DA:370,0
DA:376,0
DA:377,0
DA:378,0
DA:381,0
DA:384,0
DA:385,0
DA:395,0
DA:396,0
DA:398,0
DA:407,0
DA:408,0
DA:409,0
DA:410,0
DA:411,0
DA:421,0
DA:422,0
DA:423,0
DA:426,0
DA:434,3
LF:152
LH:8
BRDA:26,0,0,0
BRDA:32,1,0,0
BRDA:32,1,1,0
BRDA:35,2,0,0
BRDA:35,2,1,0
BRDA:41,3,0,0
BRDA:41,3,1,0
BRDA:47,4,0,0
BRDA:47,4,1,0
BRDA:69,5,0,0
BRDA:69,5,1,0
BRDA:129,6,0,0
BRDA:129,6,1,0
BRDA:153,7,0,0
BRDA:159,8,0,0
BRDA:159,8,1,0
BRDA:163,9,0,0
BRDA:163,9,1,0
BRDA:167,10,0,0
BRDA:167,10,1,0
BRDA:171,11,0,0
BRDA:171,11,1,0
BRDA:175,12,0,0
BRDA:175,12,1,0
BRDA:212,13,0,0
BRDA:212,14,0,0
BRDA:217,15,0,0
BRDA:217,15,1,0
BRDA:221,16,0,0
BRDA:221,16,1,0
BRDA:235,17,0,0
BRDA:235,17,1,0
BRDA:240,18,0,0
BRDA:240,18,1,0
BRDA:242,19,0,0
BRDA:242,19,1,0
BRDA:296,20,0,0
BRDA:296,20,1,0
BRDA:328,21,0,0
BRDA:328,21,1,0
BRDA:330,22,0,0
BRDA:330,22,1,0
BRDA:336,23,0,0
BRDA:336,23,1,0
BRDA:395,24,0,0
BRDA:395,24,1,0
BRDA:408,25,0,0
BRDA:408,25,1,0
BRDA:410,26,0,0
BRDA:410,26,1,0
BRDA:423,27,0,0
BRDA:423,27,1,0
BRF:52
BRH:0
end_of_record
TN:
SF:backend/core/relationSchema.js
FN:7,(anonymous_0)
FN:52,(anonymous_1)
FN:91,(anonymous_2)
FN:106,(anonymous_3)
FN:117,(anonymous_4)
FN:132,(anonymous_5)
FN:148,(anonymous_6)
FN:156,(anonymous_7)
FN:164,(anonymous_8)
FN:181,(anonymous_9)
FN:191,(anonymous_10)
FN:215,(anonymous_11)
FN:224,(anonymous_12)
FNF:13
FNH:0
FNDA:0,(anonymous_0)
FNDA:0,(anonymous_1)
FNDA:0,(anonymous_2)
FNDA:0,(anonymous_3)
FNDA:0,(anonymous_4)
FNDA:0,(anonymous_5)
FNDA:0,(anonymous_6)
FNDA:0,(anonymous_7)
FNDA:0,(anonymous_8)
FNDA:0,(anonymous_9)
FNDA:0,(anonymous_10)
FNDA:0,(anonymous_11)
FNDA:0,(anonymous_12)
DA:1,4
DA:8,0
DA:9,0
DA:10,0
DA:11,0
DA:12,0
DA:13,0
DA:14,0
DA:15,0
DA:16,0
DA:19,0
DA:20,0
DA:22,0
DA:23,0
DA:24,0
DA:26,0
DA:29,0
DA:31,0
DA:32,0
DA:33,0
DA:38,0
DA:39,0
DA:53,0
DA:56,0
DA:57,0
DA:60,0
DA:61,0
DA:65,0
DA:66,0
DA:67,0
DA:68,0
DA:70,0
DA:71,0
DA:76,0
DA:77,0
DA:78,0
DA:82,0
DA:92,0
DA:94,0
DA:95,0
DA:98,0
DA:107,0
DA:108,0
DA:109,0
DA:118,0
DA:119,0
DA:120,0
DA:121,0
DA:123,0
DA:133,0
DA:134,0
DA:137,0
DA:138,0
DA:139,0
DA:140,0
DA:149,0
DA:157,0
DA:165,0
DA:166,0
DA:167,0
DA:168,0
DA:170,0
DA:182,0
DA:183,0
DA:184,0
DA:192,0
DA:193,0
DA:194,0
DA:197,0
DA:216,0
DA:225,0
DA:236,0
DA:240,4
LF:73
LH:2
BRDA:9,0,0,0
BRDA:9,0,1,0
BRDA:10,1,0,0
BRDA:10,1,1,0
BRDA:11,2,0,0
BRDA:11,2,1,0
BRDA:13,3,0,0
BRDA:13,3,1,0
BRDA:14,4,0,0
BRDA:14,4,1,0
BRDA:15,5,0,0
BRDA:15,5,1,0
BRDA:16,6,0,0
BRDA:16,6,1,0
BRDA:19,7,0,0
BRDA:19,7,1,0
BRDA:20,8,0,0
BRDA:20,8,1,0
BRDA:23,9,0,0
BRDA:23,9,1,0
BRDA:29,10,0,0
BRDA:29,10,1,0
BRDA:32,11,0,0
BRDA:32,11,1,0
BRDA:52,12,0,0
BRDA:56,13,0,0
BRDA:56,13,1,0
BRDA:56,14,0,0
BRDA:56,14,1,0
BRDA:56,14,2,0
BRDA:60,15,0,0
BRDA:60,15,1,0
BRDA:60,16,0,0
BRDA:60,16,1,0
BRDA:60,16,2,0
BRDA:67,17,0,0
BRDA:67,17,1,0
BRDA:70,18,0,0
BRDA:70,18,1,0
BRDA:77,19,0,0
BRDA:77,19,1,0
BRDA:77,20,0,0
BRDA:77,20,1,0
BRDA:77,20,2,0
BRDA:77,20,3,0
BRDA:82,21,0,0
BRDA:82,21,1,0
BRDA:94,22,0,0
BRDA:94,22,1,0
BRDA:119,23,0,0
BRDA:119,23,1,0
BRDA:133,24,0,0
BRDA:133,24,1,0
BRDA:149,25,0,0
BRDA:149,25,1,0
BRDA:166,26,0,0
BRDA:166,26,1,0
BRDA:166,27,0,0
BRDA:166,27,1,0
BRDA:166,27,2,0
BRDA:167,28,0,0
BRDA:167,28,1,0
BRDA:182,29,0,0
BRDA:182,29,1,0
BRDA:182,29,2,0
BRDA:183,30,0,0
BRDA:183,30,1,0
BRDA:183,30,2,0
BRDA:184,31,0,0
BRDA:184,31,1,0
BRDA:233,32,0,0
BRDA:233,32,1,0
BRF:72
BRH:0
end_of_record
TN:
SF:backend/core/schemaManager.js
FN:2,(anonymous_0)
FN:13,(anonymous_1)
FN:28,(anonymous_2)
FN:37,(anonymous_3)
FNF:4
FNH:1
FNDA:1,(anonymous_0)
FNDA:0,(anonymous_1)
FNDA:0,(anonymous_2)
FNDA:0,(anonymous_3)
DA:3,1
DA:14,0
DA:15,0
DA:17,0
DA:18,0
DA:30,0
DA:38,0
DA:44,1
LF:8
LH:2
BRDA:14,0,0,0
BRDA:14,0,1,0
BRDA:17,1,0,0
BRDA:17,1,1,0
BRF:4
BRH:0
end_of_record
TN:
SF:backend/core/schemaManager_evolved.js
FN:10,(anonymous_0)
FN:22,(anonymous_1)
FN:57,(anonymous_2)
FN:96,(anonymous_3)
FN:129,(anonymous_4)
FN:138,(anonymous_5)
FN:146,(anonymous_6)
FN:154,(anonymous_7)
FN:165,(anonymous_8)
FN:184,(anonymous_9)
FN:200,(anonymous_10)
FN:217,(anonymous_11)
FN:263,(anonymous_12)
FN:298,(anonymous_13)
FN:313,(anonymous_14)
FN:326,(anonymous_15)
FN:349,(anonymous_16)
FN:372,(anonymous_17)
FN:392,(anonymous_18)
FN:412,(anonymous_19)
FN:431,(anonymous_20)
FN:451,(anonymous_21)
FN:460,(anonymous_22)
FNF:23
FNH:1
FNDA:1,(anonymous_0)
FNDA:0,(anonymous_1)
FNDA:0,(anonymous_2)
FNDA:0,(anonymous_3)
FNDA:0,(anonymous_4)
FNDA:0,(anonymous_5)
FNDA:0,(anonymous_6)
FNDA:0,(anonymous_7)
FNDA:0,(anonymous_8)
FNDA:0,(anonymous_9)
FNDA:0,(anonymous_10)
FNDA:0,(anonymous_11)
FNDA:0,(anonymous_12)
FNDA:0,(anonymous_13)
FNDA:0,(anonymous_14)
FNDA:0,(anonymous_15)
FNDA:0,(anonymous_16)
FNDA:0,(anonymous_17)
FNDA:0,(anonymous_18)
FNDA:0,(anonymous_19)
FNDA:0,(anonymous_20)
FNDA:0,(anonymous_21)
FNDA:0,(anonymous_22)
DA:1,4
DA:2,4
DA:3,4
DA:11,1
DA:12,1
DA:13,1
DA:14,1
DA:15,1
DA:16,1
DA:23,0
DA:24,0
DA:27,0
DA:28,0
DA:29,0
DA:30,0
DA:31,0
DA:35,0
DA:36,0
DA:37,0
DA:38,0
DA:39,0
DA:42,0
DA:43,0
DA:46,0
DA:47,0
DA:58,0
DA:59,0
DA:62,0
DA:65,0
DA:68,0
DA:69,0
DA:73,0
DA:76,0
DA:79,0
DA:81,0
DA:82,0
DA:85,0
DA:86,0
DA:97,0
DA:98,0
DA:101,0
DA:104,0
DA:107,0
DA:110,0
DA:113,0
DA:115,0
DA:116,0
DA:119,0
DA:120,0
DA:130,0
DA:139,0
DA:147,0
DA:155,0
DA:166,0
DA:168,0
DA:170,0
DA:173,0
DA:185,0
DA:187,0
DA:188,0
DA:191,0
DA:201,0
DA:203,0
DA:204,0
DA:218,0
DA:219,0
DA:221,0
DA:222,0
DA:223,0
DA:227,0
DA:228,0
DA:230,0
DA:233,0
DA:238,0
DA:241,0
DA:244,0
DA:246,0
DA:247,0
DA:250,0
DA:251,0
DA:265,0
DA:266,0
DA:269,0
DA:270,0
DA:274,0
DA:275,0
DA:276,0
DA:280,0
DA:281,0
DA:282,0
DA:284,0
DA:285,0
DA:287,0
DA:288,0
DA:299,0
DA:300,0
DA:303,0
DA:304,0
DA:316,0
DA:327,0
DA:336,0
DA:337,0
DA:340,0
DA:341,0
DA:350,0
DA:352,0
DA:353,0
DA:356,0
DA:357,0
DA:359,0
DA:362,0
DA:363,0
DA:365,0
DA:373,0
DA:393,0
DA:396,0
DA:397,0
DA:399,0
DA:401,0
DA:408,0
DA:411,0
DA:413,0
DA:416,0
DA:420,0
DA:432,0
DA:434,0
DA:435,0
DA:436,0
DA:437,0
DA:438,0
DA:441,0
DA:442,0
DA:452,0
DA:461,0
DA:465,4
LF:135
LH:10
BRDA:68,0,0,0
BRDA:68,0,1,0
BRDA:130,1,0,0
BRDA:130,1,1,0
BRDA:139,2,0,0
BRDA:139,2,1,0
BRDA:168,3,0,0
BRDA:168,3,1,0
BRDA:184,4,0,0
BRDA:187,5,0,0
BRDA:187,5,1,0
BRDA:203,6,0,0
BRDA:203,6,1,0
BRDA:203,7,0,0
BRDA:203,7,1,0
BRDA:203,7,2,0
BRDA:222,8,0,0
BRDA:222,8,1,0
BRDA:227,9,0,0
BRDA:227,9,1,0
BRDA:265,10,0,0
BRDA:265,10,1,0
BRDA:265,11,0,0
BRDA:265,11,1,0
BRDA:269,12,0,0
BRDA:269,12,1,0
BRDA:275,13,0,0
BRDA:275,13,1,0
BRDA:275,14,0,0
BRDA:275,14,1,0
BRDA:280,15,0,0
BRDA:280,15,1,0
BRDA:281,16,0,0
BRDA:281,16,1,0
BRDA:284,17,0,0
BRDA:284,17,1,0
BRDA:287,18,0,0
BRDA:287,18,1,0
BRDA:299,19,0,0
BRDA:299,19,1,0
BRDA:299,20,0,0
BRDA:299,20,1,0
BRDA:303,21,0,0
BRDA:303,21,1,0
BRDA:336,22,0,0
BRDA:336,22,1,0
BRDA:350,23,0,0
BRDA:350,23,1,0
BRDA:352,24,0,0
BRDA:352,24,1,0
BRDA:352,25,0,0
BRDA:352,25,1,0
BRDA:356,26,0,0
BRDA:356,26,1,0
BRDA:362,27,0,0
BRDA:362,27,1,0
BRDA:363,28,0,0
BRDA:363,28,1,0
BRDA:397,29,0,0
BRDA:397,29,1,0
BRDA:399,30,0,0
BRDA:399,30,1,0
BRDA:435,31,0,0
BRDA:435,31,1,0
BRF:64
BRH:0
end_of_record
TN:
SF:backend/dao/neo4j_dao.js
FN:5,(anonymous_0)
FN:15,(anonymous_1)
FN:30,(anonymous_2)
FN:63,(anonymous_3)
FN:93,(anonymous_4)
FN:129,(anonymous_5)
FN:139,(anonymous_6)
FN:156,(anonymous_7)
FN:169,(anonymous_8)
FN:185,(anonymous_9)
FN:212,(anonymous_10)
FN:265,(anonymous_11)
FN:289,(anonymous_12)
FN:336,(anonymous_13)
FN:396,(anonymous_14)
FN:425,(anonymous_15)
FN:451,(anonymous_16)
FN:486,(anonymous_17)
FN:556,(anonymous_18)
FN:579,(anonymous_19)
FN:588,(anonymous_20)
FN:610,(anonymous_21)
FN:667,(anonymous_22)
FN:692,(anonymous_23)
FN:720,(anonymous_24)
FN:730,(anonymous_25)
FN:753,(anonymous_26)
FN:762,(anonymous_27)
FN:786,(anonymous_28)
FNF:29
FNH:1
FNDA:4,(anonymous_0)
FNDA:0,(anonymous_1)
FNDA:0,(anonymous_2)
FNDA:0,(anonymous_3)
FNDA:0,(anonymous_4)
FNDA:0,(anonymous_5)
FNDA:0,(anonymous_6)
FNDA:0,(anonymous_7)
FNDA:0,(anonymous_8)
FNDA:0,(anonymous_9)
FNDA:0,(anonymous_10)
FNDA:0,(anonymous_11)
FNDA:0,(anonymous_12)
FNDA:0,(anonymous_13)
FNDA:0,(anonymous_14)
FNDA:0,(anonymous_15)
FNDA:0,(anonymous_16)
FNDA:0,(anonymous_17)
FNDA:0,(anonymous_18)
FNDA:0,(anonymous_19)
FNDA:0,(anonymous_20)
FNDA:0,(anonymous_21)
FNDA:0,(anonymous_22)
FNDA:0,(anonymous_23)
FNDA:0,(anonymous_24)
FNDA:0,(anonymous_25)
FNDA:0,(anonymous_26)
FNDA:0,(anonymous_27)
FNDA:0,(anonymous_28)
DA:1,4
DA:2,4
DA:6,4
DA:16,0
DA:17,0
DA:20,0
DA:22,0
DA:30,0
DA:31,0
DA:32,0
DA:33,0
DA:36,0
DA:42,0
DA:43,0
DA:45,0
DA:46,0
DA:47,0
DA:48,0
DA:51,0
DA:53,0
DA:54,0
DA:64,0
DA:69,0
DA:70,0
DA:72,0
DA:73,0
DA:74,0
DA:75,0
DA:78,0
DA:79,0
DA:81,0
DA:82,0
DA:94,0
DA:96,0
DA:102,0
DA:108,0
DA:109,0
DA:111,0
DA:112,0
DA:113,0
DA:114,0
DA:117,0
DA:119,0
DA:120,0
DA:130,0
DA:136,0
DA:137,0
DA:139,0
DA:140,0
DA:143,0
DA:144,0
DA:146,0
DA:147,0
DA:157,0
DA:166,0
DA:167,0
DA:169,0
DA:170,0
DA:173,0
DA:174,0
DA:176,0
DA:177,0
DA:186,0
DA:192,0
DA:193,0
DA:194,0
DA:195,0
DA:196,0
DA:198,0
DA:199,0
DA:213,0
DA:216,0
DA:217,0
DA:228,0
DA:238,0
DA:239,0
DA:241,0
DA:242,0
DA:245,0
DA:248,0
DA:249,0
DA:250,0
DA:251,0
DA:252,0
DA:253,0
DA:257,0
DA:260,0
DA:261,0
DA:262,0
DA:265,0
DA:268,0
DA:273,0
DA:274,0
DA:277,0
DA:278,0
DA:291,0
DA:301,0
DA:309,0
DA:311,0
DA:313,0
DA:314,0
DA:318,0
DA:320,0
DA:321,0
DA:322,0
DA:325,0
DA:326,0
DA:337,0
DA:338,0
DA:341,0
DA:342,0
DA:343,0
DA:346,0
DA:347,0
DA:348,0
DA:351,0
DA:352,0
DA:353,0
DA:356,0
DA:357,0
DA:358,0
DA:361,0
DA:362,0
DA:363,0
DA:366,0
DA:367,0
DA:368,0
DA:372,0
DA:373,0
DA:376,0
DA:382,0
DA:383,0
DA:384,0
DA:386,0
DA:397,0
DA:415,0
DA:416,0
DA:418,0
DA:419,0
DA:420,0
DA:423,0
DA:424,0
DA:425,0
DA:427,0
DA:437,0
DA:438,0
DA:441,0
DA:442,0
DA:453,0
DA:455,0
DA:457,0
DA:464,0
DA:470,0
DA:471,0
DA:474,0
DA:475,0
DA:487,0
DA:488,0
DA:491,0
DA:494,0
DA:512,0
DA:527,0
DA:529,0
DA:530,0
DA:531,0
DA:532,0
DA:534,0
DA:535,0
DA:537,0
DA:540,0
DA:543,0
DA:546,0
DA:547,0
DA:557,0
DA:564,0
DA:565,0
DA:566,0
DA:567,0
DA:568,0
DA:570,0
DA:571,0
DA:580,0
DA:586,0
DA:587,0
DA:588,0
DA:591,0
DA:592,0
DA:593,0
DA:594,0
DA:597,0
DA:598,0
DA:600,0
DA:601,0
DA:611,0
DA:612,0
DA:614,0
DA:627,0
DA:639,0
DA:640,0
DA:642,0
DA:643,0
DA:646,0
DA:649,0
DA:650,0
DA:653,0
DA:654,0
DA:657,0
DA:658,0
DA:668,0
DA:682,0
DA:683,0
DA:685,0
DA:686,0
DA:687,0
DA:690,0
DA:691,0
DA:692,0
DA:694,0
DA:706,0
DA:707,0
DA:710,0
DA:711,0
DA:721,0
DA:722,0
DA:731,0
DA:738,0
DA:739,0
DA:740,0
DA:741,0
DA:742,0
DA:744,0
DA:745,0
DA:754,0
DA:760,0
DA:761,0
DA:762,0
DA:764,0
DA:765,0
DA:766,0
DA:767,0
DA:770,0
DA:771,0
DA:773,0
DA:774,0
DA:788,0
DA:789,0
DA:793,0
DA:805,0
DA:813,0
DA:814,0
DA:815,0
DA:816,0
DA:819,0
DA:821,0
DA:822,0
DA:824,0
DA:826,0
DA:827,0
DA:832,4
LF:259
LH:4
BRDA:15,0,0,0
BRDA:45,1,0,0
BRDA:45,1,1,0
BRDA:72,2,0,0
BRDA:72,2,1,0
BRDA:111,3,0,0
BRDA:111,3,1,0
BRDA:194,4,0,0
BRDA:194,4,1,0
BRDA:233,5,0,0
BRDA:233,5,1,0
BRDA:235,6,0,0
BRDA:235,6,1,0
BRDA:241,7,0,0
BRDA:241,7,1,0
BRDA:249,8,0,0
BRDA:249,8,1,0
BRDA:250,9,0,0
BRDA:250,9,1,0
BRDA:252,10,0,0
BRDA:252,10,1,0
BRDA:304,11,0,0
BRDA:304,11,1,0
BRDA:305,12,0,0
BRDA:305,12,1,0
BRDA:306,13,0,0
BRDA:306,13,1,0
BRDA:313,14,0,0
BRDA:313,14,1,0
BRDA:341,15,0,0
BRDA:341,15,1,0
BRDA:341,16,0,0
BRDA:341,16,1,0
BRDA:346,17,0,0
BRDA:346,17,1,0
BRDA:346,18,0,0
BRDA:346,18,1,0
BRDA:351,19,0,0
BRDA:351,19,1,0
BRDA:356,20,0,0
BRDA:356,20,1,0
BRDA:361,21,0,0
BRDA:361,21,1,0
BRDA:366,22,0,0
BRDA:366,22,1,0
BRDA:372,23,0,0
BRDA:372,23,1,0
BRDA:418,24,0,0
BRDA:418,24,1,0
BRDA:433,25,0,0
BRDA:433,25,1,0
BRDA:516,26,0,0
BRDA:516,26,1,0
BRDA:517,27,0,0
BRDA:517,27,1,0
BRDA:518,28,0,0
BRDA:518,28,1,0
BRDA:519,29,0,0
BRDA:519,29,1,0
BRDA:520,30,0,0
BRDA:520,30,1,0
BRDA:521,31,0,0
BRDA:521,31,1,0
BRDA:522,32,0,0
BRDA:522,32,1,0
BRDA:523,33,0,0
BRDA:523,33,1,0
BRDA:524,34,0,0
BRDA:524,34,1,0
BRDA:529,35,0,0
BRDA:529,35,1,0
BRDA:534,36,0,0
BRDA:534,36,1,0
BRDA:566,37,0,0
BRDA:566,37,1,0
BRDA:594,38,0,0
BRDA:594,38,1,0
BRDA:630,39,0,0
BRDA:630,39,1,0
BRDA:631,40,0,0
BRDA:631,40,1,0
BRDA:632,41,0,0
BRDA:632,41,1,0
BRDA:633,42,0,0
BRDA:633,42,1,0
BRDA:634,43,0,0
BRDA:634,43,1,0
BRDA:636,44,0,0
BRDA:636,44,1,0
BRDA:642,45,0,0
BRDA:642,45,1,0
BRDA:649,46,0,0
BRDA:649,46,1,0
BRDA:685,47,0,0
BRDA:685,47,1,0
BRDA:698,48,0,0
BRDA:698,48,1,0
BRDA:699,49,0,0
BRDA:699,49,1,0
BRDA:702,50,0,0
BRDA:702,50,1,0
BRDA:740,51,0,0
BRDA:740,51,1,0
BRDA:767,52,0,0
BRDA:767,52,1,0
BRDA:786,53,0,0
BRDA:788,54,0,0
BRDA:788,54,1,0
BRDA:808,55,0,0
BRDA:808,55,1,0
BRDA:809,56,0,0
BRDA:809,56,1,0
BRDA:810,57,0,0
BRDA:810,57,1,0
BRDA:815,58,0,0
BRDA:815,58,1,0
BRF:116
BRH:0
end_of_record
TN:
SF:frontend/components/relation-editor.js
FN:14,(anonymous_0)
FN:52,(anonymous_1)
FN:63,(anonymous_2)
FN:80,(anonymous_3)
FN:83,(anonymous_4)
FN:93,(anonymous_5)
FN:100,(anonymous_6)
FN:127,(anonymous_7)
FN:152,(anonymous_8)
FN:169,(anonymous_9)
FN:199,(anonymous_10)
FN:217,(anonymous_11)
FN:230,(anonymous_12)
FN:243,(anonymous_13)
FN:264,(anonymous_14)
FN:280,(anonymous_15)
FN:333,(anonymous_16)
FN:334,(anonymous_17)
FN:335,(anonymous_18)
FN:345,(anonymous_19)
FN:357,(anonymous_20)
FN:401,(anonymous_21)
FN:445,(anonymous_22)
FN:447,(anonymous_23)
FN:448,(anonymous_24)
FN:454,(anonymous_25)
FN:460,(anonymous_26)
FN:461,(anonymous_27)
FN:473,(anonymous_28)
FN:477,(anonymous_29)
FN:538,(anonymous_30)
FN:558,(anonymous_31)
FN:568,(anonymous_32)
FN:576,(anonymous_33)
FN:633,(anonymous_34)
FN:642,(anonymous_35)
FN:1038,(anonymous_36)
FN:1056,(anonymous_37)
FN:1076,(anonymous_38)
FN:1082,(anonymous_39)
FN:1095,(anonymous_40)
FN:1132,(anonymous_41)
FN:1138,(anonymous_42)
FN:1157,(anonymous_43)
FN:1166,(anonymous_44)
FN:1168,(anonymous_45)
FN:1169,(anonymous_46)
FN:1173,(anonymous_47)
FN:1181,(anonymous_48)
FN:1192,(anonymous_49)
FN:1200,(anonymous_50)
FN:1213,(anonymous_51)
FN:1221,(anonymous_52)
FN:1222,(anonymous_53)
FN:1228,(anonymous_54)
FN:1229,(anonymous_55)
FN:1237,(anonymous_56)
FN:1244,(anonymous_57)
FN:1254,(anonymous_58)
FN:1293,(anonymous_59)
FNF:60
FNH:31
FNDA:11,(anonymous_0)
FNDA:1,(anonymous_1)
FNDA:11,(anonymous_2)
FNDA:0,(anonymous_3)
FNDA:0,(anonymous_4)
FNDA:9,(anonymous_5)
FNDA:20,(anonymous_6)
FNDA:20,(anonymous_7)
FNDA:4,(anonymous_8)
FNDA:19,(anonymous_9)
FNDA:1,(anonymous_10)
FNDA:0,(anonymous_11)
FNDA:0,(anonymous_12)
FNDA:3,(anonymous_13)
FNDA:1,(anonymous_14)
FNDA:0,(anonymous_15)
FNDA:0,(anonymous_16)
FNDA:0,(anonymous_17)
FNDA:0,(anonymous_18)
FNDA:0,(anonymous_19)
FNDA:0,(anonymous_20)
FNDA:0,(anonymous_21)
FNDA:0,(anonymous_22)
FNDA:0,(anonymous_23)
FNDA:0,(anonymous_24)
FNDA:0,(anonymous_25)
FNDA:0,(anonymous_26)
FNDA:0,(anonymous_27)
FNDA:0,(anonymous_28)
FNDA:0,(anonymous_29)
FNDA:0,(anonymous_30)
FNDA:0,(anonymous_31)
FNDA:0,(anonymous_32)
FNDA:3,(anonymous_33)
FNDA:2,(anonymous_34)
FNDA:43,(anonymous_35)
FNDA:43,(anonymous_36)
FNDA:33,(anonymous_37)
FNDA:33,(anonymous_38)
FNDA:242,(anonymous_39)
FNDA:33,(anonymous_40)
FNDA:1,(anonymous_41)
FNDA:1,(anonymous_42)
FNDA:0,(anonymous_43)
FNDA:43,(anonymous_44)
FNDA:86,(anonymous_45)
FNDA:0,(anonymous_46)
FNDA:3,(anonymous_47)
FNDA:1,(anonymous_48)
FNDA:0,(anonymous_49)
FNDA:0,(anonymous_50)
FNDA:1,(anonymous_51)
FNDA:2,(anonymous_52)
FNDA:2,(anonymous_53)
FNDA:1,(anonymous_54)
FNDA:0,(anonymous_55)
FNDA:0,(anonymous_56)
FNDA:3,(anonymous_57)
FNDA:0,(anonymous_58)
FNDA:2,(anonymous_59)
DA:15,11
DA:16,11
DA:19,11
DA:22,11
DA:23,11
DA:24,11
DA:25,11
DA:26,11
DA:29,11
DA:30,11
DA:31,11
DA:32,11
DA:33,11
DA:34,11
DA:35,11
DA:38,11
DA:45,11
DA:46,11
DA:47,11
DA:49,11
DA:53,1
DA:64,11
DA:66,11
DA:68,0
DA:69,0
DA:71,9
DA:72,9
DA:74,2
DA:75,2
DA:76,2
DA:78,2
DA:80,0
DA:81,0
DA:83,0
DA:84,0
DA:86,0
DA:87,0
DA:90,11
DA:94,9
DA:101,20
DA:102,0
DA:103,0
DA:106,20
DA:107,0
DA:108,0
DA:111,20
DA:113,20
DA:115,20
DA:116,19
DA:118,1
DA:119,1
DA:120,1
DA:128,20
DA:130,20
DA:132,20
DA:133,18
DA:137,20
DA:138,4
DA:142,19
DA:145,20
DA:153,4
DA:156,4
DA:157,3
DA:158,3
DA:161,3
DA:163,3
DA:170,19
DA:172,19
DA:186,19
DA:191,0
DA:192,0
DA:200,1
DA:201,0
DA:202,0
DA:203,0
DA:206,1
DA:208,1
DA:212,1
DA:214,1
DA:215,3
DA:216,3
DA:217,3
DA:222,1
DA:225,2
DA:230,1
DA:231,0
DA:232,0
DA:233,0
DA:234,0
DA:236,0
DA:243,3
DA:251,1
DA:252,1
DA:253,1
DA:256,0
DA:257,0
DA:265,1
DA:266,1
DA:267,1
DA:268,1
DA:272,0
DA:273,0
DA:275,0
DA:277,0
DA:278,0
DA:281,0
DA:282,0
DA:289,0
DA:290,0
DA:291,0
DA:293,0
DA:305,0
DA:306,0
DA:308,0
DA:312,0
DA:314,0
DA:317,0
DA:318,0
DA:319,0
DA:324,0
DA:325,0
DA:326,0
DA:334,0
DA:335,0
DA:336,0
DA:338,0
DA:340,0
DA:341,0
DA:342,0
DA:345,0
DA:346,0
DA:347,0
DA:358,0
DA:382,0
DA:383,0
DA:385,0
DA:386,0
DA:388,0
DA:392,0
DA:395,0
DA:402,0
DA:439,0
DA:447,0
DA:448,0
DA:449,0
DA:454,0
DA:455,0
DA:456,0
DA:460,0
DA:461,0
DA:462,0
DA:463,0
DA:464,0
DA:474,0
DA:476,0
DA:477,0
DA:478,0
DA:479,0
DA:480,0
DA:485,0
DA:486,0
DA:490,0
DA:497,0
DA:499,0
DA:502,0
DA:503,0
DA:504,0
DA:507,0
DA:509,0
DA:512,0
DA:515,0
DA:518,0
DA:520,0
DA:521,0
DA:522,0
DA:523,0
DA:524,0
DA:526,0
DA:529,0
DA:530,0
DA:531,0
DA:539,0
DA:540,0
DA:541,0
DA:545,0
DA:546,0
DA:549,0
DA:550,0
DA:551,0
DA:559,0
DA:560,0
DA:561,0
DA:562,0
DA:569,0
DA:570,0
DA:577,3
DA:578,3
DA:581,3
DA:582,0
DA:585,3
DA:586,0
DA:589,3
DA:591,2
DA:598,1
DA:603,1
DA:605,1
DA:607,1
DA:612,1
DA:617,1
DA:621,2
DA:624,1
DA:625,1
DA:626,1
DA:634,2
DA:643,43
DA:1032,43
DA:1039,43
DA:1040,10
DA:1043,33
DA:1057,33
DA:1059,22
DA:1062,22
DA:1077,33
DA:1082,242
DA:1098,33
DA:1099,4
DA:1102,4
DA:1114,29
DA:1133,1
DA:1135,1
DA:1138,1
DA:1158,0
DA:1159,0
DA:1160,0
DA:1168,43
DA:1169,86
DA:1173,43
DA:1174,3
DA:1178,43
DA:1179,43
DA:1181,29
DA:1182,1
DA:1183,1
DA:1184,1
DA:1185,1
DA:1186,1
DA:1187,1
DA:1192,29
DA:1193,0
DA:1194,0
DA:1195,0
DA:1200,29
DA:1201,0
DA:1202,0
DA:1203,0
DA:1204,0
DA:1205,0
DA:1211,43
DA:1212,43
DA:1213,33
DA:1214,1
DA:1215,1
DA:1221,43
DA:1222,2
DA:1223,2
DA:1228,43
DA:1229,1
DA:1230,0
DA:1231,0
DA:1232,0
DA:1237,43
DA:1238,0
DA:1239,0
DA:1240,0
DA:1244,43
DA:1245,3
DA:1246,0
DA:1255,0
DA:1256,0
DA:1259,0
DA:1265,0
DA:1267,0
DA:1268,0
DA:1269,0
DA:1270,0
DA:1271,0
DA:1272,0
DA:1276,0
DA:1278,0
DA:1281,0
DA:1284,0
DA:1286,0
DA:1294,2
DA:1295,2
DA:1297,2
DA:1299,1
DA:1300,1
DA:1301,1
DA:1302,1
DA:1303,1
DA:1305,1
DA:1311,1
LF:302
LH:148
BRDA:64,0,0,0
BRDA:64,0,1,11
BRDA:66,1,0,0
BRDA:66,1,1,9
BRDA:66,1,2,2
BRDA:66,1,3,0
BRDA:66,1,4,0
BRDA:66,1,5,0
BRDA:68,2,0,0
BRDA:68,2,1,0
BRDA:75,3,0,2
BRDA:75,3,1,0
BRDA:80,4,0,0
BRDA:80,4,1,0
BRDA:83,5,0,0
BRDA:83,5,1,0
BRDA:101,6,0,0
BRDA:101,6,1,20
BRDA:101,7,0,20
BRDA:101,7,1,2
BRDA:106,8,0,0
BRDA:106,8,1,20
BRDA:106,9,0,20
BRDA:106,9,1,16
BRDA:132,10,0,18
BRDA:132,10,1,2
BRDA:137,11,0,4
BRDA:137,11,1,16
BRDA:137,12,0,20
BRDA:137,12,1,4
BRDA:186,13,0,0
BRDA:186,13,1,19
BRDA:200,14,0,0
BRDA:200,14,1,1
BRDA:200,15,0,1
BRDA:200,15,1,1
BRDA:208,16,0,0
BRDA:208,16,1,1
BRDA:219,17,0,0
BRDA:219,17,1,0
BRDA:232,18,0,0
BRDA:232,18,1,0
BRDA:232,18,2,0
BRDA:232,18,3,0
BRDA:233,19,0,0
BRDA:233,19,1,0
BRDA:233,19,2,0
BRDA:234,20,0,0
BRDA:234,20,1,0
BRDA:236,21,0,0
BRDA:236,21,1,0
BRDA:236,21,2,0
BRDA:236,21,3,0
BRDA:266,22,0,1
BRDA:266,22,1,0
BRDA:273,23,0,0
BRDA:273,23,1,0
BRDA:277,24,0,0
BRDA:277,24,1,0
BRDA:281,25,0,0
BRDA:281,25,1,0
BRDA:289,26,0,0
BRDA:289,26,1,0
BRDA:289,26,2,0
BRDA:289,26,3,0
BRDA:290,27,0,0
BRDA:290,27,1,0
BRDA:290,27,2,0
BRDA:291,28,0,0
BRDA:291,28,1,0
BRDA:297,29,0,0
BRDA:297,29,1,0
BRDA:305,30,0,0
BRDA:305,30,1,0
BRDA:317,31,0,0
BRDA:317,31,1,0
BRDA:325,32,0,0
BRDA:325,32,1,0
BRDA:325,33,0,0
BRDA:325,33,1,0
BRDA:338,34,0,0
BRDA:338,34,1,0
BRDA:346,35,0,0
BRDA:346,35,1,0
BRDA:357,36,0,0
BRDA:385,37,0,0
BRDA:385,37,1,0
BRDA:439,38,0,0
BRDA:439,38,1,0
BRDA:462,39,0,0
BRDA:462,39,1,0
BRDA:478,40,0,0
BRDA:478,40,1,0
BRDA:479,41,0,0
BRDA:479,41,1,0
BRDA:485,42,0,0
BRDA:485,42,1,0
BRDA:485,43,0,0
BRDA:485,43,1,0
BRDA:491,44,0,0
BRDA:491,44,1,0
BRDA:521,45,0,0
BRDA:521,45,1,0
BRDA:540,46,0,0
BRDA:540,46,1,0
BRDA:550,47,0,0
BRDA:550,47,1,0
BRDA:581,48,0,0
BRDA:581,48,1,3
BRDA:585,49,0,0
BRDA:585,49,1,3
BRDA:589,50,0,2
BRDA:589,50,1,1
BRDA:605,51,0,1
BRDA:605,51,1,0
BRDA:1013,52,0,35
BRDA:1013,52,1,8
BRDA:1024,53,0,10
BRDA:1024,53,1,33
BRDA:1025,54,0,35
BRDA:1025,54,1,8
BRDA:1039,55,0,10
BRDA:1039,55,1,33
BRDA:1044,56,0,2
BRDA:1044,56,1,31
BRDA:1049,57,0,1
BRDA:1049,57,1,32
BRDA:1057,58,0,11
BRDA:1057,58,1,22
BRDA:1059,59,0,22
BRDA:1059,59,1,22
BRDA:1059,59,2,0
BRDA:1059,59,3,0
BRDA:1067,60,0,22
BRDA:1067,60,1,0
BRDA:1083,61,0,0
BRDA:1083,61,1,242
BRDA:1098,62,0,4
BRDA:1098,62,1,29
BRDA:1099,63,0,4
BRDA:1099,63,1,4
BRDA:1099,63,2,0
BRDA:1099,63,3,0
BRDA:1107,64,0,4
BRDA:1107,64,1,0
BRDA:1119,65,0,29
BRDA:1119,65,1,29
BRDA:1179,66,0,29
BRDA:1179,66,1,14
BRDA:1183,67,0,1
BRDA:1183,67,1,0
BRDA:1194,68,0,0
BRDA:1194,68,1,0
BRDA:1202,69,0,0
BRDA:1202,69,1,0
BRDA:1212,70,0,33
BRDA:1212,70,1,10
BRDA:1245,71,0,0
BRDA:1245,71,1,3
BRDA:1265,72,0,0
BRDA:1265,72,1,0
BRDA:1270,73,0,0
BRDA:1270,73,1,0
BRDA:1297,74,0,1
BRDA:1297,74,1,1
BRDA:1303,75,0,1
BRDA:1303,75,1,0
BRF:167
BRH:61
end_of_record
TN:
SF:frontend/components/relation-list.js
FN:14,(anonymous_0)
FN:43,(anonymous_1)
FN:56,(anonymous_2)
FN:94,(anonymous_3)
FN:103,(anonymous_4)
FN:110,(anonymous_5)
FN:113,(anonymous_6)
FN:127,(anonymous_7)
FN:136,(anonymous_8)
FN:159,(anonymous_9)
FN:212,(anonymous_10)
FN:244,(anonymous_11)
FN:270,(anonymous_12)
FN:280,(anonymous_13)
FN:285,(anonymous_14)
FN:294,(anonymous_15)
FN:518,(anonymous_16)
FN:528,(anonymous_17)
FN:540,(anonymous_18)
FN:553,(anonymous_19)
FN:559,(anonymous_20)
FN:589,(anonymous_21)
FN:601,(anonymous_22)
FN:617,(anonymous_23)
FN:619,(anonymous_24)
FN:620,(anonymous_25)
FN:627,(anonymous_26)
FN:628,(anonymous_27)
FN:638,(anonymous_28)
FN:660,(anonymous_29)
FN:674,(anonymous_30)
FNF:31
FNH:1
FNDA:0,(anonymous_0)
FNDA:1,(anonymous_1)
FNDA:0,(anonymous_2)
FNDA:0,(anonymous_3)
FNDA:0,(anonymous_4)
FNDA:0,(anonymous_5)
FNDA:0,(anonymous_6)
FNDA:0,(anonymous_7)
FNDA:0,(anonymous_8)
FNDA:0,(anonymous_9)
FNDA:0,(anonymous_10)
FNDA:0,(anonymous_11)
FNDA:0,(anonymous_12)
FNDA:0,(anonymous_13)
FNDA:0,(anonymous_14)
FNDA:0,(anonymous_15)
FNDA:0,(anonymous_16)
FNDA:0,(anonymous_17)
FNDA:0,(anonymous_18)
FNDA:0,(anonymous_19)
FNDA:0,(anonymous_20)
FNDA:0,(anonymous_21)
FNDA:0,(anonymous_22)
FNDA:0,(anonymous_23)
FNDA:0,(anonymous_24)
FNDA:0,(anonymous_25)
FNDA:0,(anonymous_26)
FNDA:0,(anonymous_27)
FNDA:0,(anonymous_28)
FNDA:0,(anonymous_29)
FNDA:0,(anonymous_30)
DA:15,0
DA:16,0
DA:19,0
DA:20,0
DA:21,0
DA:22,0
DA:23,0
DA:24,0
DA:25,0
DA:26,0
DA:29,0
DA:30,0
DA:31,0
DA:32,0
DA:35,0
DA:36,0
DA:37,0
DA:38,0
DA:40,0
DA:44,1
DA:57,0
DA:59,0
DA:61,0
DA:62,0
DA:64,0
DA:65,0
DA:67,0
DA:68,0
DA:70,0
DA:71,0
DA:73,0
DA:74,0
DA:76,0
DA:77,0
DA:79,0
DA:80,0
DA:82,0
DA:83,0
DA:87,0
DA:88,0
DA:90,0
DA:95,0
DA:96,0
DA:98,0
DA:99,0
DA:104,0
DA:111,0
DA:113,0
DA:115,0
DA:116,0
DA:117,0
DA:121,0
DA:128,0
DA:129,0
DA:137,0
DA:139,0
DA:142,0
DA:146,0
DA:147,0
DA:150,0
DA:153,0
DA:160,0
DA:161,0
DA:162,0
DA:165,0
DA:166,0
DA:167,0
DA:169,0
DA:170,0
DA:171,0
DA:173,0
DA:179,0
DA:182,0
DA:183,0
DA:184,0
DA:185,0
DA:188,0
DA:191,0
DA:192,0
DA:195,0
DA:196,0
DA:199,0
DA:200,0
DA:201,0
DA:203,0
DA:204,0
DA:205,0
DA:213,0
DA:215,0
DA:217,0
DA:218,0
DA:220,0
DA:226,0
DA:236,0
DA:237,0
DA:245,0
DA:247,0
DA:248,0
DA:251,0
DA:252,0
DA:254,0
DA:256,0
DA:262,0
DA:263,0
DA:271,0
DA:281,0
DA:282,0
DA:285,0
DA:286,0
DA:287,0
DA:295,0
DA:512,0
DA:519,0
DA:520,0
DA:522,0
DA:529,0
DA:541,0
DA:542,0
DA:545,0
DA:546,0
DA:549,0
DA:550,0
DA:553,0
DA:560,0
DA:561,0
DA:564,0
DA:567,0
DA:590,0
DA:602,0
DA:604,0
DA:619,0
DA:620,0
DA:621,0
DA:622,0
DA:627,0
DA:628,0
DA:629,0
DA:630,0
DA:639,0
DA:641,0
DA:642,0
DA:644,0
DA:645,0
DA:647,0
DA:648,0
DA:649,0
DA:651,0
DA:652,0
DA:653,0
DA:662,0
DA:676,0
DA:684,1
LF:152
LH:2
BRDA:57,0,0,0
BRDA:57,0,1,0
BRDA:59,1,0,0
BRDA:59,1,1,0
BRDA:59,1,2,0
BRDA:59,1,3,0
BRDA:59,1,4,0
BRDA:59,1,5,0
BRDA:59,1,6,0
BRDA:59,1,7,0
BRDA:64,2,0,0
BRDA:64,2,1,0
BRDA:67,3,0,0
BRDA:67,3,1,0
BRDA:70,4,0,0
BRDA:70,4,1,0
BRDA:73,5,0,0
BRDA:73,5,1,0
BRDA:87,6,0,0
BRDA:87,6,1,0
BRDA:87,7,0,0
BRDA:87,7,1,0
BRDA:98,8,0,0
BRDA:98,8,1,0
BRDA:111,9,0,0
BRDA:111,9,1,0
BRDA:111,10,0,0
BRDA:111,10,1,0
BRDA:115,11,0,0
BRDA:115,11,1,0
BRDA:128,12,0,0
BRDA:128,12,1,0
BRDA:128,13,0,0
BRDA:128,13,1,0
BRDA:137,14,0,0
BRDA:137,14,1,0
BRDA:137,15,0,0
BRDA:137,15,1,0
BRDA:142,16,0,0
BRDA:142,16,1,0
BRDA:142,17,0,0
BRDA:142,17,1,0
BRDA:146,18,0,0
BRDA:146,18,1,0
BRDA:146,19,0,0
BRDA:146,19,1,0
BRDA:160,20,0,0
BRDA:160,20,1,0
BRDA:160,21,0,0
BRDA:160,21,1,0
BRDA:182,22,0,0
BRDA:182,22,1,0
BRDA:191,23,0,0
BRDA:191,23,1,0
BRDA:212,24,0,0
BRDA:213,25,0,0
BRDA:213,25,1,0
BRDA:213,26,0,0
BRDA:213,26,1,0
BRDA:213,26,2,0
BRDA:215,27,0,0
BRDA:215,27,1,0
BRDA:215,27,2,0
BRDA:245,28,0,0
BRDA:245,28,1,0
BRDA:245,29,0,0
BRDA:245,29,1,0
BRDA:247,30,0,0
BRDA:247,30,1,0
BRDA:500,31,0,0
BRDA:500,31,1,0
BRDA:503,32,0,0
BRDA:503,32,1,0
BRDA:519,33,0,0
BRDA:519,33,1,0
BRDA:531,34,0,0
BRDA:531,34,1,0
BRDA:541,35,0,0
BRDA:541,35,1,0
BRDA:545,36,0,0
BRDA:545,36,1,0
BRDA:549,37,0,0
BRDA:549,37,1,0
BRDA:564,38,0,0
BRDA:564,38,1,0
BRDA:564,38,2,0
BRDA:564,38,3,0
BRDA:564,38,4,0
BRDA:564,38,5,0
BRDA:572,39,0,0
BRDA:572,39,1,0
BRDA:575,40,0,0
BRDA:575,40,1,0
BRDA:578,41,0,0
BRDA:578,41,1,0
BRDA:581,42,0,0
BRDA:581,42,1,0
BRDA:592,43,0,0
BRDA:592,43,1,0
BRDA:602,44,0,0
BRDA:602,44,1,0
BRDA:639,45,0,0
BRDA:639,45,1,0
BRDA:639,45,2,0
BRDA:639,45,3,0
BRF:105
BRH:0
end_of_record
TN:
SF:frontend/components/template-module-renderer.js
FN:18,(anonymous_0)
FN:47,(anonymous_1)
FN:54,(anonymous_2)
FN:59,(anonymous_3)
FN:63,(anonymous_4)
FN:80,(anonymous_5)
FN:106,(anonymous_6)
FN:123,(anonymous_7)
FN:140,(anonymous_8)
FN:155,(anonymous_9)
FN:192,(anonymous_10)
FN:223,(anonymous_11)
FN:244,(anonymous_12)
FN:267,(anonymous_13)
FN:286,(anonymous_14)
FN:300,(anonymous_15)
FN:314,(anonymous_16)
FN:326,(anonymous_17)
FN:327,(anonymous_18)
FN:331,(anonymous_19)
FN:340,(anonymous_20)
FN:343,(anonymous_21)
FN:353,(anonymous_22)
FN:368,(anonymous_23)
FN:403,(anonymous_24)
FN:408,(anonymous_25)
FN:416,(anonymous_26)
FN:448,(anonymous_27)
FN:457,(anonymous_28)
FN:465,(anonymous_29)
FN:487,(anonymous_30)
FN:498,(anonymous_31)
FN:509,(anonymous_32)
FN:522,(anonymous_33)
FN:525,(anonymous_34)
FN:536,(anonymous_35)
FN:550,(anonymous_36)
FN:551,(anonymous_37)
FN:559,(anonymous_38)
FN:569,(anonymous_39)
FN:578,(anonymous_40)
FN:588,(anonymous_41)
FN:589,(anonymous_42)
FN:610,(anonymous_43)
FN:613,(anonymous_44)
FN:629,(anonymous_45)
FN:671,(anonymous_46)
FN:691,(anonymous_47)
FN:697,(anonymous_48)
FN:706,(anonymous_49)
FN:714,(anonymous_50)
FN:732,(anonymous_51)
FN:744,(anonymous_52)
FN:760,(anonymous_53)
FN:769,(anonymous_54)
FN:776,(anonymous_55)
FN:788,(anonymous_56)
FN:816,(anonymous_57)
FN:824,(anonymous_58)
FN:826,(anonymous_59)
FN:836,(anonymous_60)
FN:841,(anonymous_61)
FN:846,(anonymous_62)
FN:850,(anonymous_63)
FN:857,(anonymous_64)
FN:882,(anonymous_65)
FN:943,(anonymous_66)
FNF:67
FNH:46
FNDA:14,(anonymous_0)
FNDA:1,(anonymous_1)
FNDA:14,(anonymous_2)
FNDA:14,(anonymous_3)
FNDA:33,(anonymous_4)
FNDA:27,(anonymous_5)
FNDA:27,(anonymous_6)
FNDA:27,(anonymous_7)
FNDA:59,(anonymous_8)
FNDA:27,(anonymous_9)
FNDA:1,(anonymous_10)
FNDA:0,(anonymous_11)
FNDA:31,(anonymous_12)
FNDA:31,(anonymous_13)
FNDA:31,(anonymous_14)
FNDA:31,(anonymous_15)
FNDA:29,(anonymous_16)
FNDA:0,(anonymous_17)
FNDA:0,(anonymous_18)
FNDA:0,(anonymous_19)
FNDA:29,(anonymous_20)
FNDA:58,(anonymous_21)
FNDA:76,(anonymous_22)
FNDA:58,(anonymous_23)
FNDA:2,(anonymous_24)
FNDA:2,(anonymous_25)
FNDA:2,(anonymous_26)
FNDA:31,(anonymous_27)
FNDA:31,(anonymous_28)
FNDA:31,(anonymous_29)
FNDA:31,(anonymous_30)
FNDA:31,(anonymous_31)
FNDA:31,(anonymous_32)
FNDA:31,(anonymous_33)
FNDA:0,(anonymous_34)
FNDA:31,(anonymous_35)
FNDA:31,(anonymous_36)
FNDA:0,(anonymous_37)
FNDA:8,(anonymous_38)
FNDA:2,(anonymous_39)
FNDA:0,(anonymous_40)
FNDA:0,(anonymous_41)
FNDA:0,(anonymous_42)
FNDA:0,(anonymous_43)
FNDA:0,(anonymous_44)
FNDA:1,(anonymous_45)
FNDA:1,(anonymous_46)
FNDA:0,(anonymous_47)
FNDA:0,(anonymous_48)
FNDA:0,(anonymous_49)
FNDA:1,(anonymous_50)
FNDA:0,(anonymous_51)
FNDA:0,(anonymous_52)
FNDA:15,(anonymous_53)
FNDA:1,(anonymous_54)
FNDA:0,(anonymous_55)
FNDA:1,(anonymous_56)
FNDA:0,(anonymous_57)
FNDA:14,(anonymous_58)
FNDA:30,(anonymous_59)
FNDA:2,(anonymous_60)
FNDA:0,(anonymous_61)
FNDA:0,(anonymous_62)
FNDA:0,(anonymous_63)
FNDA:59,(anonymous_64)
FNDA:31,(anonymous_65)
FNDA:31,(anonymous_66)
DA:19,14
DA:20,14
DA:23,14
DA:24,14
DA:25,14
DA:26,14
DA:27,14
DA:30,14
DA:31,14
DA:32,14
DA:35,14
DA:38,14
DA:41,14
DA:42,14
DA:43,14
DA:44,14
DA:48,1
DA:55,14
DA:56,14
DA:60,14
DA:64,33
DA:66,5
DA:67,0
DA:68,5
DA:69,4
DA:70,4
DA:72,1
DA:81,27
DA:82,27
DA:83,27
DA:84,27
DA:86,27
DA:91,26
DA:92,26
DA:95,1
DA:96,1
DA:97,1
DA:98,1
DA:99,1
DA:107,27
DA:108,27
DA:109,1
DA:112,26
DA:113,0
DA:116,26
DA:117,26
DA:124,27
DA:125,27
DA:126,0
DA:129,27
DA:130,0
DA:133,27
DA:134,27
DA:141,59
DA:142,27
DA:143,32
DA:144,1
DA:145,31
DA:146,31
DA:148,0
DA:156,27
DA:193,1
DA:224,0
DA:245,31
DA:246,31
DA:248,31
DA:261,31
DA:268,31
DA:269,31
DA:271,31
DA:287,31
DA:288,31
DA:290,31
DA:301,31
DA:302,29
DA:303,2
DA:304,2
DA:307,0
DA:315,29
DA:316,0
DA:318,29
DA:319,29
DA:327,0
DA:331,0
DA:341,29
DA:343,58
DA:354,76
DA:357,63
DA:358,0
DA:362,63
DA:369,58
DA:370,58
DA:371,58
DA:375,58
DA:377,8
DA:389,50
DA:404,2
DA:406,2
DA:408,2
DA:417,2
DA:418,2
DA:422,2
DA:423,0
DA:433,2
DA:449,31
DA:450,31
DA:453,31
DA:457,31
DA:466,31
DA:467,4
DA:476,27
DA:488,31
DA:499,31
DA:510,31
DA:512,31
DA:513,2
DA:516,29
DA:523,31
DA:525,0
DA:526,0
DA:530,31
DA:538,31
DA:539,31
DA:540,31
DA:541,31
DA:543,31
DA:544,31
DA:545,31
DA:546,31
DA:549,31
DA:550,31
DA:551,31
DA:552,0
DA:553,0
DA:558,31
DA:559,31
DA:560,8
DA:561,8
DA:562,8
DA:570,2
DA:571,2
DA:572,2
DA:579,0
DA:581,0
DA:582,0
DA:583,0
DA:586,0
DA:587,0
DA:588,0
DA:589,0
DA:591,0
DA:593,0
DA:594,0
DA:595,0
DA:597,0
DA:600,0
DA:602,0
DA:603,0
DA:612,0
DA:613,0
DA:614,0
DA:615,0
DA:619,0
DA:620,0
DA:621,0
DA:623,0
DA:630,1
DA:631,1
DA:632,1
DA:634,1
DA:635,0
DA:638,1
DA:640,1
DA:652,1
DA:654,1
DA:657,1
DA:663,0
DA:664,0
DA:672,1
DA:673,0
DA:676,1
DA:682,1
DA:692,0
DA:693,0
DA:694,0
DA:698,0
DA:699,0
DA:700,0
DA:702,0
DA:707,0
DA:708,0
DA:715,1
DA:718,1
DA:733,0
DA:735,0
DA:745,0
DA:746,0
DA:747,0
DA:748,0
DA:749,0
DA:750,0
DA:753,0
DA:761,15
DA:763,15
DA:764,15
DA:769,15
DA:770,1
DA:772,15
DA:775,15
DA:776,15
DA:777,0
DA:779,15
DA:782,15
DA:789,1
DA:790,1
DA:793,1
DA:794,1
DA:798,1
DA:799,1
DA:800,1
DA:804,1
DA:805,1
DA:806,0
DA:809,1
DA:817,0
DA:818,0
DA:825,14
DA:826,14
DA:827,30
DA:830,14
DA:837,2
DA:838,2
DA:842,0
DA:843,0
DA:847,0
DA:851,0
DA:858,59
DA:883,31
DA:944,31
DA:1057,1
DA:1059,1
LF:241
LH:171
BRDA:64,0,0,5
BRDA:64,0,1,28
BRDA:64,1,0,33
BRDA:64,1,1,33
BRDA:66,2,0,0
BRDA:66,2,1,5
BRDA:68,3,0,4
BRDA:68,3,1,1
BRDA:108,4,0,1
BRDA:108,4,1,26
BRDA:112,5,0,0
BRDA:112,5,1,26
BRDA:125,6,0,0
BRDA:125,6,1,27
BRDA:129,7,0,0
BRDA:129,7,1,27
BRDA:141,8,0,27
BRDA:141,8,1,32
BRDA:143,9,0,1
BRDA:143,9,1,31
BRDA:145,10,0,31
BRDA:145,10,1,0
BRDA:145,11,0,31
BRDA:145,11,1,31
BRDA:254,12,0,4
BRDA:254,12,1,27
BRDA:255,13,0,31
BRDA:255,13,1,0
BRDA:257,14,0,31
BRDA:257,14,1,0
BRDA:268,15,0,31
BRDA:268,15,1,0
BRDA:269,16,0,31
BRDA:269,16,1,31
BRDA:269,16,2,0
BRDA:277,17,0,4
BRDA:277,17,1,27
BRDA:287,18,0,31
BRDA:287,18,1,29
BRDA:301,19,0,29
BRDA:301,19,1,2
BRDA:303,20,0,2
BRDA:303,20,1,0
BRDA:315,21,0,0
BRDA:315,21,1,29
BRDA:315,22,0,29
BRDA:315,22,1,0
BRDA:354,23,0,13
BRDA:354,23,1,63
BRDA:357,24,0,0
BRDA:357,24,1,63
BRDA:358,25,0,0
BRDA:358,25,1,0
BRDA:372,26,0,58
BRDA:372,26,1,54
BRDA:375,27,0,8
BRDA:375,27,1,50
BRDA:380,28,0,8
BRDA:380,28,1,0
BRDA:392,29,0,50
BRDA:392,29,1,0
BRDA:419,30,0,2
BRDA:419,30,1,2
BRDA:422,31,0,0
BRDA:422,31,1,2
BRDA:426,32,0,0
BRDA:426,32,1,0
BRDA:436,33,0,2
BRDA:436,33,1,0
BRDA:449,34,0,31
BRDA:449,34,1,0
BRDA:450,35,0,31
BRDA:450,35,1,31
BRDA:456,36,0,31
BRDA:456,36,1,0
BRDA:466,37,0,4
BRDA:466,37,1,27
BRDA:468,38,0,0
BRDA:468,38,1,4
BRDA:469,39,0,0
BRDA:469,39,1,4
BRDA:510,40,0,31
BRDA:510,40,1,0
BRDA:512,41,0,2
BRDA:512,41,1,29
BRDA:512,42,0,31
BRDA:512,42,1,2
BRDA:516,43,0,29
BRDA:516,43,1,0
BRDA:523,44,0,0
BRDA:523,44,1,31
BRDA:523,45,0,31
BRDA:523,45,1,0
BRDA:526,46,0,0
BRDA:526,46,1,0
BRDA:530,47,0,31
BRDA:530,47,1,0
BRDA:543,48,0,27
BRDA:543,48,1,4
BRDA:544,49,0,4
BRDA:544,49,1,27
BRDA:545,50,0,4
BRDA:545,50,1,27
BRDA:546,51,0,31
BRDA:546,51,1,0
BRDA:579,52,0,0
BRDA:579,52,1,0
BRDA:614,53,0,0
BRDA:614,53,1,0
BRDA:632,54,0,0
BRDA:632,54,1,1
BRDA:634,55,0,0
BRDA:634,55,1,1
BRDA:645,56,0,1
BRDA:645,56,1,1
BRDA:648,57,0,1
BRDA:648,57,1,0
BRDA:649,58,0,1
BRDA:649,58,1,0
BRDA:672,59,0,0
BRDA:672,59,1,1
BRDA:672,60,0,1
BRDA:672,60,1,1
BRDA:677,61,0,1
BRDA:677,61,1,1
BRDA:699,62,0,0
BRDA:699,62,1,0
BRDA:747,63,0,0
BRDA:747,63,1,0
BRDA:747,64,0,0
BRDA:747,64,1,0
BRDA:761,65,0,0
BRDA:761,65,1,15
BRDA:765,66,0,15
BRDA:765,66,1,13
BRDA:775,67,0,15
BRDA:775,67,1,0
BRDA:789,68,0,1
BRDA:789,68,1,0
BRDA:789,69,0,1
BRDA:789,69,1,1
BRDA:793,70,0,1
BRDA:793,70,1,0
BRDA:799,71,0,1
BRDA:799,71,1,0
BRDA:805,72,0,0
BRDA:805,72,1,1
BRDA:805,73,0,1
BRDA:805,73,1,0
BRDA:825,74,0,14
BRDA:825,74,1,0
BRF:151
BRH:95
end_of_record
TN:
SF:frontend/services/EntityService.js
FN:12,(anonymous_0)
FN:25,(anonymous_1)
FN:70,(anonymous_2)
FN:112,(anonymous_3)
FN:135,(anonymous_4)
FN:169,(anonymous_5)
FN:191,(anonymous_6)
FN:250,(anonymous_7)
FN:292,(anonymous_8)
FN:310,(anonymous_9)
FN:326,(anonymous_10)
FN:361,(anonymous_11)
FN:372,(anonymous_12)
FN:381,(anonymous_13)
FN:390,(anonymous_14)
FN:401,(anonymous_15)
FNF:16
FNH:14
FNDA:1,(anonymous_0)
FNDA:6,(anonymous_1)
FNDA:5,(anonymous_2)
FNDA:2,(anonymous_3)
FNDA:3,(anonymous_4)
FNDA:3,(anonymous_5)
FNDA:2,(anonymous_6)
FNDA:1,(anonymous_7)
FNDA:1,(anonymous_8)
FNDA:0,(anonymous_9)
FNDA:1,(anonymous_10)
FNDA:10,(anonymous_11)
FNDA:2,(anonymous_12)
FNDA:1,(anonymous_13)
FNDA:15,(anonymous_14)
FNDA:0,(anonymous_15)
DA:13,1
DA:14,1
DA:15,1
DA:16,1
DA:26,6
DA:27,6
DA:30,6
DA:31,1
DA:32,1
DA:33,1
DA:34,1
DA:39,5
DA:40,0
DA:41,0
DA:44,5
DA:46,5
DA:47,5
DA:49,5
DA:50,5
DA:51,4
DA:52,4
DA:53,4
DA:55,5
DA:59,1
DA:60,1
DA:72,5
DA:73,2
DA:74,2
DA:75,2
DA:76,2
DA:79,2
DA:80,1
DA:81,1
DA:82,1
DA:83,1
DA:87,1
DA:92,4
DA:94,4
DA:95,1
DA:98,3
DA:100,3
DA:101,0
DA:104,3
DA:113,2
DA:114,2
DA:116,2
DA:117,0
DA:120,2
DA:122,2
DA:123,0
DA:126,2
DA:136,3
DA:137,3
DA:140,3
DA:141,1
DA:142,1
DA:143,1
DA:144,1
DA:149,2
DA:150,2
DA:151,0
DA:152,0
DA:155,2
DA:157,2
DA:158,2
DA:160,2
DA:161,2
DA:163,2
DA:169,2
DA:170,3
DA:173,2
DA:174,2
DA:176,2
DA:180,0
DA:181,0
DA:192,2
DA:193,2
DA:194,2
DA:196,2
DA:201,2
DA:202,2
DA:204,2
DA:212,2
DA:214,2
DA:215,1
DA:216,1
DA:217,1
DA:220,1
DA:222,1
DA:223,0
DA:226,1
DA:229,1
DA:230,1
DA:231,1
DA:234,1
DA:235,1
DA:238,1
DA:239,1
DA:251,1
DA:252,1
DA:254,1
DA:265,1
DA:266,0
DA:269,1
DA:271,1
DA:272,0
DA:276,1
DA:278,1
DA:279,1
DA:282,0
DA:283,0
DA:293,1
DA:294,1
DA:296,1
DA:300,1
DA:301,0
DA:305,1
DA:307,1
DA:310,1
DA:311,1
DA:315,0
DA:316,0
DA:327,1
DA:328,1
DA:330,1
DA:331,1
DA:332,1
DA:335,1
DA:337,1
DA:338,0
DA:341,1
DA:343,1
DA:344,0
DA:347,1
DA:348,1
DA:351,0
DA:352,0
DA:362,10
DA:373,2
DA:374,2
DA:375,2
DA:382,1
DA:383,1
DA:384,1
DA:391,15
DA:392,15
DA:393,15
DA:394,15
DA:402,0
DA:411,1
DA:413,1
LF:151
LH:129
BRDA:25,0,0,4
BRDA:30,1,0,1
BRDA:30,1,1,5
BRDA:30,2,0,6
BRDA:30,2,1,6
BRDA:32,3,0,1
BRDA:32,3,1,0
BRDA:39,4,0,0
BRDA:39,4,1,5
BRDA:72,5,0,2
BRDA:72,5,1,3
BRDA:75,6,0,2
BRDA:75,6,1,0
BRDA:80,7,0,1
BRDA:80,7,1,0
BRDA:82,8,0,1
BRDA:82,8,1,0
BRDA:94,9,0,1
BRDA:94,9,1,3
BRDA:100,10,0,0
BRDA:100,10,1,3
BRDA:101,11,0,0
BRDA:101,11,1,0
BRDA:116,12,0,0
BRDA:116,12,1,2
BRDA:122,13,0,0
BRDA:122,13,1,2
BRDA:123,14,0,0
BRDA:123,14,1,0
BRDA:126,15,0,2
BRDA:126,15,1,0
BRDA:135,16,0,3
BRDA:140,17,0,1
BRDA:140,17,1,2
BRDA:140,18,0,3
BRDA:140,18,1,3
BRDA:142,19,0,1
BRDA:142,19,1,0
BRDA:150,20,0,0
BRDA:150,20,1,2
BRDA:214,21,0,1
BRDA:214,21,1,1
BRDA:222,22,0,0
BRDA:222,22,1,1
BRDA:223,23,0,0
BRDA:223,23,1,0
BRDA:229,24,0,1
BRDA:229,24,1,0
BRDA:265,25,0,0
BRDA:265,25,1,1
BRDA:271,26,0,0
BRDA:271,26,1,1
BRDA:272,27,0,0
BRDA:272,27,1,0
BRDA:300,28,0,0
BRDA:300,28,1,1
BRDA:311,29,0,1
BRDA:311,29,1,0
BRDA:326,30,0,0
BRDA:331,31,0,1
BRDA:331,31,1,0
BRDA:337,32,0,0
BRDA:337,32,1,1
BRDA:343,33,0,0
BRDA:343,33,1,1
BRDA:344,34,0,0
BRDA:344,34,1,0
BRF:67
BRH:36
end_of_record
TN:
SF:frontend/services/RelationService.js
FN:12,(anonymous_0)
FN:28,(anonymous_1)
FN:32,(anonymous_2)
FN:36,(anonymous_3)
FN:40,(anonymous_4)
FN:55,(anonymous_5)
FN:71,(anonymous_6)
FN:96,(anonymous_7)
FN:116,(anonymous_8)
FN:123,(anonymous_9)
FN:129,(anonymous_10)
FN:164,(anonymous_11)
FN:212,(anonymous_12)
FN:238,(anonymous_13)
FN:249,(anonymous_14)
FN:272,(anonymous_15)
FN:279,(anonymous_16)
FN:299,(anonymous_17)
FN:320,(anonymous_18)
FN:328,(anonymous_19)
FN:336,(anonymous_20)
FN:350,(anonymous_21)
FN:363,(anonymous_22)
FN:370,(anonymous_23)
FN:378,(anonymous_24)
FN:385,(anonymous_25)
FN:392,(anonymous_26)
FN:401,(anonymous_27)
FNF:28
FNH:20
FNDA:1,(anonymous_0)
FNDA:13,(anonymous_1)
FNDA:1,(anonymous_2)
FNDA:0,(anonymous_3)
FNDA:0,(anonymous_4)
FNDA:3,(anonymous_5)
FNDA:0,(anonymous_6)
FNDA:5,(anonymous_7)
FNDA:4,(anonymous_8)
FNDA:4,(anonymous_9)
FNDA:4,(anonymous_10)
FNDA:1,(anonymous_11)
FNDA:2,(anonymous_12)
FNDA:1,(anonymous_13)
FNDA:0,(anonymous_14)
FNDA:1,(anonymous_15)
FNDA:0,(anonymous_16)
FNDA:1,(anonymous_17)
FNDA:1,(anonymous_18)
FNDA:0,(anonymous_19)
FNDA:1,(anonymous_20)
FNDA:1,(anonymous_21)
FNDA:6,(anonymous_22)
FNDA:1,(anonymous_23)
FNDA:2,(anonymous_24)
FNDA:0,(anonymous_25)
FNDA:13,(anonymous_26)
FNDA:0,(anonymous_27)
DA:13,1
DA:14,1
DA:15,1
DA:16,1
DA:19,1
DA:21,1
DA:29,13
DA:32,13
DA:33,1
DA:36,13
DA:37,0
DA:40,13
DA:41,0
DA:44,13
DA:56,3
DA:57,3
DA:70,3
DA:71,1
DA:72,1
DA:75,2
DA:78,2
DA:79,2
DA:81,2
DA:82,2
DA:85,1
DA:86,1
DA:97,5
DA:100,5
DA:101,1
DA:102,1
DA:103,1
DA:104,1
DA:109,4
DA:110,0
DA:111,0
DA:114,4
DA:115,4
DA:116,4
DA:117,4
DA:118,4
DA:122,4
DA:124,4
DA:125,0
DA:127,4
DA:130,4
DA:131,4
DA:134,4
DA:136,4
DA:139,4
DA:140,4
DA:146,4
DA:147,4
DA:150,0
DA:151,0
DA:152,0
DA:165,1
DA:168,1
DA:169,0
DA:170,0
DA:171,0
DA:172,0
DA:176,1
DA:177,1
DA:178,1
DA:179,1
DA:182,1
DA:184,1
DA:185,0
DA:188,1
DA:191,1
DA:192,1
DA:198,1
DA:199,1
DA:202,0
DA:203,0
DA:213,2
DA:214,2
DA:216,2
DA:217,1
DA:218,1
DA:220,0
DA:223,1
DA:224,1
DA:227,1
DA:228,1
DA:239,1
DA:240,1
DA:248,1
DA:249,0
DA:250,0
DA:253,1
DA:256,1
DA:258,1
DA:259,1
DA:262,0
DA:263,0
DA:273,1
DA:274,1
DA:278,1
DA:279,0
DA:280,0
DA:284,1
DA:286,1
DA:287,1
DA:290,0
DA:291,0
DA:300,1
DA:301,1
DA:303,1
DA:304,0
DA:307,1
DA:308,1
DA:311,0
DA:312,0
DA:321,1
DA:329,0
DA:337,1
DA:340,1
DA:341,1
DA:342,1
DA:343,0
DA:344,0
DA:345,0
DA:346,0
DA:350,1
DA:351,1
DA:352,1
DA:354,0
DA:364,6
DA:365,6
DA:366,1
DA:367,1
DA:370,6
DA:371,6
DA:379,2
DA:380,2
DA:381,0
DA:382,0
DA:385,2
DA:386,2
DA:393,13
DA:394,13
DA:402,0
DA:411,1
LF:144
LH:108
BRDA:55,0,0,1
BRDA:70,1,0,1
BRDA:70,1,1,2
BRDA:72,2,0,1
BRDA:72,2,1,0
BRDA:96,3,0,0
BRDA:96,4,0,5
BRDA:100,5,0,1
BRDA:100,5,1,4
BRDA:100,6,0,5
BRDA:100,6,1,5
BRDA:102,7,0,1
BRDA:102,7,1,0
BRDA:109,8,0,0
BRDA:109,8,1,4
BRDA:117,9,0,4
BRDA:117,9,1,0
BRDA:117,10,0,4
BRDA:117,10,1,4
BRDA:124,11,0,0
BRDA:124,11,1,4
BRDA:139,12,0,4
BRDA:139,12,1,0
BRDA:164,13,0,0
BRDA:164,14,0,0
BRDA:164,15,0,1
BRDA:165,16,0,1
BRDA:165,16,1,0
BRDA:168,17,0,0
BRDA:168,17,1,1
BRDA:168,18,0,1
BRDA:168,18,1,1
BRDA:170,19,0,0
BRDA:170,19,1,0
BRDA:178,20,0,1
BRDA:178,20,1,0
BRDA:184,21,0,0
BRDA:184,21,1,1
BRDA:191,22,0,1
BRDA:191,22,1,0
BRDA:216,23,0,1
BRDA:216,23,1,1
BRDA:217,24,0,1
BRDA:217,24,1,0
BRDA:248,25,0,0
BRDA:248,25,1,1
BRDA:250,26,0,0
BRDA:250,26,1,0
BRDA:278,27,0,0
BRDA:278,27,1,1
BRDA:280,28,0,0
BRDA:280,28,1,0
BRDA:303,29,0,0
BRDA:303,29,1,1
BRDA:340,30,0,1
BRDA:340,30,1,0
BRDA:340,31,0,1
BRDA:340,31,1,1
BRDA:343,32,0,0
BRDA:343,32,1,0
BRDA:343,33,0,0
BRDA:343,33,1,0
BRDA:344,34,0,0
BRDA:344,34,1,0
BRDA:345,35,0,0
BRDA:345,35,1,0
BRDA:345,36,0,0
BRDA:345,36,1,0
BRDA:366,37,0,1
BRDA:366,37,1,0
BRDA:366,38,0,1
BRDA:366,38,1,1
BRDA:381,39,0,0
BRDA:381,39,1,0
BRDA:411,40,0,1
BRDA:411,40,1,1
BRF:76
BRH:38
end_of_record
TN:
SF:frontend/services/SchemaService.js
FN:12,(anonymous_0)
FN:23,(anonymous_1)
FN:44,(anonymous_2)
FN:83,(anonymous_3)
FN:105,(anonymous_4)
FN:152,(anonymous_5)
FN:160,(anonymous_6)
FN:195,(anonymous_7)
FN:205,(anonymous_8)
FN:232,(anonymous_9)
FN:277,(anonymous_10)
FN:289,(anonymous_11)
FN:299,(anonymous_12)
FN:309,(anonymous_13)
FNF:14
FNH:14
FNDA:1,(anonymous_0)
FNDA:5,(anonymous_1)
FNDA:3,(anonymous_2)
FNDA:15,(anonymous_3)
FNDA:6,(anonymous_4)
FNDA:2,(anonymous_5)
FNDA:1,(anonymous_6)
FNDA:2,(anonymous_7)
FNDA:2,(anonymous_8)
FNDA:6,(anonymous_9)
FNDA:4,(anonymous_10)
FNDA:5,(anonymous_11)
FNDA:20,(anonymous_12)
FNDA:4,(anonymous_13)
DA:13,1
DA:14,1
DA:15,1
DA:24,5
DA:25,5
DA:28,5
DA:29,1
DA:30,1
DA:31,1
DA:32,1
DA:36,4
DA:39,4
DA:40,4
DA:41,2
DA:42,2
DA:43,2
DA:44,3
DA:45,2
DA:46,2
DA:47,2
DA:51,2
DA:55,2
DA:56,2
DA:57,1
DA:58,1
DA:59,1
DA:60,1
DA:61,1
DA:64,1
DA:68,1
DA:69,1
DA:70,1
DA:73,0
DA:74,0
DA:84,15
DA:87,13
DA:88,2
DA:92,11
DA:93,1
DA:97,10
DA:106,6
DA:108,6
DA:109,6
DA:112,6
DA:113,3
DA:114,3
DA:115,3
DA:116,3
DA:120,3
DA:122,3
DA:124,3
DA:125,1
DA:128,2
DA:130,2
DA:131,0
DA:134,2
DA:135,2
DA:137,2
DA:138,2
DA:141,1
DA:142,1
DA:153,2
DA:155,2
DA:157,2
DA:159,2
DA:160,1
DA:161,1
DA:162,1
DA:163,1
DA:168,1
DA:175,1
DA:176,1
DA:179,0
DA:182,0
DA:196,2
DA:197,2
DA:200,2
DA:201,2
DA:202,1
DA:203,1
DA:204,1
DA:205,2
DA:206,1
DA:207,1
DA:211,1
DA:215,1
DA:216,1
DA:217,1
DA:220,0
DA:221,0
DA:233,6
DA:234,6
DA:235,6
DA:238,6
DA:239,1
DA:243,6
DA:244,5
DA:246,2
DA:247,1
DA:249,2
DA:251,2
DA:252,1
DA:254,2
DA:256,0
DA:257,0
DA:259,0
DA:263,6
DA:264,6
DA:267,0
DA:268,0
DA:278,4
DA:290,5
DA:300,20
DA:301,20
DA:302,20
DA:310,4
DA:319,1
DA:321,1
LF:118
LH:106
BRDA:28,0,0,1
BRDA:28,0,1,4
BRDA:30,1,0,1
BRDA:30,1,1,0
BRDA:41,2,0,2
BRDA:41,2,1,0
BRDA:43,3,0,2
BRDA:43,3,1,0
BRDA:43,4,0,2
BRDA:43,4,1,2
BRDA:43,4,2,2
BRDA:57,5,0,1
BRDA:57,5,1,0
BRDA:84,6,0,2
BRDA:84,6,1,13
BRDA:87,7,0,2
BRDA:87,7,1,11
BRDA:88,8,0,2
BRDA:88,8,1,1
BRDA:92,9,0,1
BRDA:92,9,1,10
BRDA:92,10,0,11
BRDA:92,10,1,11
BRDA:112,11,0,3
BRDA:112,11,1,3
BRDA:114,12,0,3
BRDA:114,12,1,0
BRDA:124,13,0,1
BRDA:124,13,1,2
BRDA:130,14,0,0
BRDA:130,14,1,2
BRDA:131,15,0,0
BRDA:131,15,1,0
BRDA:159,16,0,1
BRDA:159,16,1,1
BRDA:159,17,0,2
BRDA:159,17,1,2
BRDA:161,18,0,1
BRDA:161,18,1,0
BRDA:202,19,0,1
BRDA:202,19,1,0
BRDA:204,20,0,1
BRDA:204,20,1,0
BRDA:204,21,0,1
BRDA:204,21,1,1
BRDA:238,22,0,1
BRDA:238,22,1,5
BRDA:238,23,0,6
BRDA:238,23,1,2
BRDA:238,23,2,1
BRDA:243,24,0,5
BRDA:243,24,1,1
BRDA:243,25,0,6
BRDA:243,25,1,5
BRDA:244,26,0,2
BRDA:244,26,1,2
BRDA:244,26,2,0
BRDA:246,27,0,1
BRDA:246,27,1,1
BRDA:251,28,0,1
BRDA:251,28,1,1
BRDA:256,29,0,0
BRDA:256,29,1,0
BRF:63
BRH:49
end_of_record
TN:
SF:frontend/services/WebSocketService.js
FN:12,(anonymous_0)
FN:34,(anonymous_1)
FN:43,(anonymous_2)
FN:59,(anonymous_3)
FN:60,(anonymous_4)
FN:61,(anonymous_5)
FN:62,(anonymous_6)
FN:74,(anonymous_7)
FN:83,(anonymous_8)
FN:103,(anonymous_9)
FN:120,(anonymous_10)
FN:137,(anonymous_11)
FN:148,(anonymous_12)
FN:171,(anonymous_13)
FN:188,(anonymous_14)
FN:191,(anonymous_15)
FN:213,(anonymous_16)
FN:239,(anonymous_17)
FN:258,(anonymous_18)
FN:270,(anonymous_19)
FN:284,(anonymous_20)
FN:285,(anonymous_21)
FN:293,(anonymous_22)
FN:307,(anonymous_23)
FN:316,(anonymous_24)
FN:324,(anonymous_25)
FN:335,(anonymous_26)
FN:336,(anonymous_27)
FN:348,(anonymous_28)
FN:359,(anonymous_29)
FN:373,(anonymous_30)
FN:381,(anonymous_31)
FNF:32
FNH:26
FNDA:1,(anonymous_0)
FNDA:0,(anonymous_1)
FNDA:12,(anonymous_2)
FNDA:11,(anonymous_3)
FNDA:5,(anonymous_4)
FNDA:2,(anonymous_5)
FNDA:1,(anonymous_6)
FNDA:0,(anonymous_7)
FNDA:11,(anonymous_8)
FNDA:5,(anonymous_9)
FNDA:2,(anonymous_10)
FNDA:1,(anonymous_11)
FNDA:7,(anonymous_12)
FNDA:2,(anonymous_13)
FNDA:5,(anonymous_14)
FNDA:18,(anonymous_15)
FNDA:18,(anonymous_16)
FNDA:41,(anonymous_17)
FNDA:38,(anonymous_18)
FNDA:11,(anonymous_19)
FNDA:11,(anonymous_20)
FNDA:29,(anonymous_21)
FNDA:1,(anonymous_22)
FNDA:0,(anonymous_23)
FNDA:2,(anonymous_24)
FNDA:0,(anonymous_25)
FNDA:14,(anonymous_26)
FNDA:25,(anonymous_27)
FNDA:1,(anonymous_28)
FNDA:0,(anonymous_29)
FNDA:2,(anonymous_30)
FNDA:0,(anonymous_31)
DA:13,1
DA:14,1
DA:15,1
DA:16,1
DA:17,1
DA:18,1
DA:19,1
DA:20,1
DA:21,1
DA:22,1
DA:25,1
DA:27,1
DA:35,0
DA:44,12
DA:45,12
DA:46,9
DA:47,9
DA:50,3
DA:51,3
DA:53,3
DA:54,0
DA:56,3
DA:59,11
DA:60,5
DA:61,3
DA:62,3
DA:65,0
DA:66,0
DA:75,0
DA:76,0
DA:84,11
DA:85,11
DA:86,11
DA:87,11
DA:90,11
DA:93,11
DA:96,11
DA:104,5
DA:105,5
DA:106,5
DA:109,5
DA:112,0
DA:121,2
DA:122,2
DA:125,2
DA:128,2
DA:129,1
DA:138,1
DA:139,1
DA:149,7
DA:151,7
DA:157,7
DA:160,7
DA:161,7
DA:164,7
DA:172,2
DA:173,2
DA:174,2
DA:175,2
DA:178,2
DA:179,2
DA:189,5
DA:191,5
DA:192,18
DA:193,3
DA:194,3
DA:195,3
DA:197,0
DA:202,5
DA:203,2
DA:215,18
DA:216,1
DA:220,17
DA:221,4
DA:222,4
DA:223,4
DA:227,13
DA:228,3
DA:229,3
DA:232,10
DA:240,41
DA:241,40
DA:242,40
DA:243,40
DA:245,0
DA:248,1
DA:249,1
DA:259,38
DA:271,11
DA:272,1
DA:274,1
DA:275,1
DA:276,1
DA:285,11
DA:286,29
DA:294,1
DA:295,0
DA:296,0
DA:297,0
DA:300,1
DA:301,1
DA:303,1
DA:305,1
DA:307,1
DA:308,0
DA:317,2
DA:325,0
DA:326,0
DA:327,0
DA:336,14
DA:337,25
DA:338,25
DA:340,0
DA:349,1
DA:350,1
DA:351,1
DA:360,0
DA:374,2
DA:382,0
DA:391,1
DA:393,1
LF:121
LH:102
BRDA:43,0,0,12
BRDA:45,1,0,9
BRDA:45,1,1,3
BRDA:45,2,0,12
BRDA:45,2,1,10
BRDA:50,3,0,3
BRDA:50,3,1,3
BRDA:53,4,0,0
BRDA:53,4,1,3
BRDA:75,5,0,0
BRDA:75,5,1,0
BRDA:128,6,0,1
BRDA:128,6,1,1
BRDA:128,7,0,2
BRDA:128,7,1,1
BRDA:160,8,0,7
BRDA:160,8,1,0
BRDA:173,9,0,2
BRDA:173,9,1,0
BRDA:178,10,0,2
BRDA:178,10,1,0
BRDA:192,11,0,3
BRDA:192,11,1,15
BRDA:202,12,0,2
BRDA:202,12,1,3
BRDA:215,13,0,1
BRDA:215,13,1,17
BRDA:220,14,0,4
BRDA:220,14,1,13
BRDA:227,15,0,3
BRDA:227,15,1,10
BRDA:227,16,0,13
BRDA:227,16,1,4
BRDA:227,16,2,4
BRDA:229,17,0,3
BRDA:229,17,1,2
BRDA:240,18,0,40
BRDA:240,18,1,1
BRDA:240,19,0,41
BRDA:240,19,1,40
BRDA:271,20,0,1
BRDA:271,20,1,10
BRDA:294,21,0,0
BRDA:294,21,1,1
BRDA:326,22,0,0
BRDA:326,22,1,0
BRDA:349,23,0,1
BRDA:349,23,1,0
BRDA:362,24,0,0
BRDA:362,24,1,0
BRDA:374,25,0,2
BRDA:374,25,1,1
BRDA:374,25,2,1
BRF:53
BRH:41
end_of_record
